<?xml version="1.0" encoding="UTF-8"?>
<coverage generated="1773797771826" clover="3.2.0">
  <project timestamp="1773797771826" name="All files">
    <metrics statements="913" coveredstatements="904" conditionals="778" coveredconditionals="751" methods="158" coveredmethods="158" elements="1849" coveredelements="1813" complexity="0" loc="913" ncloc="913" packages="13" files="24" classes="24"/>
    <package name="application.activities">
      <metrics statements="175" coveredstatements="171" conditionals="226" coveredconditionals="207" methods="23" coveredmethods="23"/>
      <file name="activity-payload.ts" path="/home/lucas-antunes/Desktop/educado/educado-api/src/application/activities/activity-payload.ts">
        <metrics statements="92" coveredstatements="88" conditionals="92" coveredconditionals="83" methods="15" coveredmethods="15"/>
        <line num="1" count="1" type="stmt"/>
        <line num="81" count="1" type="stmt"/>
        <line num="82" count="44" type="cond" truecount="2" falsecount="0"/>
        <line num="84" count="1" type="stmt"/>
        <line num="85" count="78" type="cond" truecount="2" falsecount="0"/>
        <line num="86" count="54" type="stmt"/>
        <line num="89" count="1" type="stmt"/>
        <line num="90" count="53" type="cond" truecount="2" falsecount="0"/>
        <line num="92" count="1" type="stmt"/>
        <line num="93" count="23" type="cond" truecount="4" falsecount="0"/>
        <line num="98" count="1" type="stmt"/>
        <line num="102" count="19" type="cond" truecount="2" falsecount="0"/>
        <line num="103" count="19" type="stmt"/>
        <line num="104" count="19" type="stmt"/>
        <line num="105" count="19" type="stmt"/>
        <line num="107" count="19" type="cond" truecount="2" falsecount="0"/>
        <line num="108" count="19" type="cond" truecount="2" falsecount="0"/>
        <line num="109" count="19" type="cond" truecount="4" falsecount="0"/>
        <line num="111" count="19" type="stmt"/>
        <line num="119" count="1" type="stmt"/>
        <line num="124" count="5" type="cond" truecount="1" falsecount="1"/>
        <line num="125" count="0" type="stmt"/>
        <line num="126" count="0" type="stmt"/>
        <line num="129" count="5" type="stmt"/>
        <line num="130" count="10" type="stmt"/>
        <line num="131" count="10" type="stmt"/>
        <line num="132" count="10" type="stmt"/>
        <line num="134" count="5" type="cond" truecount="4" falsecount="0"/>
        <line num="135" count="1" type="stmt"/>
        <line num="138" count="5" type="stmt"/>
        <line num="141" count="1" type="stmt"/>
        <line num="147" count="5" type="cond" truecount="4" falsecount="1"/>
        <line num="148" count="0" type="stmt"/>
        <line num="149" count="0" type="stmt"/>
        <line num="152" count="5" type="stmt"/>
        <line num="155" count="1" type="stmt"/>
        <line num="160" count="5" type="cond" truecount="1" falsecount="1"/>
        <line num="161" count="5" type="stmt"/>
        <line num="162" count="5" type="stmt"/>
        <line num="164" count="5" type="cond" truecount="2" falsecount="0"/>
        <line num="165" count="5" type="cond" truecount="2" falsecount="0"/>
        <line num="170" count="1" type="stmt"/>
        <line num="173" count="5" type="stmt"/>
        <line num="175" count="5" type="stmt"/>
        <line num="176" count="5" type="stmt"/>
        <line num="177" count="5" type="stmt"/>
        <line num="179" count="5" type="cond" truecount="2" falsecount="0"/>
        <line num="180" count="2" type="cond" truecount="2" falsecount="0"/>
        <line num="184" count="2" type="cond" truecount="2" falsecount="0"/>
        <line num="185" count="1" type="stmt"/>
        <line num="187" count="1" type="stmt"/>
        <line num="188" count="1" type="cond" truecount="1" falsecount="1"/>
        <line num="189" count="1" type="stmt"/>
        <line num="194" count="1" type="stmt"/>
        <line num="201" count="1" type="stmt"/>
        <line num="202" count="1" type="stmt"/>
        <line num="203" count="1" type="stmt"/>
        <line num="207" count="5" type="stmt"/>
        <line num="220" count="1" type="stmt"/>
        <line num="225" count="6" type="cond" truecount="1" falsecount="1"/>
        <line num="226" count="6" type="stmt"/>
        <line num="228" count="6" type="cond" truecount="2" falsecount="0"/>
        <line num="230" count="6" type="stmt"/>
        <line num="243" count="1" type="stmt"/>
        <line num="248" count="4" type="stmt"/>
        <line num="249" count="4" type="cond" truecount="2" falsecount="0"/>
        <line num="251" count="4" type="stmt"/>
        <line num="257" count="4" type="stmt"/>
        <line num="264" count="4" type="cond" truecount="2" falsecount="0"/>
        <line num="265" count="4" type="cond" truecount="2" falsecount="0"/>
        <line num="267" count="4" type="stmt"/>
        <line num="280" count="1" type="stmt"/>
        <line num="285" count="4" type="stmt"/>
        <line num="286" count="4" type="cond" truecount="2" falsecount="0"/>
        <line num="288" count="4" type="stmt"/>
        <line num="289" count="4" type="cond" truecount="4" falsecount="0"/>
        <line num="290" count="1" type="stmt"/>
        <line num="293" count="4" type="cond" truecount="1" falsecount="1"/>
        <line num="294" count="4" type="cond" truecount="1" falsecount="1"/>
        <line num="296" count="4" type="stmt"/>
        <line num="309" count="1" type="stmt"/>
        <line num="312" count="23" type="cond" truecount="2" falsecount="0"/>
        <line num="313" count="23" type="stmt"/>
        <line num="315" count="23" type="stmt"/>
        <line num="317" count="23" type="cond" truecount="2" falsecount="0"/>
        <line num="318" count="4" type="stmt"/>
        <line num="319" count="4" type="stmt"/>
        <line num="322" count="19" type="stmt"/>
        <line num="325" count="19" type="cond" truecount="2" falsecount="0"/>
        <line num="333" count="19" type="cond" truecount="2" falsecount="0"/>
        <line num="334" count="10" type="stmt"/>
        <line num="337" count="9" type="stmt"/>
      </file>
      <file name="activity-validation-db.ts" path="/home/lucas-antunes/Desktop/educado/educado-api/src/application/activities/activity-validation-db.ts">
        <metrics statements="83" coveredstatements="83" conditionals="134" coveredconditionals="124" methods="8" coveredmethods="8"/>
        <line num="9" count="1" type="stmt"/>
        <line num="10" count="1" type="stmt"/>
        <line num="11" count="4" type="cond" truecount="2" falsecount="0"/>
        <line num="28" count="1" type="stmt"/>
        <line num="29" count="244" type="cond" truecount="2" falsecount="0"/>
        <line num="30" count="84" type="stmt"/>
        <line num="33" count="1" type="stmt"/>
        <line num="34" count="61" type="stmt"/>
        <line num="42" count="1" type="stmt"/>
        <line num="43" count="82" type="cond" truecount="4" falsecount="0"/>
        <line num="44" count="6" type="cond" truecount="1" falsecount="1"/>
        <line num="46" count="6" type="stmt"/>
        <line num="47" count="14" type="stmt"/>
        <line num="48" count="9" type="stmt"/>
        <line num="50" count="6" type="cond" truecount="2" falsecount="0"/>
        <line num="51" count="2" type="stmt"/>
        <line num="54" count="4" type="stmt"/>
        <line num="57" count="1" type="stmt"/>
        <line num="60" count="41" type="cond" truecount="2" falsecount="0"/>
        <line num="61" count="6" type="cond" truecount="2" falsecount="0"/>
        <line num="62" count="5" type="cond" truecount="2" falsecount="0"/>
        <line num="63" count="4" type="cond" truecount="4" falsecount="0"/>
        <line num="64" count="2" type="stmt"/>
        <line num="67" count="1" type="stmt"/>
        <line num="71" count="41" type="cond" truecount="3" falsecount="1"/>
        <line num="72" count="41" type="stmt"/>
        <line num="74" count="41" type="stmt"/>
        <line num="75" count="41" type="stmt"/>
        <line num="76" count="41" type="cond" truecount="2" falsecount="0"/>
        <line num="77" count="41" type="stmt"/>
        <line num="78" count="41" type="stmt"/>
        <line num="79" count="41" type="stmt"/>
        <line num="80" count="41" type="cond" truecount="1" falsecount="1"/>
        <line num="82" count="41" type="cond" truecount="2" falsecount="0"/>
        <line num="83" count="41" type="cond" truecount="1" falsecount="1"/>
        <line num="85" count="41" type="stmt"/>
        <line num="86" count="41" type="stmt"/>
        <line num="87" count="41" type="stmt"/>
        <line num="89" count="41" type="cond" truecount="4" falsecount="0"/>
        <line num="90" count="38" type="cond" truecount="2" falsecount="0"/>
        <line num="93" count="41" type="cond" truecount="4" falsecount="0"/>
        <line num="94" count="38" type="cond" truecount="2" falsecount="0"/>
        <line num="97" count="41" type="cond" truecount="4" falsecount="0"/>
        <line num="98" count="39" type="cond" truecount="2" falsecount="0"/>
        <line num="101" count="41" type="cond" truecount="4" falsecount="0"/>
        <line num="102" count="38" type="cond" truecount="5" falsecount="0"/>
        <line num="103" count="4" type="stmt"/>
        <line num="107" count="41" type="cond" truecount="5" falsecount="0"/>
        <line num="108" count="1" type="stmt"/>
        <line num="111" count="41" type="cond" truecount="4" falsecount="0"/>
        <line num="112" count="4" type="cond" truecount="2" falsecount="0"/>
        <line num="117" count="2" type="stmt"/>
        <line num="121" count="41" type="cond" truecount="2" falsecount="0"/>
        <line num="126" count="1" type="stmt"/>
        <line num="129" count="41" type="cond" truecount="5" falsecount="0"/>
        <line num="130" count="1" type="stmt"/>
        <line num="133" count="41" type="cond" truecount="4" falsecount="0"/>
        <line num="134" count="2" type="stmt"/>
        <line num="137" count="41" type="cond" truecount="2" falsecount="0"/>
        <line num="138" count="5" type="cond" truecount="4" falsecount="0"/>
        <line num="139" count="1" type="stmt"/>
        <line num="143" count="41" type="cond" truecount="2" falsecount="0"/>
        <line num="144" count="17" type="stmt"/>
        <line num="147" count="24" type="stmt"/>
        <line num="149" count="24" type="cond" truecount="2" falsecount="0"/>
        <line num="150" count="22" type="stmt"/>
        <line num="151" count="22" type="cond" truecount="1" falsecount="1"/>
        <line num="152" count="22" type="cond" truecount="1" falsecount="1"/>
        <line num="153" count="22" type="stmt"/>
        <line num="155" count="2" type="cond" truecount="1" falsecount="1"/>
        <line num="156" count="2" type="cond" truecount="1" falsecount="1"/>
        <line num="157" count="2" type="cond" truecount="1" falsecount="1"/>
        <line num="158" count="2" type="cond" truecount="1" falsecount="1"/>
        <line num="161" count="24" type="cond" truecount="2" falsecount="0"/>
        <line num="162" count="24" type="cond" truecount="2" falsecount="0"/>
        <line num="163" count="3" type="stmt"/>
        <line num="166" count="24" type="cond" truecount="2" falsecount="0"/>
        <line num="167" count="24" type="cond" truecount="2" falsecount="0"/>
        <line num="168" count="24" type="cond" truecount="2" falsecount="0"/>
        <line num="169" count="24" type="cond" truecount="2" falsecount="0"/>
        <line num="170" count="24" type="cond" truecount="2" falsecount="0"/>
        <line num="171" count="24" type="cond" truecount="2" falsecount="0"/>
        <line num="173" count="24" type="stmt"/>
      </file>
    </package>
    <package name="application.common">
      <metrics statements="4" coveredstatements="4" conditionals="4" coveredconditionals="4" methods="1" coveredmethods="1"/>
      <file name="app-error.ts" path="/home/lucas-antunes/Desktop/educado/educado-api/src/application/common/app-error.ts">
        <metrics statements="4" coveredstatements="4" conditionals="4" coveredconditionals="4" methods="1" coveredmethods="1"/>
        <line num="1" count="6" type="stmt"/>
        <line num="6" count="78" type="cond" truecount="4" falsecount="0"/>
        <line num="7" count="78" type="stmt"/>
        <line num="8" count="78" type="stmt"/>
      </file>
    </package>
    <package name="application.courses">
      <metrics statements="111" coveredstatements="109" conditionals="134" coveredconditionals="131" methods="16" coveredmethods="16"/>
      <file name="course-access-service.ts" path="/home/lucas-antunes/Desktop/educado/educado-api/src/application/courses/course-access-service.ts">
        <metrics statements="45" coveredstatements="43" conditionals="33" coveredconditionals="31" methods="7" coveredmethods="7"/>
        <line num="1" count="1" type="stmt"/>
        <line num="2" count="1" type="stmt"/>
        <line num="3" count="1" type="stmt"/>
        <line num="21" count="1" type="stmt"/>
        <line num="22" count="16" type="cond" truecount="2" falsecount="0"/>
        <line num="23" count="1" type="stmt"/>
        <line num="24" count="1" type="cond" truecount="1" falsecount="1"/>
        <line num="27" count="1" type="stmt"/>
        <line num="28" count="4" type="cond" truecount="2" falsecount="0"/>
        <line num="29" count="3" type="cond" truecount="2" falsecount="0"/>
        <line num="30" count="2" type="stmt"/>
        <line num="33" count="1" type="stmt"/>
        <line num="36" count="13" type="cond" truecount="2" falsecount="0"/>
        <line num="41" count="4" type="stmt"/>
        <line num="44" count="9" type="stmt"/>
        <line num="47" count="1" type="stmt"/>
        <line num="51" count="8" type="stmt"/>
        <line num="53" count="8" type="cond" truecount="2" falsecount="0"/>
        <line num="54" count="1" type="stmt"/>
        <line num="57" count="8" type="cond" truecount="2" falsecount="0"/>
        <line num="58" count="1" type="stmt"/>
        <line num="59" count="7" type="cond" truecount="2" falsecount="0"/>
        <line num="60" count="1" type="stmt"/>
        <line num="63" count="8" type="stmt"/>
        <line num="64" count="8" type="cond" truecount="2" falsecount="0"/>
        <line num="65" count="1" type="stmt"/>
        <line num="68" count="8" type="stmt"/>
        <line num="69" count="8" type="cond" truecount="2" falsecount="0"/>
        <line num="70" count="1" type="stmt"/>
        <line num="73" count="8" type="stmt"/>
        <line num="74" count="8" type="cond" truecount="1" falsecount="1"/>
        <line num="75" count="0" type="stmt"/>
        <line num="83" count="0" type="stmt"/>
        <line num="86" count="8" type="stmt"/>
        <line num="89" count="1" type="stmt"/>
        <line num="93" count="4" type="stmt"/>
        <line num="94" count="4" type="stmt"/>
        <line num="96" count="4" type="cond" truecount="2" falsecount="0"/>
        <line num="97" count="1" type="stmt"/>
        <line num="100" count="3" type="cond" truecount="4" falsecount="0"/>
        <line num="101" count="1" type="stmt"/>
        <line num="104" count="2" type="stmt"/>
        <line num="107" count="1" type="stmt"/>
        <line num="108" count="3" type="cond" truecount="2" falsecount="0"/>
        <line num="109" count="2" type="stmt"/>
      </file>
      <file name="course-validation.ts" path="/home/lucas-antunes/Desktop/educado/educado-api/src/application/courses/course-validation.ts">
        <metrics statements="66" coveredstatements="66" conditionals="101" coveredconditionals="100" methods="9" coveredmethods="9"/>
        <line num="4" count="1" type="stmt"/>
        <line num="5" count="1" type="stmt"/>
        <line num="6" count="33" type="cond" truecount="2" falsecount="0"/>
        <line num="21" count="1" type="stmt"/>
        <line num="22" count="259" type="cond" truecount="2" falsecount="0"/>
        <line num="23" count="240" type="stmt"/>
        <line num="26" count="1" type="stmt"/>
        <line num="27" count="37" type="cond" truecount="2" falsecount="0"/>
        <line num="29" count="33" type="stmt"/>
        <line num="30" count="101" type="stmt"/>
        <line num="31" count="101" type="stmt"/>
        <line num="32" count="101" type="stmt"/>
        <line num="34" count="33" type="stmt"/>
        <line num="37" count="1" type="stmt"/>
        <line num="38" count="37" type="cond" truecount="2" falsecount="0"/>
        <line num="39" count="3" type="cond" truecount="2" falsecount="0"/>
        <line num="40" count="2" type="cond" truecount="4" falsecount="0"/>
        <line num="41" count="1" type="stmt"/>
        <line num="44" count="1" type="stmt"/>
        <line num="45" count="54" type="stmt"/>
        <line num="50" count="1" type="stmt"/>
        <line num="54" count="37" type="cond" truecount="3" falsecount="1"/>
        <line num="55" count="37" type="stmt"/>
        <line num="57" count="37" type="stmt"/>
        <line num="58" count="37" type="stmt"/>
        <line num="59" count="37" type="stmt"/>
        <line num="60" count="37" type="stmt"/>
        <line num="61" count="37" type="stmt"/>
        <line num="62" count="37" type="stmt"/>
        <line num="63" count="37" type="stmt"/>
        <line num="65" count="37" type="stmt"/>
        <line num="67" count="37" type="cond" truecount="4" falsecount="0"/>
        <line num="72" count="37" type="stmt"/>
        <line num="73" count="37" type="stmt"/>
        <line num="75" count="37" type="cond" truecount="4" falsecount="0"/>
        <line num="76" count="36" type="cond" truecount="2" falsecount="0"/>
        <line num="79" count="37" type="cond" truecount="4" falsecount="0"/>
        <line num="80" count="34" type="cond" truecount="2" falsecount="0"/>
        <line num="83" count="37" type="cond" truecount="4" falsecount="0"/>
        <line num="84" count="34" type="cond" truecount="2" falsecount="0"/>
        <line num="85" count="1" type="stmt"/>
        <line num="89" count="37" type="cond" truecount="4" falsecount="0"/>
        <line num="90" count="34" type="cond" truecount="2" falsecount="0"/>
        <line num="91" count="1" type="stmt"/>
        <line num="92" count="33" type="cond" truecount="2" falsecount="0"/>
        <line num="93" count="1" type="stmt"/>
        <line num="97" count="37" type="cond" truecount="4" falsecount="0"/>
        <line num="98" count="34" type="cond" truecount="2" falsecount="0"/>
        <line num="101" count="37" type="cond" truecount="4" falsecount="0"/>
        <line num="102" count="34" type="cond" truecount="2" falsecount="0"/>
        <line num="105" count="37" type="cond" truecount="4" falsecount="0"/>
        <line num="106" count="34" type="cond" truecount="2" falsecount="0"/>
        <line num="111" count="4" type="stmt"/>
        <line num="115" count="37" type="cond" truecount="4" falsecount="0"/>
        <line num="116" count="34" type="cond" truecount="2" falsecount="0"/>
        <line num="119" count="37" type="cond" truecount="4" falsecount="0"/>
        <line num="120" count="34" type="cond" truecount="2" falsecount="0"/>
        <line num="121" count="1" type="stmt"/>
        <line num="122" count="33" type="cond" truecount="2" falsecount="0"/>
        <line num="123" count="1" type="stmt"/>
        <line num="127" count="37" type="cond" truecount="4" falsecount="0"/>
        <line num="128" count="1" type="stmt"/>
        <line num="131" count="37" type="cond" truecount="2" falsecount="0"/>
        <line num="132" count="17" type="stmt"/>
        <line num="135" count="20" type="cond" truecount="2" falsecount="0"/>
        <line num="139" count="20" type="stmt"/>
      </file>
    </package>
    <package name="application.email">
      <metrics statements="3" coveredstatements="3" conditionals="0" coveredconditionals="0" methods="1" coveredmethods="1"/>
      <file name="email-service.ts" path="/home/lucas-antunes/Desktop/educado/educado-api/src/application/email/email-service.ts">
        <metrics statements="3" coveredstatements="3" conditionals="0" coveredconditionals="0" methods="1" coveredmethods="1"/>
        <line num="1" count="1" type="stmt"/>
        <line num="7" count="1" type="stmt"/>
        <line num="9" count="2" type="stmt"/>
      </file>
    </package>
    <package name="application.email.templates">
      <metrics statements="12" coveredstatements="12" conditionals="18" coveredconditionals="18" methods="3" coveredmethods="3"/>
      <file name="email-verification-code.ts" path="/home/lucas-antunes/Desktop/educado/educado-api/src/application/email/templates/email-verification-code.ts">
        <metrics statements="4" coveredstatements="4" conditionals="6" coveredconditionals="6" methods="1" coveredmethods="1"/>
        <line num="6" count="2" type="stmt"/>
        <line num="10" count="8" type="cond" truecount="4" falsecount="0"/>
        <line num="11" count="8" type="cond" truecount="2" falsecount="0"/>
        <line num="13" count="8" type="stmt"/>
      </file>
      <file name="password-reset-code.ts" path="/home/lucas-antunes/Desktop/educado/educado-api/src/application/email/templates/password-reset-code.ts">
        <metrics statements="4" coveredstatements="4" conditionals="6" coveredconditionals="6" methods="1" coveredmethods="1"/>
        <line num="6" count="1" type="stmt"/>
        <line num="10" count="6" type="cond" truecount="4" falsecount="0"/>
        <line num="11" count="6" type="cond" truecount="2" falsecount="0"/>
        <line num="13" count="6" type="stmt"/>
      </file>
      <file name="registration-approved.ts" path="/home/lucas-antunes/Desktop/educado/educado-api/src/application/email/templates/registration-approved.ts">
        <metrics statements="4" coveredstatements="4" conditionals="6" coveredconditionals="6" methods="1" coveredmethods="1"/>
        <line num="5" count="2" type="stmt"/>
        <line num="8" count="7" type="cond" truecount="4" falsecount="0"/>
        <line num="9" count="7" type="cond" truecount="2" falsecount="0"/>
        <line num="11" count="7" type="stmt"/>
      </file>
    </package>
    <package name="application.institutions">
      <metrics statements="58" coveredstatements="58" conditionals="72" coveredconditionals="72" methods="3" coveredmethods="3"/>
      <file name="institution-validation.ts" path="/home/lucas-antunes/Desktop/educado/educado-api/src/application/institutions/institution-validation.ts">
        <metrics statements="58" coveredstatements="58" conditionals="72" coveredconditionals="72" methods="3" coveredmethods="3"/>
        <line num="17" count="1" type="stmt"/>
        <line num="19" count="1" type="stmt"/>
        <line num="20" count="60" type="cond" truecount="2" falsecount="0"/>
        <line num="21" count="32" type="stmt"/>
        <line num="24" count="1" type="stmt"/>
        <line num="25" count="40" type="stmt"/>
        <line num="28" count="1" type="stmt"/>
        <line num="35" count="20" type="cond" truecount="4" falsecount="0"/>
        <line num="37" count="20" type="stmt"/>
        <line num="38" count="20" type="stmt"/>
        <line num="39" count="20" type="stmt"/>
        <line num="40" count="20" type="stmt"/>
        <line num="42" count="20" type="stmt"/>
        <line num="43" count="20" type="stmt"/>
        <line num="44" count="20" type="stmt"/>
        <line num="46" count="20" type="cond" truecount="2" falsecount="0"/>
        <line num="47" count="20" type="cond" truecount="2" falsecount="0"/>
        <line num="49" count="20" type="stmt"/>
        <line num="51" count="20" type="cond" truecount="4" falsecount="0"/>
        <line num="52" count="14" type="cond" truecount="2" falsecount="0"/>
        <line num="53" count="3" type="stmt"/>
        <line num="57" count="20" type="cond" truecount="4" falsecount="0"/>
        <line num="58" count="14" type="cond" truecount="2" falsecount="0"/>
        <line num="59" count="2" type="stmt"/>
        <line num="60" count="12" type="cond" truecount="2" falsecount="0"/>
        <line num="61" count="2" type="stmt"/>
        <line num="65" count="20" type="cond" truecount="4" falsecount="0"/>
        <line num="66" count="14" type="cond" truecount="2" falsecount="0"/>
        <line num="70" count="1" type="stmt"/>
        <line num="71" count="13" type="cond" truecount="4" falsecount="0"/>
        <line num="72" count="1" type="stmt"/>
        <line num="76" count="20" type="cond" truecount="2" falsecount="0"/>
        <line num="81" count="1" type="stmt"/>
        <line num="84" count="20" type="cond" truecount="2" falsecount="0"/>
        <line num="85" count="20" type="cond" truecount="2" falsecount="0"/>
        <line num="87" count="20" type="cond" truecount="2" falsecount="0"/>
        <line num="92" count="1" type="stmt"/>
        <line num="95" count="20" type="cond" truecount="2" falsecount="0"/>
        <line num="96" count="10" type="stmt"/>
        <line num="99" count="10" type="stmt"/>
        <line num="104" count="10" type="cond" truecount="2" falsecount="0"/>
        <line num="105" count="2" type="stmt"/>
        <line num="108" count="10" type="cond" truecount="2" falsecount="0"/>
        <line num="109" count="3" type="stmt"/>
        <line num="112" count="10" type="cond" truecount="2" falsecount="0"/>
        <line num="113" count="6" type="stmt"/>
        <line num="115" count="6" type="cond" truecount="2" falsecount="0"/>
        <line num="116" count="1" type="stmt"/>
        <line num="119" count="6" type="cond" truecount="2" falsecount="0"/>
        <line num="120" count="1" type="stmt"/>
        <line num="123" count="6" type="cond" truecount="2" falsecount="0"/>
        <line num="124" count="2" type="cond" truecount="2" falsecount="0"/>
        <line num="125" count="1" type="stmt"/>
        <line num="127" count="1" type="stmt"/>
        <line num="131" count="6" type="cond" truecount="4" falsecount="0"/>
        <line num="132" count="2" type="stmt"/>
        <line num="135" count="6" type="stmt"/>
        <line num="141" count="4" type="stmt"/>
      </file>
    </package>
    <package name="application.media">
      <metrics statements="54" coveredstatements="54" conditionals="28" coveredconditionals="28" methods="15" coveredmethods="15"/>
      <file name="media-access-service.ts" path="/home/lucas-antunes/Desktop/educado/educado-api/src/application/media/media-access-service.ts">
        <metrics statements="4" coveredstatements="4" conditionals="2" coveredconditionals="2" methods="1" coveredmethods="1"/>
        <line num="10" count="1" type="stmt"/>
        <line num="11" count="7" type="cond" truecount="2" falsecount="0"/>
        <line num="12" count="2" type="stmt"/>
        <line num="15" count="5" type="stmt"/>
      </file>
      <file name="media-metadata-service.ts" path="/home/lucas-antunes/Desktop/educado/educado-api/src/application/media/media-metadata-service.ts">
        <metrics statements="13" coveredstatements="13" conditionals="4" coveredconditionals="4" methods="4" coveredmethods="4"/>
        <line num="1" count="1" type="stmt"/>
        <line num="2" count="1" type="stmt"/>
        <line num="11" count="2" type="stmt"/>
        <line num="12" count="2" type="stmt"/>
        <line num="14" count="2" type="cond" truecount="2" falsecount="0"/>
        <line num="15" count="1" type="stmt"/>
        <line num="18" count="1" type="stmt"/>
        <line num="24" count="1" type="stmt"/>
        <line num="27" count="2" type="stmt"/>
        <line num="28" count="2" type="stmt"/>
        <line num="30" count="2" type="cond" truecount="2" falsecount="0"/>
        <line num="31" count="1" type="stmt"/>
        <line num="34" count="1" type="stmt"/>
      </file>
      <file name="media-service.ts" path="/home/lucas-antunes/Desktop/educado/educado-api/src/application/media/media-service.ts">
        <metrics statements="19" coveredstatements="19" conditionals="8" coveredconditionals="8" methods="7" coveredmethods="7"/>
        <line num="1" count="1" type="stmt"/>
        <line num="2" count="1" type="stmt"/>
        <line num="20" count="2" type="stmt"/>
        <line num="21" count="2" type="stmt"/>
        <line num="23" count="2" type="stmt"/>
        <line num="36" count="2" type="stmt"/>
        <line num="51" count="5" type="stmt"/>
        <line num="52" count="5" type="stmt"/>
        <line num="53" count="5" type="cond" truecount="2" falsecount="0"/>
        <line num="54" count="5" type="cond" truecount="2" falsecount="0"/>
        <line num="56" count="5" type="stmt"/>
        <line num="63" count="5" type="stmt"/>
        <line num="71" count="3" type="stmt"/>
        <line num="72" count="3" type="stmt"/>
        <line num="73" count="3" type="cond" truecount="2" falsecount="0"/>
        <line num="74" count="3" type="cond" truecount="2" falsecount="0"/>
        <line num="76" count="3" type="stmt"/>
        <line num="83" count="3" type="stmt"/>
        <line num="92" count="4" type="stmt"/>
      </file>
      <file name="media-validation.ts" path="/home/lucas-antunes/Desktop/educado/educado-api/src/application/media/media-validation.ts">
        <metrics statements="18" coveredstatements="18" conditionals="14" coveredconditionals="14" methods="3" coveredmethods="3"/>
        <line num="1" count="1" type="stmt"/>
        <line num="2" count="9" type="stmt"/>
        <line num="5" count="1" type="stmt"/>
        <line num="6" count="8" type="stmt"/>
        <line num="15" count="1" type="stmt"/>
        <line num="21" count="8" type="cond" truecount="2" falsecount="0"/>
        <line num="22" count="8" type="cond" truecount="2" falsecount="0"/>
        <line num="24" count="8" type="cond" truecount="2" falsecount="0"/>
        <line num="26" count="8" type="stmt"/>
        <line num="28" count="8" type="cond" truecount="2" falsecount="0"/>
        <line num="29" count="4" type="stmt"/>
        <line num="32" count="8" type="cond" truecount="2" falsecount="0"/>
        <line num="33" count="3" type="stmt"/>
        <line num="36" count="8" type="cond" truecount="2" falsecount="0"/>
        <line num="37" count="3" type="stmt"/>
        <line num="40" count="8" type="cond" truecount="2" falsecount="0"/>
        <line num="41" count="6" type="stmt"/>
        <line num="44" count="2" type="stmt"/>
      </file>
    </package>
    <package name="application.password-reset">
      <metrics statements="83" coveredstatements="82" conditionals="28" coveredconditionals="27" methods="13" coveredmethods="13"/>
      <file name="password-reset-service.ts" path="/home/lucas-antunes/Desktop/educado/educado-api/src/application/password-reset/password-reset-service.ts">
        <metrics statements="83" coveredstatements="82" conditionals="28" coveredconditionals="27" methods="13" coveredmethods="13"/>
        <line num="1" count="1" type="stmt"/>
        <line num="2" count="1" type="stmt"/>
        <line num="3" count="1" type="stmt"/>
        <line num="4" count="1" type="stmt"/>
        <line num="8" count="1" type="stmt"/>
        <line num="9" count="1" type="stmt"/>
        <line num="11" count="1" type="stmt"/>
        <line num="12" count="1" type="stmt"/>
        <line num="13" count="1" type="stmt"/>
        <line num="14" count="1" type="stmt"/>
        <line num="15" count="1" type="stmt"/>
        <line num="17" count="1" type="stmt"/>
        <line num="19" count="10" type="stmt"/>
        <line num="21" count="1" type="stmt"/>
        <line num="22" count="2" type="stmt"/>
        <line num="28" count="1" type="stmt"/>
        <line num="29" count="2" type="stmt"/>
        <line num="30" count="2" type="stmt"/>
        <line num="31" count="2" type="stmt"/>
        <line num="34" count="2" type="stmt"/>
        <line num="35" count="2" type="stmt"/>
        <line num="46" count="3" type="stmt"/>
        <line num="47" count="3" type="stmt"/>
        <line num="48" count="3" type="stmt"/>
        <line num="52" count="3" type="stmt"/>
        <line num="61" count="3" type="cond" truecount="2" falsecount="0"/>
        <line num="62" count="1" type="stmt"/>
        <line num="66" count="4" type="stmt"/>
        <line num="67" count="4" type="stmt"/>
        <line num="68" count="4" type="stmt"/>
        <line num="70" count="4" type="cond" truecount="2" falsecount="0"/>
        <line num="71" count="1" type="stmt"/>
        <line num="74" count="3" type="stmt"/>
        <line num="75" count="2" type="stmt"/>
        <line num="77" count="2" type="stmt"/>
        <line num="78" count="2" type="stmt"/>
        <line num="79" count="2" type="stmt"/>
        <line num="81" count="2" type="stmt"/>
        <line num="90" count="2" type="stmt"/>
        <line num="99" count="1" type="stmt"/>
        <line num="102" count="7" type="stmt"/>
        <line num="103" count="7" type="stmt"/>
        <line num="104" count="7" type="stmt"/>
        <line num="106" count="7" type="cond" truecount="2" falsecount="0"/>
        <line num="107" count="1" type="stmt"/>
        <line num="110" count="6" type="stmt"/>
        <line num="115" count="6" type="cond" truecount="2" falsecount="0"/>
        <line num="116" count="1" type="stmt"/>
        <line num="119" count="5" type="cond" truecount="2" falsecount="0"/>
        <line num="120" count="1" type="stmt"/>
        <line num="123" count="4" type="cond" truecount="1" falsecount="1"/>
        <line num="124" count="0" type="stmt"/>
        <line num="127" count="4" type="cond" truecount="2" falsecount="0"/>
        <line num="128" count="1" type="stmt"/>
        <line num="129" count="1" type="stmt"/>
        <line num="132" count="3" type="stmt"/>
        <line num="134" count="3" type="cond" truecount="2" falsecount="0"/>
        <line num="135" count="2" type="stmt"/>
        <line num="136" count="2" type="stmt"/>
        <line num="138" count="2" type="stmt"/>
        <line num="143" count="2" type="cond" truecount="2" falsecount="0"/>
        <line num="144" count="1" type="stmt"/>
        <line num="147" count="1" type="stmt"/>
        <line num="155" count="1" type="stmt"/>
        <line num="160" count="1" type="stmt"/>
        <line num="163" count="1" type="stmt"/>
        <line num="167" count="5" type="stmt"/>
        <line num="168" count="5" type="stmt"/>
        <line num="169" count="5" type="stmt"/>
        <line num="171" count="5" type="cond" truecount="2" falsecount="0"/>
        <line num="172" count="1" type="stmt"/>
        <line num="175" count="4" type="stmt"/>
        <line num="183" count="4" type="cond" truecount="2" falsecount="0"/>
        <line num="184" count="1" type="stmt"/>
        <line num="187" count="3" type="stmt"/>
        <line num="189" count="3" type="cond" truecount="2" falsecount="0"/>
        <line num="190" count="1" type="stmt"/>
        <line num="198" count="2" type="cond" truecount="2" falsecount="0"/>
        <line num="199" count="1" type="stmt"/>
        <line num="207" count="1" type="stmt"/>
        <line num="208" count="1" type="stmt"/>
        <line num="209" count="1" type="stmt"/>
        <line num="211" count="1" type="stmt"/>
      </file>
    </package>
    <package name="application.registration">
      <metrics statements="218" coveredstatements="216" conditionals="168" coveredconditionals="165" methods="46" coveredmethods="46"/>
      <file name="registration-service.ts" path="/home/lucas-antunes/Desktop/educado/educado-api/src/application/registration/registration-service.ts">
        <metrics statements="158" coveredstatements="156" conditionals="104" coveredconditionals="103" methods="40" coveredmethods="40"/>
        <line num="1" count="1" type="stmt"/>
        <line num="2" count="1" type="stmt"/>
        <line num="3" count="1" type="stmt"/>
        <line num="4" count="1" type="stmt"/>
        <line num="8" count="1" type="stmt"/>
        <line num="12" count="1" type="stmt"/>
        <line num="18" count="1" type="stmt"/>
        <line num="19" count="1" type="stmt"/>
        <line num="20" count="1" type="stmt"/>
        <line num="25" count="1" type="stmt"/>
        <line num="31" count="1" type="stmt"/>
        <line num="32" count="1" type="stmt"/>
        <line num="39" count="1" type="stmt"/>
        <line num="41" count="1" type="stmt"/>
        <line num="45" count="9" type="cond" truecount="2" falsecount="0"/>
        <line num="46" count="5" type="stmt"/>
        <line num="50" count="1" type="stmt"/>
        <line num="55" count="3" type="stmt"/>
        <line num="56" count="3" type="stmt"/>
        <line num="58" count="3" type="stmt"/>
        <line num="66" count="3" type="cond" truecount="2" falsecount="0"/>
        <line num="67" count="2" type="stmt"/>
        <line num="70" count="1" type="stmt"/>
        <line num="72" count="1" type="stmt"/>
        <line num="82" count="1" type="stmt"/>
        <line num="88" count="1" type="stmt"/>
        <line num="91" count="4" type="stmt"/>
        <line num="92" count="4" type="stmt"/>
        <line num="93" count="4" type="stmt"/>
        <line num="95" count="4" type="cond" truecount="2" falsecount="0"/>
        <line num="96" count="1" type="stmt"/>
        <line num="99" count="3" type="stmt"/>
        <line num="104" count="2" type="stmt"/>
        <line num="109" count="2" type="cond" truecount="2" falsecount="0"/>
        <line num="110" count="1" type="stmt"/>
        <line num="112" count="1" type="stmt"/>
        <line num="121" count="2" type="stmt"/>
        <line num="122" count="2" type="stmt"/>
        <line num="124" count="2" type="cond" truecount="2" falsecount="0"/>
        <line num="125" count="1" type="stmt"/>
        <line num="127" count="1" type="stmt"/>
        <line num="134" count="1" type="stmt"/>
        <line num="145" count="1" type="stmt"/>
        <line num="152" count="1" type="stmt"/>
        <line num="158" count="2" type="cond" truecount="2" falsecount="0"/>
        <line num="159" count="1" type="stmt"/>
        <line num="164" count="1" type="stmt"/>
        <line num="165" count="1" type="stmt"/>
        <line num="171" count="0" type="stmt"/>
        <line num="178" count="2" type="stmt"/>
        <line num="188" count="3" type="stmt"/>
        <line num="189" count="3" type="stmt"/>
        <line num="191" count="3" type="cond" truecount="2" falsecount="0"/>
        <line num="192" count="1" type="stmt"/>
        <line num="195" count="2" type="stmt"/>
        <line num="200" count="2" type="stmt"/>
        <line num="206" count="7" type="stmt"/>
        <line num="207" count="7" type="stmt"/>
        <line num="208" count="7" type="stmt"/>
        <line num="210" count="7" type="cond" truecount="2" falsecount="0"/>
        <line num="211" count="2" type="stmt"/>
        <line num="214" count="5" type="stmt"/>
        <line num="215" count="5" type="stmt"/>
        <line num="216" count="5" type="stmt"/>
        <line num="218" count="1" type="stmt"/>
        <line num="221" count="4" type="cond" truecount="2" falsecount="0"/>
        <line num="222" count="1" type="stmt"/>
        <line num="225" count="3" type="cond" truecount="2" falsecount="0"/>
        <line num="226" count="1" type="stmt"/>
        <line num="233" count="2" type="cond" truecount="2" falsecount="0"/>
        <line num="234" count="1" type="stmt"/>
        <line num="237" count="1" type="stmt"/>
        <line num="239" count="1" type="stmt"/>
        <line num="248" count="1" type="stmt"/>
        <line num="250" count="1" type="stmt"/>
        <line num="264" count="1" type="stmt"/>
        <line num="266" count="3" type="stmt"/>
        <line num="267" count="3" type="cond" truecount="2" falsecount="0"/>
        <line num="269" count="3" type="stmt"/>
        <line num="280" count="3" type="stmt"/>
        <line num="281" count="2" type="stmt"/>
        <line num="284" count="2" type="stmt"/>
        <line num="305" count="3" type="stmt"/>
        <line num="306" count="3" type="stmt"/>
        <line num="327" count="3" type="stmt"/>
        <line num="330" count="3" type="cond" truecount="2" falsecount="0"/>
        <line num="341" count="3" type="stmt"/>
        <line num="342" count="3" type="stmt"/>
        <line num="343" count="1" type="cond" truecount="1" falsecount="1"/>
        <line num="344" count="1" type="stmt"/>
        <line num="348" count="3" type="stmt"/>
        <line num="349" count="2" type="stmt"/>
        <line num="353" count="2" type="stmt"/>
        <line num="366" count="1" type="stmt"/>
        <line num="369" count="6" type="stmt"/>
        <line num="370" count="6" type="cond" truecount="2" falsecount="0"/>
        <line num="371" count="2" type="stmt"/>
        <line num="374" count="4" type="stmt"/>
        <line num="376" count="4" type="cond" truecount="2" falsecount="0"/>
        <line num="377" count="2" type="stmt"/>
        <line num="380" count="2" type="cond" truecount="2" falsecount="0"/>
        <line num="381" count="2" type="stmt"/>
        <line num="383" count="2" type="stmt"/>
        <line num="389" count="1" type="stmt"/>
        <line num="392" count="5" type="stmt"/>
        <line num="393" count="5" type="stmt"/>
        <line num="394" count="5" type="cond" truecount="2" falsecount="0"/>
        <line num="395" count="2" type="stmt"/>
        <line num="398" count="3" type="stmt"/>
        <line num="400" count="3" type="cond" truecount="2" falsecount="0"/>
        <line num="401" count="2" type="stmt"/>
        <line num="404" count="1" type="stmt"/>
        <line num="411" count="1" type="stmt"/>
        <line num="416" count="1" type="stmt"/>
        <line num="421" count="1" type="stmt"/>
        <line num="423" count="1" type="stmt"/>
        <line num="429" count="4" type="stmt"/>
        <line num="430" count="4" type="stmt"/>
        <line num="446" count="4" type="cond" truecount="2" falsecount="0"/>
        <line num="447" count="2" type="stmt"/>
        <line num="450" count="2" type="stmt"/>
        <line num="454" count="2" type="stmt"/>
        <line num="465" count="1" type="stmt"/>
        <line num="471" count="8" type="stmt"/>
        <line num="472" count="8" type="stmt"/>
        <line num="473" count="8" type="stmt"/>
        <line num="475" count="8" type="cond" truecount="2" falsecount="0"/>
        <line num="476" count="2" type="stmt"/>
        <line num="479" count="6" type="stmt"/>
        <line num="484" count="2" type="cond" truecount="2" falsecount="0"/>
        <line num="486" count="2" type="stmt"/>
        <line num="488" count="2" type="stmt"/>
        <line num="499" count="2" type="stmt"/>
        <line num="509" count="1" type="stmt"/>
        <line num="512" count="4" type="stmt"/>
        <line num="513" count="4" type="stmt"/>
        <line num="514" count="1" type="stmt"/>
        <line num="518" count="1" type="stmt"/>
        <line num="519" count="1" type="stmt"/>
        <line num="525" count="0" type="stmt"/>
        <line num="528" count="1" type="stmt"/>
        <line num="533" count="1" type="stmt"/>
        <line num="537" count="4" type="stmt"/>
        <line num="538" count="4" type="stmt"/>
        <line num="546" count="1" type="stmt"/>
        <line num="551" count="2" type="stmt"/>
        <line num="552" count="2" type="stmt"/>
        <line num="553" count="2" type="stmt"/>
        <line num="555" count="2" type="cond" truecount="2" falsecount="0"/>
        <line num="556" count="1" type="stmt"/>
        <line num="559" count="1" type="stmt"/>
        <line num="566" count="1" type="stmt"/>
        <line num="571" count="1" type="stmt"/>
        <line num="576" count="1" type="stmt"/>
        <line num="578" count="1" type="stmt"/>
        <line num="582" count="1" type="stmt"/>
        <line num="583" count="3" type="cond" truecount="2" falsecount="0"/>
        <line num="584" count="2" type="stmt"/>
      </file>
      <file name="registration-validation.ts" path="/home/lucas-antunes/Desktop/educado/educado-api/src/application/registration/registration-validation.ts">
        <metrics statements="60" coveredstatements="60" conditionals="64" coveredconditionals="62" methods="6" coveredmethods="6"/>
        <line num="22" count="3" type="stmt"/>
        <line num="23" count="3" type="stmt"/>
        <line num="25" count="3" type="stmt"/>
        <line num="31" count="3" type="stmt"/>
        <line num="32" count="148" type="cond" truecount="2" falsecount="0"/>
        <line num="33" count="114" type="stmt"/>
        <line num="36" count="29" type="stmt"/>
        <line num="38" count="3" type="stmt"/>
        <line num="41" count="18" type="cond" truecount="4" falsecount="0"/>
        <line num="43" count="18" type="stmt"/>
        <line num="44" count="18" type="stmt"/>
        <line num="45" count="18" type="stmt"/>
        <line num="46" count="18" type="stmt"/>
        <line num="47" count="18" type="stmt"/>
        <line num="49" count="18" type="stmt"/>
        <line num="51" count="18" type="cond" truecount="2" falsecount="0"/>
        <line num="52" count="18" type="cond" truecount="2" falsecount="0"/>
        <line num="53" count="18" type="cond" truecount="4" falsecount="0"/>
        <line num="54" count="18" type="cond" truecount="4" falsecount="0"/>
        <line num="55" count="6" type="stmt"/>
        <line num="57" count="18" type="cond" truecount="4" falsecount="0"/>
        <line num="58" count="6" type="stmt"/>
        <line num="61" count="18" type="cond" truecount="2" falsecount="0"/>
        <line num="62" count="13" type="stmt"/>
        <line num="65" count="5" type="stmt"/>
        <line num="77" count="3" type="stmt"/>
        <line num="80" count="12" type="cond" truecount="4" falsecount="0"/>
        <line num="82" count="12" type="stmt"/>
        <line num="83" count="12" type="stmt"/>
        <line num="84" count="12" type="stmt"/>
        <line num="86" count="12" type="stmt"/>
        <line num="88" count="12" type="cond" truecount="2" falsecount="0"/>
        <line num="92" count="4" type="stmt"/>
        <line num="95" count="12" type="cond" truecount="2" falsecount="0"/>
        <line num="99" count="4" type="stmt"/>
        <line num="102" count="12" type="cond" truecount="2" falsecount="0"/>
        <line num="106" count="4" type="stmt"/>
        <line num="109" count="12" type="cond" truecount="2" falsecount="0"/>
        <line num="110" count="8" type="stmt"/>
        <line num="113" count="4" type="stmt"/>
        <line num="123" count="3" type="stmt"/>
        <line num="126" count="6" type="cond" truecount="3" falsecount="1"/>
        <line num="128" count="6" type="stmt"/>
        <line num="129" count="6" type="stmt"/>
        <line num="130" count="6" type="stmt"/>
        <line num="132" count="6" type="cond" truecount="4" falsecount="0"/>
        <line num="133" count="6" type="cond" truecount="2" falsecount="0"/>
        <line num="135" count="6" type="cond" truecount="2" falsecount="0"/>
        <line num="136" count="4" type="stmt"/>
        <line num="139" count="2" type="stmt"/>
        <line num="145" count="3" type="stmt"/>
        <line num="148" count="5" type="cond" truecount="3" falsecount="1"/>
        <line num="149" count="5" type="stmt"/>
        <line num="150" count="5" type="stmt"/>
        <line num="151" count="5" type="stmt"/>
        <line num="153" count="5" type="cond" truecount="2" falsecount="0"/>
        <line num="154" count="2" type="stmt"/>
        <line num="157" count="5" type="cond" truecount="2" falsecount="0"/>
        <line num="158" count="2" type="stmt"/>
        <line num="161" count="3" type="stmt"/>
      </file>
    </package>
    <package name="application.tags">
      <metrics statements="38" coveredstatements="38" conditionals="31" coveredconditionals="31" methods="5" coveredmethods="5"/>
      <file name="tag-validation.ts" path="/home/lucas-antunes/Desktop/educado/educado-api/src/application/tags/tag-validation.ts">
        <metrics statements="38" coveredstatements="38" conditionals="31" coveredconditionals="31" methods="5" coveredmethods="5"/>
        <line num="9" count="1" type="stmt"/>
        <line num="10" count="26" type="cond" truecount="2" falsecount="0"/>
        <line num="11" count="12" type="stmt"/>
        <line num="14" count="1" type="stmt"/>
        <line num="15" count="4" type="stmt"/>
        <line num="23" count="1" type="stmt"/>
        <line num="25" count="1" type="stmt"/>
        <line num="29" count="13" type="cond" truecount="4" falsecount="0"/>
        <line num="30" count="13" type="stmt"/>
        <line num="32" count="13" type="stmt"/>
        <line num="33" count="13" type="stmt"/>
        <line num="34" count="13" type="stmt"/>
        <line num="36" count="13" type="cond" truecount="4" falsecount="0"/>
        <line num="37" count="12" type="cond" truecount="2" falsecount="0"/>
        <line num="38" count="6" type="stmt"/>
        <line num="42" count="13" type="cond" truecount="4" falsecount="0"/>
        <line num="43" count="1" type="stmt"/>
        <line num="46" count="13" type="cond" truecount="4" falsecount="0"/>
        <line num="47" count="1" type="stmt"/>
        <line num="50" count="13" type="cond" truecount="2" falsecount="0"/>
        <line num="51" count="8" type="stmt"/>
        <line num="54" count="5" type="stmt"/>
        <line num="58" count="5" type="cond" truecount="2" falsecount="0"/>
        <line num="59" count="2" type="stmt"/>
        <line num="62" count="5" type="cond" truecount="2" falsecount="0"/>
        <line num="63" count="1" type="stmt"/>
        <line num="66" count="5" type="stmt"/>
        <line num="69" count="1" type="stmt"/>
        <line num="72" count="5" type="stmt"/>
        <line num="74" count="5" type="cond" truecount="2" falsecount="0"/>
        <line num="75" count="1" type="stmt"/>
        <line num="76" count="1" type="stmt"/>
        <line num="79" count="4" type="stmt"/>
        <line num="80" count="6" type="stmt"/>
        <line num="83" count="4" type="cond" truecount="2" falsecount="0"/>
        <line num="84" count="2" type="stmt"/>
        <line num="85" count="2" type="stmt"/>
        <line num="88" count="2" type="stmt"/>
      </file>
    </package>
    <package name="application.verification">
      <metrics statements="111" coveredstatements="111" conditionals="45" coveredconditionals="44" methods="23" coveredmethods="23"/>
      <file name="email-verification-service.ts" path="/home/lucas-antunes/Desktop/educado/educado-api/src/application/verification/email-verification-service.ts">
        <metrics statements="97" coveredstatements="97" conditionals="33" coveredconditionals="32" methods="21" coveredmethods="21"/>
        <line num="1" count="1" type="stmt"/>
        <line num="2" count="1" type="stmt"/>
        <line num="3" count="1" type="stmt"/>
        <line num="4" count="1" type="stmt"/>
        <line num="8" count="1" type="stmt"/>
        <line num="15" count="1" type="stmt"/>
        <line num="16" count="1" type="stmt"/>
        <line num="17" count="1" type="stmt"/>
        <line num="18" count="1" type="stmt"/>
        <line num="19" count="1" type="stmt"/>
        <line num="20" count="1" type="stmt"/>
        <line num="23" count="1" type="cond" truecount="3" falsecount="1"/>
        <line num="25" count="15" type="stmt"/>
        <line num="27" count="1" type="stmt"/>
        <line num="28" count="10" type="stmt"/>
        <line num="31" count="1" type="stmt"/>
        <line num="32" count="6" type="cond" truecount="1" falsecount="0"/>
        <line num="33" count="6" type="stmt"/>
        <line num="36" count="1" type="stmt"/>
        <line num="37" count="2" type="stmt"/>
        <line num="43" count="1" type="stmt"/>
        <line num="44" count="2" type="stmt"/>
        <line num="45" count="2" type="stmt"/>
        <line num="46" count="2" type="stmt"/>
        <line num="49" count="1" type="stmt"/>
        <line num="52" count="2" type="stmt"/>
        <line num="53" count="2" type="stmt"/>
        <line num="67" count="3" type="stmt"/>
        <line num="68" count="3" type="stmt"/>
        <line num="69" count="3" type="stmt"/>
        <line num="73" count="3" type="stmt"/>
        <line num="82" count="3" type="cond" truecount="2" falsecount="0"/>
        <line num="83" count="2" type="stmt"/>
        <line num="87" count="2" type="stmt"/>
        <line num="88" count="2" type="stmt"/>
        <line num="89" count="2" type="stmt"/>
        <line num="94" count="2" type="cond" truecount="2" falsecount="0"/>
        <line num="95" count="1" type="stmt"/>
        <line num="98" count="1" type="stmt"/>
        <line num="99" count="1" type="stmt"/>
        <line num="101" count="1" type="stmt"/>
        <line num="115" count="4" type="stmt"/>
        <line num="116" count="4" type="stmt"/>
        <line num="117" count="4" type="cond" truecount="2" falsecount="0"/>
        <line num="118" count="1" type="stmt"/>
        <line num="121" count="3" type="stmt"/>
        <line num="128" count="3" type="stmt"/>
        <line num="131" count="1" type="stmt"/>
        <line num="134" count="2" type="stmt"/>
        <line num="135" count="2" type="stmt"/>
        <line num="136" count="2" type="stmt"/>
        <line num="137" count="2" type="stmt"/>
        <line num="139" count="2" type="stmt"/>
        <line num="141" count="2" type="stmt"/>
        <line num="153" count="2" type="stmt"/>
        <line num="159" count="7" type="stmt"/>
        <line num="160" count="7" type="stmt"/>
        <line num="162" count="7" type="cond" truecount="2" falsecount="0"/>
        <line num="163" count="2" type="stmt"/>
        <line num="166" count="5" type="cond" truecount="2" falsecount="0"/>
        <line num="167" count="2" type="stmt"/>
        <line num="170" count="3" type="stmt"/>
        <line num="172" count="1" type="stmt"/>
        <line num="173" count="1" type="stmt"/>
        <line num="180" count="1" type="stmt"/>
        <line num="183" count="18" type="stmt"/>
        <line num="184" count="18" type="stmt"/>
        <line num="185" count="18" type="stmt"/>
        <line num="187" count="18" type="cond" truecount="2" falsecount="0"/>
        <line num="188" count="2" type="stmt"/>
        <line num="191" count="16" type="cond" truecount="2" falsecount="0"/>
        <line num="192" count="2" type="stmt"/>
        <line num="195" count="14" type="stmt"/>
        <line num="203" count="14" type="cond" truecount="2" falsecount="0"/>
        <line num="204" count="2" type="stmt"/>
        <line num="207" count="12" type="cond" truecount="2" falsecount="0"/>
        <line num="208" count="2" type="stmt"/>
        <line num="211" count="10" type="cond" truecount="2" falsecount="0"/>
        <line num="212" count="2" type="stmt"/>
        <line num="215" count="8" type="cond" truecount="2" falsecount="0"/>
        <line num="216" count="2" type="stmt"/>
        <line num="222" count="2" type="stmt"/>
        <line num="225" count="6" type="stmt"/>
        <line num="227" count="6" type="cond" truecount="2" falsecount="0"/>
        <line num="228" count="4" type="stmt"/>
        <line num="229" count="4" type="stmt"/>
        <line num="231" count="4" type="stmt"/>
        <line num="239" count="4" type="cond" truecount="2" falsecount="0"/>
        <line num="240" count="2" type="stmt"/>
        <line num="247" count="2" type="stmt"/>
        <line num="250" count="2" type="stmt"/>
        <line num="258" count="2" type="stmt"/>
        <line num="259" count="2" type="stmt"/>
        <line num="261" count="2" type="stmt"/>
        <line num="269" count="2" type="stmt"/>
        <line num="276" count="2" type="stmt"/>
        <line num="287" count="2" type="stmt"/>
      </file>
      <file name="email-verification-validation.ts" path="/home/lucas-antunes/Desktop/educado/educado-api/src/application/verification/email-verification-validation.ts">
        <metrics statements="14" coveredstatements="14" conditionals="12" coveredconditionals="12" methods="2" coveredmethods="2"/>
        <line num="7" count="1" type="stmt"/>
        <line num="8" count="12" type="cond" truecount="2" falsecount="0"/>
        <line num="9" count="8" type="stmt"/>
        <line num="12" count="1" type="stmt"/>
        <line num="15" count="12" type="cond" truecount="4" falsecount="0"/>
        <line num="16" count="12" type="stmt"/>
        <line num="17" count="12" type="stmt"/>
        <line num="19" count="12" type="cond" truecount="2" falsecount="0"/>
        <line num="20" count="6" type="stmt"/>
        <line num="21" count="6" type="cond" truecount="2" falsecount="0"/>
        <line num="22" count="3" type="stmt"/>
        <line num="25" count="12" type="cond" truecount="2" falsecount="0"/>
        <line num="26" count="9" type="stmt"/>
        <line num="29" count="3" type="stmt"/>
      </file>
    </package>
    <package name="infrastructure.security">
      <metrics statements="7" coveredstatements="7" conditionals="0" coveredconditionals="0" methods="4" coveredmethods="4"/>
      <file name="password-hasher.ts" path="/home/lucas-antunes/Desktop/educado/educado-api/src/infrastructure/security/password-hasher.ts">
        <metrics statements="7" coveredstatements="7" conditionals="0" coveredconditionals="0" methods="4" coveredmethods="4"/>
        <line num="1" count="1" type="stmt"/>
        <line num="3" count="1" type="stmt"/>
        <line num="5" count="9" type="stmt"/>
        <line num="6" count="9" type="stmt"/>
        <line num="9" count="1" type="stmt"/>
        <line num="12" count="5" type="stmt"/>
        <line num="13" count="5" type="stmt"/>
      </file>
    </package>
    <package name="interface.http.middlewares">
      <metrics statements="39" coveredstatements="39" conditionals="24" coveredconditionals="24" methods="5" coveredmethods="5"/>
      <file name="auth-jwt.ts" path="/home/lucas-antunes/Desktop/educado/educado-api/src/interface/http/middlewares/auth-jwt.ts">
        <metrics statements="22" coveredstatements="22" conditionals="14" coveredconditionals="14" methods="2" coveredmethods="2"/>
        <line num="2" count="1" type="stmt"/>
        <line num="3" count="1" type="stmt"/>
        <line num="10" count="1" type="stmt"/>
        <line num="11" count="2" type="stmt"/>
        <line num="14" count="1" type="stmt"/>
        <line num="19" count="10" type="stmt"/>
        <line num="20" count="10" type="cond" truecount="6" falsecount="0"/>
        <line num="24" count="10" type="cond" truecount="2" falsecount="0"/>
        <line num="25" count="3" type="stmt"/>
        <line num="28" count="7" type="stmt"/>
        <line num="29" count="7" type="stmt"/>
        <line num="30" count="7" type="stmt"/>
        <line num="32" count="1" type="stmt"/>
        <line num="35" count="6" type="stmt"/>
        <line num="36" count="6" type="stmt"/>
        <line num="38" count="5" type="cond" truecount="2" falsecount="0"/>
        <line num="39" count="5" type="cond" truecount="2" falsecount="0"/>
        <line num="41" count="5" type="cond" truecount="2" falsecount="0"/>
        <line num="42" count="2" type="stmt"/>
        <line num="45" count="3" type="stmt"/>
        <line num="50" count="3" type="stmt"/>
        <line num="52" count="1" type="stmt"/>
      </file>
      <file name="request-id.ts" path="/home/lucas-antunes/Desktop/educado/educado-api/src/interface/http/middlewares/request-id.ts">
        <metrics statements="11" coveredstatements="11" conditionals="4" coveredconditionals="4" methods="2" coveredmethods="2"/>
        <line num="2" count="1" type="stmt"/>
        <line num="4" count="1" type="stmt"/>
        <line num="9" count="9" type="stmt"/>
        <line num="10" count="9" type="cond" truecount="4" falsecount="0"/>
        <line num="14" count="9" type="stmt"/>
        <line num="15" count="9" type="stmt"/>
        <line num="17" count="9" type="stmt"/>
        <line num="18" count="9" type="stmt"/>
        <line num="19" count="1" type="stmt"/>
        <line num="20" count="1" type="stmt"/>
        <line num="31" count="9" type="stmt"/>
      </file>
      <file name="require-https.ts" path="/home/lucas-antunes/Desktop/educado/educado-api/src/interface/http/middlewares/require-https.ts">
        <metrics statements="6" coveredstatements="6" conditionals="6" coveredconditionals="6" methods="1" coveredmethods="1"/>
        <line num="3" count="1" type="stmt"/>
        <line num="8" count="6" type="cond" truecount="2" falsecount="0"/>
        <line num="9" count="2" type="stmt"/>
        <line num="12" count="4" type="cond" truecount="4" falsecount="0"/>
        <line num="13" count="2" type="stmt"/>
        <line num="16" count="2" type="stmt"/>
      </file>
    </package>
  </project>
</coverage>
