{"/home/lucas-antunes/Desktop/educado/educado-api/src/application/activities/activity-payload.ts": {"path":"/home/lucas-antunes/Desktop/educado/educado-api/src/application/activities/activity-payload.ts","statementMap":{"0":{"start":{"line":1,"column":0},"end":{"line":1,"column":35}},"1":{"start":{"line":81,"column":17},"end":{"line":82,"column":45}},"2":{"start":{"line":82,"column":2},"end":{"line":82,"column":45}},"3":{"start":{"line":84,"column":22},"end":{"line":87,"column":1}},"4":{"start":{"line":85,"column":2},"end":{"line":85,"column":null}},"5":{"start":{"line":85,"column":33},"end":{"line":85,"column":null}},"6":{"start":{"line":86,"column":2},"end":{"line":86,"column":null}},"7":{"start":{"line":89,"column":18},"end":{"line":90,"column":54}},"8":{"start":{"line":90,"column":2},"end":{"line":90,"column":54}},"9":{"start":{"line":92,"column":18},"end":{"line":96,"column":40}},"10":{"start":{"line":93,"column":2},"end":{"line":96,"column":40}},"11":{"start":{"line":98,"column":21},"end":{"line":117,"column":1}},"12":{"start":{"line":102,"column":13},"end":{"line":102,"column":51}},"13":{"start":{"line":103,"column":20},"end":{"line":103,"column":49}},"14":{"start":{"line":104,"column":16},"end":{"line":104,"column":41}},"15":{"start":{"line":105,"column":16},"end":{"line":105,"column":26}},"16":{"start":{"line":107,"column":2},"end":{"line":107,"column":null}},"17":{"start":{"line":107,"column":18},"end":{"line":107,"column":null}},"18":{"start":{"line":108,"column":2},"end":{"line":108,"column":null}},"19":{"start":{"line":108,"column":14},"end":{"line":108,"column":null}},"20":{"start":{"line":109,"column":2},"end":{"line":109,"column":null}},"21":{"start":{"line":109,"column":38},"end":{"line":109,"column":null}},"22":{"start":{"line":111,"column":2},"end":{"line":116,"column":null}},"23":{"start":{"line":119,"column":29},"end":{"line":139,"column":1}},"24":{"start":{"line":124,"column":2},"end":{"line":127,"column":3}},"25":{"start":{"line":125,"column":4},"end":{"line":125,"column":null}},"26":{"start":{"line":126,"column":4},"end":{"line":126,"column":null}},"27":{"start":{"line":129,"column":20},"end":{"line":132,"column":38}},"28":{"start":{"line":130,"column":38},"end":{"line":130,"column":62}},"29":{"start":{"line":131,"column":19},"end":{"line":131,"column":30}},"30":{"start":{"line":132,"column":22},"end":{"line":132,"column":37}},"31":{"start":{"line":134,"column":2},"end":{"line":136,"column":3}},"32":{"start":{"line":135,"column":4},"end":{"line":135,"column":null}},"33":{"start":{"line":138,"column":2},"end":{"line":138,"column":null}},"34":{"start":{"line":141,"column":36},"end":{"line":153,"column":1}},"35":{"start":{"line":147,"column":2},"end":{"line":150,"column":3}},"36":{"start":{"line":148,"column":4},"end":{"line":148,"column":null}},"37":{"start":{"line":149,"column":4},"end":{"line":149,"column":null}},"38":{"start":{"line":152,"column":2},"end":{"line":152,"column":null}},"39":{"start":{"line":155,"column":26},"end":{"line":218,"column":1}},"40":{"start":{"line":160,"column":16},"end":{"line":160,"column":54}},"41":{"start":{"line":161,"column":18},"end":{"line":161,"column":46}},"42":{"start":{"line":162,"column":26},"end":{"line":162,"column":47}},"43":{"start":{"line":164,"column":2},"end":{"line":164,"column":null}},"44":{"start":{"line":164,"column":16},"end":{"line":164,"column":null}},"45":{"start":{"line":165,"column":2},"end":{"line":171,"column":3}},"46":{"start":{"line":170,"column":4},"end":{"line":170,"column":null}},"47":{"start":{"line":173,"column":31},"end":{"line":173,"column":65}},"48":{"start":{"line":175,"column":32},"end":{"line":175,"column":36}},"49":{"start":{"line":176,"column":33},"end":{"line":176,"column":37}},"50":{"start":{"line":177,"column":37},"end":{"line":177,"column":41}},"51":{"start":{"line":179,"column":2},"end":{"line":205,"column":3}},"52":{"start":{"line":180,"column":26},"end":{"line":182,"column":12}},"53":{"start":{"line":184,"column":4},"end":{"line":204,"column":5}},"54":{"start":{"line":185,"column":6},"end":{"line":185,"column":null}},"55":{"start":{"line":187,"column":25},"end":{"line":187,"column":62}},"56":{"start":{"line":188,"column":6},"end":{"line":188,"column":null}},"57":{"start":{"line":188,"column":23},"end":{"line":188,"column":null}},"58":{"start":{"line":189,"column":27},"end":{"line":192,"column":null}},"59":{"start":{"line":194,"column":20},"end":{"line":198,"column":null}},"60":{"start":{"line":201,"column":6},"end":{"line":201,"column":null}},"61":{"start":{"line":202,"column":6},"end":{"line":202,"column":null}},"62":{"start":{"line":203,"column":6},"end":{"line":203,"column":null}},"63":{"start":{"line":207,"column":2},"end":{"line":216,"column":null}},"64":{"start":{"line":220,"column":26},"end":{"line":241,"column":1}},"65":{"start":{"line":225,"column":18},"end":{"line":225,"column":60}},"66":{"start":{"line":226,"column":15},"end":{"line":226,"column":42}},"67":{"start":{"line":228,"column":2},"end":{"line":228,"column":null}},"68":{"start":{"line":228,"column":13},"end":{"line":228,"column":null}},"69":{"start":{"line":230,"column":2},"end":{"line":239,"column":null}},"70":{"start":{"line":243,"column":41},"end":{"line":278,"column":1}},"71":{"start":{"line":248,"column":19},"end":{"line":248,"column":47}},"72":{"start":{"line":249,"column":2},"end":{"line":249,"column":null}},"73":{"start":{"line":249,"column":17},"end":{"line":249,"column":null}},"74":{"start":{"line":251,"column":23},"end":{"line":254,"column":null}},"75":{"start":{"line":257,"column":34},"end":{"line":261,"column":null}},"76":{"start":{"line":264,"column":16},"end":{"line":264,"column":56}},"77":{"start":{"line":265,"column":19},"end":{"line":265,"column":60}},"78":{"start":{"line":267,"column":2},"end":{"line":276,"column":null}},"79":{"start":{"line":280,"column":41},"end":{"line":307,"column":1}},"80":{"start":{"line":285,"column":19},"end":{"line":285,"column":47}},"81":{"start":{"line":286,"column":2},"end":{"line":286,"column":null}},"82":{"start":{"line":286,"column":17},"end":{"line":286,"column":null}},"83":{"start":{"line":288,"column":24},"end":{"line":288,"column":42}},"84":{"start":{"line":289,"column":2},"end":{"line":291,"column":3}},"85":{"start":{"line":290,"column":4},"end":{"line":290,"column":null}},"86":{"start":{"line":293,"column":16},"end":{"line":293,"column":56}},"87":{"start":{"line":294,"column":19},"end":{"line":294,"column":60}},"88":{"start":{"line":296,"column":2},"end":{"line":305,"column":null}},"89":{"start":{"line":309,"column":45},"end":{"line":338,"column":1}},"90":{"start":{"line":312,"column":15},"end":{"line":312,"column":47}},"91":{"start":{"line":313,"column":35},"end":{"line":313,"column":37}},"92":{"start":{"line":315,"column":15},"end":{"line":315,"column":24}},"93":{"start":{"line":317,"column":2},"end":{"line":320,"column":3}},"94":{"start":{"line":318,"column":4},"end":{"line":318,"column":null}},"95":{"start":{"line":319,"column":4},"end":{"line":319,"column":null}},"96":{"start":{"line":322,"column":15},"end":{"line":322,"column":46}},"97":{"start":{"line":325,"column":4},"end":{"line":331,"column":69}},"98":{"start":{"line":333,"column":2},"end":{"line":335,"column":3}},"99":{"start":{"line":334,"column":4},"end":{"line":334,"column":null}},"100":{"start":{"line":337,"column":2},"end":{"line":337,"column":null}},"101":{"start":{"line":309,"column":13},"end":{"line":309,"column":45}}},"fnMap":{"0":{"name":"(anonymous_0)","decl":{"start":{"line":81,"column":17},"end":{"line":81,"column":18}},"loc":{"start":{"line":82,"column":2},"end":{"line":82,"column":45}}},"1":{"name":"(anonymous_1)","decl":{"start":{"line":84,"column":22},"end":{"line":84,"column":23}},"loc":{"start":{"line":84,"column":49},"end":{"line":87,"column":1}}},"2":{"name":"(anonymous_2)","decl":{"start":{"line":89,"column":18},"end":{"line":89,"column":19}},"loc":{"start":{"line":90,"column":2},"end":{"line":90,"column":54}}},"3":{"name":"(anonymous_3)","decl":{"start":{"line":92,"column":18},"end":{"line":92,"column":19}},"loc":{"start":{"line":93,"column":2},"end":{"line":96,"column":40}}},"4":{"name":"(anonymous_4)","decl":{"start":{"line":98,"column":21},"end":{"line":98,"column":null}},"loc":{"start":{"line":101,"column":69},"end":{"line":117,"column":1}}},"5":{"name":"(anonymous_5)","decl":{"start":{"line":119,"column":29},"end":{"line":119,"column":null}},"loc":{"start":{"line":123,"column":14},"end":{"line":139,"column":1}}},"6":{"name":"(anonymous_6)","decl":{"start":{"line":130,"column":12},"end":{"line":130,"column":13}},"loc":{"start":{"line":130,"column":38},"end":{"line":130,"column":62}}},"7":{"name":"(anonymous_7)","decl":{"start":{"line":131,"column":9},"end":{"line":131,"column":10}},"loc":{"start":{"line":131,"column":19},"end":{"line":131,"column":30}}},"8":{"name":"(anonymous_8)","decl":{"start":{"line":132,"column":12},"end":{"line":132,"column":13}},"loc":{"start":{"line":132,"column":22},"end":{"line":132,"column":37}}},"9":{"name":"(anonymous_9)","decl":{"start":{"line":141,"column":36},"end":{"line":141,"column":null}},"loc":{"start":{"line":146,"column":12},"end":{"line":153,"column":1}}},"10":{"name":"(anonymous_10)","decl":{"start":{"line":155,"column":26},"end":{"line":155,"column":null}},"loc":{"start":{"line":159,"column":30},"end":{"line":218,"column":1}}},"11":{"name":"(anonymous_11)","decl":{"start":{"line":220,"column":26},"end":{"line":220,"column":null}},"loc":{"start":{"line":224,"column":30},"end":{"line":241,"column":1}}},"12":{"name":"(anonymous_12)","decl":{"start":{"line":243,"column":41},"end":{"line":243,"column":null}},"loc":{"start":{"line":247,"column":30},"end":{"line":278,"column":1}}},"13":{"name":"(anonymous_13)","decl":{"start":{"line":280,"column":41},"end":{"line":280,"column":null}},"loc":{"start":{"line":284,"column":30},"end":{"line":307,"column":1}}},"14":{"name":"(anonymous_14)","decl":{"start":{"line":309,"column":45},"end":{"line":309,"column":null}},"loc":{"start":{"line":311,"column":73},"end":{"line":338,"column":1}}}},"branchMap":{"0":{"loc":{"start":{"line":82,"column":2},"end":{"line":82,"column":45}},"type":"binary-expr","locations":[{"start":{"line":82,"column":2},"end":{"line":82,"column":27}},{"start":{"line":82,"column":31},"end":{"line":82,"column":45}}]},"1":{"loc":{"start":{"line":85,"column":2},"end":{"line":85,"column":null}},"type":"if","locations":[{"start":{"line":85,"column":2},"end":{"line":85,"column":null}},{"start":{},"end":{}}]},"2":{"loc":{"start":{"line":90,"column":2},"end":{"line":90,"column":54}},"type":"binary-expr","locations":[{"start":{"line":90,"column":2},"end":{"line":90,"column":27}},{"start":{"line":90,"column":31},"end":{"line":90,"column":54}}]},"3":{"loc":{"start":{"line":93,"column":2},"end":{"line":96,"column":40}},"type":"binary-expr","locations":[{"start":{"line":93,"column":2},"end":{"line":93,"column":24}},{"start":{"line":94,"column":2},"end":{"line":94,"column":24}},{"start":{"line":95,"column":2},"end":{"line":95,"column":40}},{"start":{"line":96,"column":2},"end":{"line":96,"column":40}}]},"4":{"loc":{"start":{"line":102,"column":13},"end":{"line":102,"column":51}},"type":"binary-expr","locations":[{"start":{"line":102,"column":13},"end":{"line":102,"column":35}},{"start":{"line":102,"column":39},"end":{"line":102,"column":51}}]},"5":{"loc":{"start":{"line":107,"column":2},"end":{"line":107,"column":null}},"type":"if","locations":[{"start":{"line":107,"column":2},"end":{"line":107,"column":null}},{"start":{},"end":{}}]},"6":{"loc":{"start":{"line":108,"column":2},"end":{"line":108,"column":null}},"type":"if","locations":[{"start":{"line":108,"column":2},"end":{"line":108,"column":null}},{"start":{},"end":{}}]},"7":{"loc":{"start":{"line":109,"column":2},"end":{"line":109,"column":null}},"type":"if","locations":[{"start":{"line":109,"column":2},"end":{"line":109,"column":null}},{"start":{},"end":{}}]},"8":{"loc":{"start":{"line":109,"column":6},"end":{"line":109,"column":36}},"type":"binary-expr","locations":[{"start":{"line":109,"column":6},"end":{"line":109,"column":23}},{"start":{"line":109,"column":27},"end":{"line":109,"column":36}}]},"9":{"loc":{"start":{"line":114,"column":11},"end":{"line":114,"column":39}},"type":"cond-expr","locations":[{"start":{"line":114,"column":30},"end":{"line":114,"column":35}},{"start":{"line":114,"column":38},"end":{"line":114,"column":39}}]},"10":{"loc":{"start":{"line":124,"column":2},"end":{"line":127,"column":3}},"type":"if","locations":[{"start":{"line":124,"column":2},"end":{"line":127,"column":3}},{"start":{},"end":{}}]},"11":{"loc":{"start":{"line":134,"column":2},"end":{"line":136,"column":3}},"type":"if","locations":[{"start":{"line":134,"column":2},"end":{"line":136,"column":3}},{"start":{},"end":{}}]},"12":{"loc":{"start":{"line":134,"column":6},"end":{"line":134,"column":50}},"type":"binary-expr","locations":[{"start":{"line":134,"column":6},"end":{"line":134,"column":26}},{"start":{"line":134,"column":30},"end":{"line":134,"column":50}}]},"13":{"loc":{"start":{"line":147,"column":2},"end":{"line":150,"column":3}},"type":"if","locations":[{"start":{"line":147,"column":2},"end":{"line":150,"column":3}},{"start":{},"end":{}}]},"14":{"loc":{"start":{"line":147,"column":6},"end":{"line":147,"column":67}},"type":"binary-expr","locations":[{"start":{"line":147,"column":6},"end":{"line":147,"column":23}},{"start":{"line":147,"column":27},"end":{"line":147,"column":36}},{"start":{"line":147,"column":40},"end":{"line":147,"column":67}}]},"15":{"loc":{"start":{"line":160,"column":16},"end":{"line":160,"column":54}},"type":"cond-expr","locations":[{"start":{"line":160,"column":39},"end":{"line":160,"column":49}},{"start":{"line":160,"column":52},"end":{"line":160,"column":54}}]},"16":{"loc":{"start":{"line":164,"column":2},"end":{"line":164,"column":null}},"type":"if","locations":[{"start":{"line":164,"column":2},"end":{"line":164,"column":null}},{"start":{},"end":{}}]},"17":{"loc":{"start":{"line":165,"column":2},"end":{"line":171,"column":3}},"type":"if","locations":[{"start":{"line":165,"column":2},"end":{"line":171,"column":3}},{"start":{},"end":{}}]},"18":{"loc":{"start":{"line":166,"column":4},"end":{"line":168,"column":25}},"type":"binary-expr","locations":[{"start":{"line":166,"column":4},"end":{"line":166,"column":31}},{"start":{"line":167,"column":4},"end":{"line":167,"column":23}},{"start":{"line":168,"column":4},"end":{"line":168,"column":25}}]},"19":{"loc":{"start":{"line":179,"column":2},"end":{"line":205,"column":3}},"type":"if","locations":[{"start":{"line":179,"column":2},"end":{"line":205,"column":3}},{"start":{},"end":{}}]},"20":{"loc":{"start":{"line":180,"column":26},"end":{"line":182,"column":12}},"type":"cond-expr","locations":[{"start":{"line":181,"column":8},"end":{"line":181,"column":26}},{"start":{"line":182,"column":8},"end":{"line":182,"column":12}}]},"21":{"loc":{"start":{"line":184,"column":4},"end":{"line":204,"column":5}},"type":"if","locations":[{"start":{"line":184,"column":4},"end":{"line":204,"column":5}},{"start":{"line":186,"column":11},"end":{"line":204,"column":5}}]},"22":{"loc":{"start":{"line":188,"column":6},"end":{"line":188,"column":null}},"type":"if","locations":[{"start":{"line":188,"column":6},"end":{"line":188,"column":null}},{"start":{},"end":{}}]},"23":{"loc":{"start":{"line":210,"column":20},"end":{"line":210,"column":71}},"type":"cond-expr","locations":[{"start":{"line":210,"column":49},"end":{"line":210,"column":64}},{"start":{"line":210,"column":67},"end":{"line":210,"column":71}}]},"24":{"loc":{"start":{"line":213,"column":14},"end":{"line":213,"column":29}},"type":"binary-expr","locations":[{"start":{"line":213,"column":14},"end":{"line":213,"column":21}},{"start":{"line":213,"column":25},"end":{"line":213,"column":29}}]},"25":{"loc":{"start":{"line":225,"column":18},"end":{"line":225,"column":60}},"type":"cond-expr","locations":[{"start":{"line":225,"column":43},"end":{"line":225,"column":55}},{"start":{"line":225,"column":58},"end":{"line":225,"column":60}}]},"26":{"loc":{"start":{"line":228,"column":2},"end":{"line":228,"column":null}},"type":"if","locations":[{"start":{"line":228,"column":2},"end":{"line":228,"column":null}},{"start":{},"end":{}}]},"27":{"loc":{"start":{"line":234,"column":15},"end":{"line":234,"column":35}},"type":"cond-expr","locations":[{"start":{"line":234,"column":22},"end":{"line":234,"column":28}},{"start":{"line":234,"column":31},"end":{"line":234,"column":35}}]},"28":{"loc":{"start":{"line":249,"column":2},"end":{"line":249,"column":null}},"type":"if","locations":[{"start":{"line":249,"column":2},"end":{"line":249,"column":null}},{"start":{},"end":{}}]},"29":{"loc":{"start":{"line":264,"column":16},"end":{"line":264,"column":56}},"type":"cond-expr","locations":[{"start":{"line":264,"column":39},"end":{"line":264,"column":49}},{"start":{"line":264,"column":52},"end":{"line":264,"column":56}}]},"30":{"loc":{"start":{"line":265,"column":19},"end":{"line":265,"column":60}},"type":"cond-expr","locations":[{"start":{"line":265,"column":27},"end":{"line":265,"column":55}},{"start":{"line":265,"column":58},"end":{"line":265,"column":60}}]},"31":{"loc":{"start":{"line":273,"column":14},"end":{"line":273,"column":30}},"type":"binary-expr","locations":[{"start":{"line":273,"column":14},"end":{"line":273,"column":22}},{"start":{"line":273,"column":26},"end":{"line":273,"column":30}}]},"32":{"loc":{"start":{"line":286,"column":2},"end":{"line":286,"column":null}},"type":"if","locations":[{"start":{"line":286,"column":2},"end":{"line":286,"column":null}},{"start":{},"end":{}}]},"33":{"loc":{"start":{"line":289,"column":2},"end":{"line":291,"column":3}},"type":"if","locations":[{"start":{"line":289,"column":2},"end":{"line":291,"column":3}},{"start":{},"end":{}}]},"34":{"loc":{"start":{"line":289,"column":6},"end":{"line":289,"column":65}},"type":"binary-expr","locations":[{"start":{"line":289,"column":6},"end":{"line":289,"column":36}},{"start":{"line":289,"column":40},"end":{"line":289,"column":65}}]},"35":{"loc":{"start":{"line":293,"column":16},"end":{"line":293,"column":56}},"type":"cond-expr","locations":[{"start":{"line":293,"column":39},"end":{"line":293,"column":49}},{"start":{"line":293,"column":52},"end":{"line":293,"column":56}}]},"36":{"loc":{"start":{"line":294,"column":19},"end":{"line":294,"column":60}},"type":"cond-expr","locations":[{"start":{"line":294,"column":27},"end":{"line":294,"column":55}},{"start":{"line":294,"column":58},"end":{"line":294,"column":60}}]},"37":{"loc":{"start":{"line":302,"column":14},"end":{"line":302,"column":30}},"type":"binary-expr","locations":[{"start":{"line":302,"column":14},"end":{"line":302,"column":22}},{"start":{"line":302,"column":26},"end":{"line":302,"column":30}}]},"38":{"loc":{"start":{"line":312,"column":15},"end":{"line":312,"column":47}},"type":"cond-expr","locations":[{"start":{"line":312,"column":35},"end":{"line":312,"column":42}},{"start":{"line":312,"column":45},"end":{"line":312,"column":47}}]},"39":{"loc":{"start":{"line":317,"column":2},"end":{"line":320,"column":3}},"type":"if","locations":[{"start":{"line":317,"column":2},"end":{"line":320,"column":3}},{"start":{},"end":{}}]},"40":{"loc":{"start":{"line":325,"column":4},"end":{"line":331,"column":69}},"type":"cond-expr","locations":[{"start":{"line":326,"column":8},"end":{"line":326,"column":50}},{"start":{"line":327,"column":8},"end":{"line":331,"column":69}}]},"41":{"loc":{"start":{"line":327,"column":8},"end":{"line":331,"column":69}},"type":"cond-expr","locations":[{"start":{"line":328,"column":10},"end":{"line":328,"column":52}},{"start":{"line":329,"column":10},"end":{"line":331,"column":69}}]},"42":{"loc":{"start":{"line":329,"column":10},"end":{"line":331,"column":69}},"type":"cond-expr","locations":[{"start":{"line":330,"column":12},"end":{"line":330,"column":69}},{"start":{"line":331,"column":12},"end":{"line":331,"column":69}}]},"43":{"loc":{"start":{"line":333,"column":2},"end":{"line":335,"column":3}},"type":"if","locations":[{"start":{"line":333,"column":2},"end":{"line":335,"column":3}},{"start":{},"end":{}}]}},"s":{"0":1,"1":1,"2":44,"3":1,"4":78,"5":24,"6":54,"7":1,"8":53,"9":1,"10":23,"11":1,"12":19,"13":19,"14":19,"15":19,"16":19,"17":1,"18":19,"19":1,"20":19,"21":1,"22":19,"23":1,"24":5,"25":0,"26":0,"27":5,"28":10,"29":10,"30":10,"31":5,"32":1,"33":5,"34":1,"35":5,"36":0,"37":0,"38":5,"39":1,"40":5,"41":5,"42":5,"43":5,"44":1,"45":5,"46":1,"47":5,"48":5,"49":5,"50":5,"51":5,"52":2,"53":2,"54":1,"55":1,"56":1,"57":0,"58":1,"59":1,"60":1,"61":1,"62":1,"63":5,"64":1,"65":6,"66":6,"67":6,"68":1,"69":6,"70":1,"71":4,"72":4,"73":1,"74":4,"75":4,"76":4,"77":4,"78":4,"79":1,"80":4,"81":4,"82":1,"83":4,"84":4,"85":1,"86":4,"87":4,"88":4,"89":1,"90":23,"91":23,"92":23,"93":23,"94":4,"95":4,"96":19,"97":19,"98":19,"99":10,"100":9,"101":1},"f":{"0":44,"1":78,"2":53,"3":23,"4":19,"5":5,"6":10,"7":10,"8":10,"9":5,"10":5,"11":6,"12":4,"13":4,"14":23},"b":{"0":[44,35],"1":[24,54],"2":[53,53],"3":[23,18,12,8],"4":[19,18],"5":[1,18],"6":[1,18],"7":[1,18],"8":[19,19],"9":[19,0],"10":[0,5],"11":[1,4],"12":[5,4],"13":[0,5],"14":[5,5,5],"15":[5,0],"16":[1,4],"17":[1,4],"18":[5,5,5],"19":[2,3],"20":[1,1],"21":[1,1],"22":[0,1],"23":[5,0],"24":[5,1],"25":[6,0],"26":[1,5],"27":[5,1],"28":[1,3],"29":[1,3],"30":[1,3],"31":[4,3],"32":[1,3],"33":[1,3],"34":[4,2],"35":[0,4],"36":[0,4],"37":[4,4],"38":[21,2],"39":[4,19],"40":[5,14],"41":[6,8],"42":[4,4],"43":[10,9]}}
,"/home/lucas-antunes/Desktop/educado/educado-api/src/application/activities/activity-validation-db.ts": {"path":"/home/lucas-antunes/Desktop/educado/educado-api/src/application/activities/activity-validation-db.ts","statementMap":{"0":{"start":{"line":9,"column":23},"end":{"line":9,"column":39}},"1":{"start":{"line":10,"column":19},"end":{"line":10,"column":84}},"2":{"start":{"line":11,"column":23},"end":{"line":11,"column":85}},"3":{"start":{"line":11,"column":39},"end":{"line":11,"column":85}},"4":{"start":{"line":28,"column":22},"end":{"line":31,"column":1}},"5":{"start":{"line":29,"column":2},"end":{"line":29,"column":null}},"6":{"start":{"line":29,"column":33},"end":{"line":29,"column":null}},"7":{"start":{"line":30,"column":2},"end":{"line":30,"column":null}},"8":{"start":{"line":33,"column":17},"end":{"line":40,"column":1}},"9":{"start":{"line":34,"column":2},"end":{"line":39,"column":null}},"10":{"start":{"line":42,"column":25},"end":{"line":55,"column":1}},"11":{"start":{"line":43,"column":2},"end":{"line":43,"column":null}},"12":{"start":{"line":43,"column":45},"end":{"line":43,"column":null}},"13":{"start":{"line":44,"column":2},"end":{"line":44,"column":null}},"14":{"start":{"line":44,"column":29},"end":{"line":44,"column":null}},"15":{"start":{"line":46,"column":20},"end":{"line":48,"column":31}},"16":{"start":{"line":47,"column":38},"end":{"line":47,"column":62}},"17":{"start":{"line":48,"column":19},"end":{"line":48,"column":30}},"18":{"start":{"line":50,"column":2},"end":{"line":52,"column":3}},"19":{"start":{"line":51,"column":4},"end":{"line":51,"column":null}},"20":{"start":{"line":54,"column":2},"end":{"line":54,"column":null}},"21":{"start":{"line":57,"column":27},"end":{"line":65,"column":1}},"22":{"start":{"line":60,"column":2},"end":{"line":60,"column":null}},"23":{"start":{"line":60,"column":27},"end":{"line":60,"column":null}},"24":{"start":{"line":61,"column":2},"end":{"line":61,"column":null}},"25":{"start":{"line":61,"column":22},"end":{"line":61,"column":null}},"26":{"start":{"line":62,"column":2},"end":{"line":62,"column":null}},"27":{"start":{"line":62,"column":34},"end":{"line":62,"column":null}},"28":{"start":{"line":63,"column":2},"end":{"line":63,"column":null}},"29":{"start":{"line":63,"column":60},"end":{"line":63,"column":null}},"30":{"start":{"line":64,"column":2},"end":{"line":64,"column":null}},"31":{"start":{"line":67,"column":41},"end":{"line":174,"column":1}},"32":{"start":{"line":71,"column":16},"end":{"line":71,"column":29}},"33":{"start":{"line":72,"column":35},"end":{"line":72,"column":37}},"34":{"start":{"line":74,"column":13},"end":{"line":74,"column":35}},"35":{"start":{"line":75,"column":20},"end":{"line":75,"column":49}},"36":{"start":{"line":76,"column":16},"end":{"line":76,"column":70}},"37":{"start":{"line":77,"column":15},"end":{"line":77,"column":24}},"38":{"start":{"line":78,"column":16},"end":{"line":78,"column":26}},"39":{"start":{"line":79,"column":28},"end":{"line":79,"column":47}},"40":{"start":{"line":80,"column":19},"end":{"line":80,"column":79}},"41":{"start":{"line":82,"column":4},"end":{"line":82,"column":72}},"42":{"start":{"line":83,"column":15},"end":{"line":83,"column":67}},"43":{"start":{"line":85,"column":20},"end":{"line":85,"column":52}},"44":{"start":{"line":86,"column":18},"end":{"line":86,"column":48}},"45":{"start":{"line":87,"column":24},"end":{"line":87,"column":62}},"46":{"start":{"line":89,"column":2},"end":{"line":91,"column":3}},"47":{"start":{"line":90,"column":4},"end":{"line":90,"column":null}},"48":{"start":{"line":90,"column":13},"end":{"line":90,"column":null}},"49":{"start":{"line":93,"column":2},"end":{"line":95,"column":3}},"50":{"start":{"line":94,"column":4},"end":{"line":94,"column":null}},"51":{"start":{"line":94,"column":20},"end":{"line":94,"column":null}},"52":{"start":{"line":97,"column":2},"end":{"line":99,"column":3}},"53":{"start":{"line":98,"column":4},"end":{"line":98,"column":null}},"54":{"start":{"line":98,"column":25},"end":{"line":98,"column":null}},"55":{"start":{"line":101,"column":2},"end":{"line":105,"column":3}},"56":{"start":{"line":102,"column":4},"end":{"line":104,"column":5}},"57":{"start":{"line":103,"column":6},"end":{"line":103,"column":null}},"58":{"start":{"line":107,"column":2},"end":{"line":109,"column":3}},"59":{"start":{"line":108,"column":4},"end":{"line":108,"column":null}},"60":{"start":{"line":111,"column":2},"end":{"line":119,"column":3}},"61":{"start":{"line":112,"column":4},"end":{"line":118,"column":5}},"62":{"start":{"line":117,"column":6},"end":{"line":117,"column":null}},"63":{"start":{"line":121,"column":2},"end":{"line":127,"column":3}},"64":{"start":{"line":126,"column":4},"end":{"line":126,"column":null}},"65":{"start":{"line":129,"column":2},"end":{"line":131,"column":3}},"66":{"start":{"line":130,"column":4},"end":{"line":130,"column":null}},"67":{"start":{"line":133,"column":2},"end":{"line":135,"column":3}},"68":{"start":{"line":134,"column":4},"end":{"line":134,"column":null}},"69":{"start":{"line":137,"column":2},"end":{"line":141,"column":3}},"70":{"start":{"line":138,"column":4},"end":{"line":140,"column":5}},"71":{"start":{"line":139,"column":6},"end":{"line":139,"column":null}},"72":{"start":{"line":143,"column":2},"end":{"line":145,"column":3}},"73":{"start":{"line":144,"column":4},"end":{"line":144,"column":null}},"74":{"start":{"line":147,"column":15},"end":{"line":147,"column":38}},"75":{"start":{"line":149,"column":2},"end":{"line":159,"column":3}},"76":{"start":{"line":150,"column":4},"end":{"line":150,"column":null}},"77":{"start":{"line":151,"column":4},"end":{"line":151,"column":null}},"78":{"start":{"line":152,"column":4},"end":{"line":152,"column":null}},"79":{"start":{"line":153,"column":4},"end":{"line":153,"column":null}},"80":{"start":{"line":155,"column":4},"end":{"line":155,"column":null}},"81":{"start":{"line":155,"column":38},"end":{"line":155,"column":null}},"82":{"start":{"line":156,"column":4},"end":{"line":156,"column":null}},"83":{"start":{"line":156,"column":33},"end":{"line":156,"column":null}},"84":{"start":{"line":157,"column":4},"end":{"line":157,"column":null}},"85":{"start":{"line":157,"column":34},"end":{"line":157,"column":null}},"86":{"start":{"line":158,"column":4},"end":{"line":158,"column":null}},"87":{"start":{"line":158,"column":31},"end":{"line":158,"column":null}},"88":{"start":{"line":161,"column":2},"end":{"line":161,"column":null}},"89":{"start":{"line":161,"column":32},"end":{"line":161,"column":null}},"90":{"start":{"line":162,"column":2},"end":{"line":165,"column":3}},"91":{"start":{"line":163,"column":4},"end":{"line":164,"column":null}},"92":{"start":{"line":166,"column":2},"end":{"line":166,"column":null}},"93":{"start":{"line":166,"column":36},"end":{"line":166,"column":null}},"94":{"start":{"line":167,"column":2},"end":{"line":167,"column":null}},"95":{"start":{"line":167,"column":35},"end":{"line":167,"column":null}},"96":{"start":{"line":168,"column":2},"end":{"line":168,"column":null}},"97":{"start":{"line":168,"column":39},"end":{"line":168,"column":null}},"98":{"start":{"line":169,"column":2},"end":{"line":169,"column":null}},"99":{"start":{"line":169,"column":34},"end":{"line":169,"column":null}},"100":{"start":{"line":170,"column":2},"end":{"line":170,"column":null}},"101":{"start":{"line":170,"column":40},"end":{"line":170,"column":null}},"102":{"start":{"line":171,"column":2},"end":{"line":171,"column":null}},"103":{"start":{"line":171,"column":31},"end":{"line":171,"column":null}},"104":{"start":{"line":173,"column":2},"end":{"line":173,"column":null}},"105":{"start":{"line":67,"column":13},"end":{"line":67,"column":41}}},"fnMap":{"0":{"name":"(anonymous_0)","decl":{"start":{"line":11,"column":23},"end":{"line":11,"column":24}},"loc":{"start":{"line":11,"column":39},"end":{"line":11,"column":85}}},"1":{"name":"(anonymous_1)","decl":{"start":{"line":28,"column":22},"end":{"line":28,"column":23}},"loc":{"start":{"line":28,"column":49},"end":{"line":31,"column":1}}},"2":{"name":"(anonymous_2)","decl":{"start":{"line":33,"column":17},"end":{"line":33,"column":18}},"loc":{"start":{"line":33,"column":61},"end":{"line":40,"column":1}}},"3":{"name":"(anonymous_3)","decl":{"start":{"line":42,"column":25},"end":{"line":42,"column":26}},"loc":{"start":{"line":42,"column":61},"end":{"line":55,"column":1}}},"4":{"name":"(anonymous_4)","decl":{"start":{"line":47,"column":12},"end":{"line":47,"column":13}},"loc":{"start":{"line":47,"column":38},"end":{"line":47,"column":62}}},"5":{"name":"(anonymous_5)","decl":{"start":{"line":48,"column":9},"end":{"line":48,"column":10}},"loc":{"start":{"line":48,"column":19},"end":{"line":48,"column":30}}},"6":{"name":"(anonymous_6)","decl":{"start":{"line":57,"column":27},"end":{"line":57,"column":null}},"loc":{"start":{"line":59,"column":41},"end":{"line":65,"column":1}}},"7":{"name":"(anonymous_7)","decl":{"start":{"line":67,"column":41},"end":{"line":67,"column":null}},"loc":{"start":{"line":70,"column":66},"end":{"line":174,"column":1}}}},"branchMap":{"0":{"loc":{"start":{"line":11,"column":39},"end":{"line":11,"column":85}},"type":"binary-expr","locations":[{"start":{"line":11,"column":39},"end":{"line":11,"column":62}},{"start":{"line":11,"column":66},"end":{"line":11,"column":85}}]},"1":{"loc":{"start":{"line":29,"column":2},"end":{"line":29,"column":null}},"type":"if","locations":[{"start":{"line":29,"column":2},"end":{"line":29,"column":null}},{"start":{},"end":{}}]},"2":{"loc":{"start":{"line":35,"column":4},"end":{"line":38,"column":31}},"type":"binary-expr","locations":[{"start":{"line":35,"column":4},"end":{"line":35,"column":27}},{"start":{"line":36,"column":4},"end":{"line":36,"column":26}},{"start":{"line":37,"column":4},"end":{"line":37,"column":28}},{"start":{"line":38,"column":4},"end":{"line":38,"column":31}}]},"3":{"loc":{"start":{"line":43,"column":2},"end":{"line":43,"column":null}},"type":"if","locations":[{"start":{"line":43,"column":2},"end":{"line":43,"column":null}},{"start":{},"end":{}}]},"4":{"loc":{"start":{"line":43,"column":6},"end":{"line":43,"column":43}},"type":"binary-expr","locations":[{"start":{"line":43,"column":6},"end":{"line":43,"column":20}},{"start":{"line":43,"column":24},"end":{"line":43,"column":43}}]},"5":{"loc":{"start":{"line":44,"column":2},"end":{"line":44,"column":null}},"type":"if","locations":[{"start":{"line":44,"column":2},"end":{"line":44,"column":null}},{"start":{},"end":{}}]},"6":{"loc":{"start":{"line":50,"column":2},"end":{"line":52,"column":3}},"type":"if","locations":[{"start":{"line":50,"column":2},"end":{"line":52,"column":3}},{"start":{},"end":{}}]},"7":{"loc":{"start":{"line":60,"column":2},"end":{"line":60,"column":null}},"type":"if","locations":[{"start":{"line":60,"column":2},"end":{"line":60,"column":null}},{"start":{},"end":{}}]},"8":{"loc":{"start":{"line":61,"column":2},"end":{"line":61,"column":null}},"type":"if","locations":[{"start":{"line":61,"column":2},"end":{"line":61,"column":null}},{"start":{},"end":{}}]},"9":{"loc":{"start":{"line":62,"column":2},"end":{"line":62,"column":null}},"type":"if","locations":[{"start":{"line":62,"column":2},"end":{"line":62,"column":null}},{"start":{},"end":{}}]},"10":{"loc":{"start":{"line":63,"column":2},"end":{"line":63,"column":null}},"type":"if","locations":[{"start":{"line":63,"column":2},"end":{"line":63,"column":null}},{"start":{},"end":{}}]},"11":{"loc":{"start":{"line":63,"column":6},"end":{"line":63,"column":58}},"type":"binary-expr","locations":[{"start":{"line":63,"column":6},"end":{"line":63,"column":31}},{"start":{"line":63,"column":35},"end":{"line":63,"column":58}}]},"12":{"loc":{"start":{"line":69,"column":2},"end":{"line":69,"column":17}},"type":"default-arg","locations":[{"start":{"line":69,"column":12},"end":{"line":69,"column":17}}]},"13":{"loc":{"start":{"line":71,"column":16},"end":{"line":71,"column":29}},"type":"cond-expr","locations":[{"start":{"line":71,"column":16},"end":{"line":71,"column":23}},{"start":{"line":71,"column":27},"end":{"line":71,"column":29}}]},"14":{"loc":{"start":{"line":71,"column":16},"end":{"line":71,"column":27}},"type":"binary-expr","locations":[{"start":{"line":71,"column":16},"end":{"line":71,"column":27}},{"start":{"line":71,"column":16},"end":{"line":71,"column":27}}]},"15":{"loc":{"start":{"line":76,"column":16},"end":{"line":76,"column":70}},"type":"cond-expr","locations":[{"start":{"line":76,"column":38},"end":{"line":76,"column":42}},{"start":{"line":76,"column":45},"end":{"line":76,"column":70}}]},"16":{"loc":{"start":{"line":80,"column":19},"end":{"line":80,"column":79}},"type":"cond-expr","locations":[{"start":{"line":80,"column":44},"end":{"line":80,"column":48}},{"start":{"line":80,"column":51},"end":{"line":80,"column":79}}]},"17":{"loc":{"start":{"line":82,"column":4},"end":{"line":82,"column":72}},"type":"cond-expr","locations":[{"start":{"line":82,"column":33},"end":{"line":82,"column":37}},{"start":{"line":82,"column":40},"end":{"line":82,"column":72}}]},"18":{"loc":{"start":{"line":83,"column":15},"end":{"line":83,"column":67}},"type":"cond-expr","locations":[{"start":{"line":83,"column":36},"end":{"line":83,"column":40}},{"start":{"line":83,"column":43},"end":{"line":83,"column":67}}]},"19":{"loc":{"start":{"line":89,"column":2},"end":{"line":91,"column":3}},"type":"if","locations":[{"start":{"line":89,"column":2},"end":{"line":91,"column":3}},{"start":{},"end":{}}]},"20":{"loc":{"start":{"line":89,"column":6},"end":{"line":89,"column":39}},"type":"binary-expr","locations":[{"start":{"line":89,"column":6},"end":{"line":89,"column":14}},{"start":{"line":89,"column":18},"end":{"line":89,"column":39}}]},"21":{"loc":{"start":{"line":90,"column":4},"end":{"line":90,"column":null}},"type":"if","locations":[{"start":{"line":90,"column":4},"end":{"line":90,"column":null}},{"start":{},"end":{}}]},"22":{"loc":{"start":{"line":93,"column":2},"end":{"line":95,"column":3}},"type":"if","locations":[{"start":{"line":93,"column":2},"end":{"line":95,"column":3}},{"start":{},"end":{}}]},"23":{"loc":{"start":{"line":93,"column":6},"end":{"line":93,"column":46}},"type":"binary-expr","locations":[{"start":{"line":93,"column":6},"end":{"line":93,"column":14}},{"start":{"line":93,"column":18},"end":{"line":93,"column":46}}]},"24":{"loc":{"start":{"line":94,"column":4},"end":{"line":94,"column":null}},"type":"if","locations":[{"start":{"line":94,"column":4},"end":{"line":94,"column":null}},{"start":{},"end":{}}]},"25":{"loc":{"start":{"line":97,"column":2},"end":{"line":99,"column":3}},"type":"if","locations":[{"start":{"line":97,"column":2},"end":{"line":99,"column":3}},{"start":{},"end":{}}]},"26":{"loc":{"start":{"line":97,"column":6},"end":{"line":97,"column":41}},"type":"binary-expr","locations":[{"start":{"line":97,"column":6},"end":{"line":97,"column":14}},{"start":{"line":97,"column":18},"end":{"line":97,"column":41}}]},"27":{"loc":{"start":{"line":98,"column":4},"end":{"line":98,"column":null}},"type":"if","locations":[{"start":{"line":98,"column":4},"end":{"line":98,"column":null}},{"start":{},"end":{}}]},"28":{"loc":{"start":{"line":101,"column":2},"end":{"line":105,"column":3}},"type":"if","locations":[{"start":{"line":101,"column":2},"end":{"line":105,"column":3}},{"start":{},"end":{}}]},"29":{"loc":{"start":{"line":101,"column":6},"end":{"line":101,"column":42}},"type":"binary-expr","locations":[{"start":{"line":101,"column":6},"end":{"line":101,"column":14}},{"start":{"line":101,"column":18},"end":{"line":101,"column":42}}]},"30":{"loc":{"start":{"line":102,"column":4},"end":{"line":104,"column":5}},"type":"if","locations":[{"start":{"line":102,"column":4},"end":{"line":104,"column":5}},{"start":{},"end":{}}]},"31":{"loc":{"start":{"line":102,"column":8},"end":{"line":102,"column":74}},"type":"binary-expr","locations":[{"start":{"line":102,"column":8},"end":{"line":102,"column":33}},{"start":{"line":102,"column":37},"end":{"line":102,"column":61}},{"start":{"line":102,"column":65},"end":{"line":102,"column":74}}]},"32":{"loc":{"start":{"line":107,"column":2},"end":{"line":109,"column":3}},"type":"if","locations":[{"start":{"line":107,"column":2},"end":{"line":109,"column":3}},{"start":{},"end":{}}]},"33":{"loc":{"start":{"line":107,"column":6},"end":{"line":107,"column":70}},"type":"binary-expr","locations":[{"start":{"line":107,"column":6},"end":{"line":107,"column":30}},{"start":{"line":107,"column":34},"end":{"line":107,"column":48}},{"start":{"line":107,"column":52},"end":{"line":107,"column":70}}]},"34":{"loc":{"start":{"line":111,"column":2},"end":{"line":119,"column":3}},"type":"if","locations":[{"start":{"line":111,"column":2},"end":{"line":119,"column":3}},{"start":{},"end":{}}]},"35":{"loc":{"start":{"line":111,"column":6},"end":{"line":111,"column":69}},"type":"binary-expr","locations":[{"start":{"line":111,"column":6},"end":{"line":111,"column":39}},{"start":{"line":111,"column":43},"end":{"line":111,"column":69}}]},"36":{"loc":{"start":{"line":112,"column":4},"end":{"line":118,"column":5}},"type":"if","locations":[{"start":{"line":112,"column":4},"end":{"line":118,"column":5}},{"start":{},"end":{}}]},"37":{"loc":{"start":{"line":113,"column":6},"end":{"line":115,"column":27}},"type":"binary-expr","locations":[{"start":{"line":113,"column":6},"end":{"line":113,"column":43}},{"start":{"line":114,"column":6},"end":{"line":114,"column":42}},{"start":{"line":115,"column":6},"end":{"line":115,"column":27}}]},"38":{"loc":{"start":{"line":121,"column":2},"end":{"line":127,"column":3}},"type":"if","locations":[{"start":{"line":121,"column":2},"end":{"line":127,"column":3}},{"start":{},"end":{}}]},"39":{"loc":{"start":{"line":122,"column":4},"end":{"line":124,"column":27}},"type":"binary-expr","locations":[{"start":{"line":122,"column":4},"end":{"line":122,"column":32}},{"start":{"line":123,"column":4},"end":{"line":123,"column":22}},{"start":{"line":124,"column":4},"end":{"line":124,"column":27}}]},"40":{"loc":{"start":{"line":129,"column":2},"end":{"line":131,"column":3}},"type":"if","locations":[{"start":{"line":129,"column":2},"end":{"line":131,"column":3}},{"start":{},"end":{}}]},"41":{"loc":{"start":{"line":129,"column":6},"end":{"line":129,"column":77}},"type":"binary-expr","locations":[{"start":{"line":129,"column":6},"end":{"line":129,"column":32}},{"start":{"line":129,"column":36},"end":{"line":129,"column":52}},{"start":{"line":129,"column":56},"end":{"line":129,"column":77}}]},"42":{"loc":{"start":{"line":133,"column":2},"end":{"line":135,"column":3}},"type":"if","locations":[{"start":{"line":133,"column":2},"end":{"line":135,"column":3}},{"start":{},"end":{}}]},"43":{"loc":{"start":{"line":133,"column":6},"end":{"line":133,"column":69}},"type":"binary-expr","locations":[{"start":{"line":133,"column":6},"end":{"line":133,"column":38}},{"start":{"line":133,"column":42},"end":{"line":133,"column":69}}]},"44":{"loc":{"start":{"line":137,"column":2},"end":{"line":141,"column":3}},"type":"if","locations":[{"start":{"line":137,"column":2},"end":{"line":141,"column":3}},{"start":{},"end":{}}]},"45":{"loc":{"start":{"line":138,"column":4},"end":{"line":140,"column":5}},"type":"if","locations":[{"start":{"line":138,"column":4},"end":{"line":140,"column":5}},{"start":{},"end":{}}]},"46":{"loc":{"start":{"line":138,"column":8},"end":{"line":138,"column":53}},"type":"binary-expr","locations":[{"start":{"line":138,"column":8},"end":{"line":138,"column":20}},{"start":{"line":138,"column":24},"end":{"line":138,"column":53}}]},"47":{"loc":{"start":{"line":143,"column":2},"end":{"line":145,"column":3}},"type":"if","locations":[{"start":{"line":143,"column":2},"end":{"line":145,"column":3}},{"start":{},"end":{}}]},"48":{"loc":{"start":{"line":149,"column":2},"end":{"line":159,"column":3}},"type":"if","locations":[{"start":{"line":149,"column":2},"end":{"line":159,"column":3}},{"start":{"line":154,"column":9},"end":{"line":159,"column":3}}]},"49":{"loc":{"start":{"line":151,"column":16},"end":{"line":151,"column":54}},"type":"cond-expr","locations":[{"start":{"line":151,"column":33},"end":{"line":151,"column":37}},{"start":{"line":151,"column":40},"end":{"line":151,"column":54}}]},"50":{"loc":{"start":{"line":152,"column":17},"end":{"line":152,"column":54}},"type":"cond-expr","locations":[{"start":{"line":152,"column":45},"end":{"line":152,"column":50}},{"start":{"line":152,"column":53},"end":{"line":152,"column":54}}]},"51":{"loc":{"start":{"line":155,"column":4},"end":{"line":155,"column":null}},"type":"if","locations":[{"start":{"line":155,"column":4},"end":{"line":155,"column":null}},{"start":{},"end":{}}]},"52":{"loc":{"start":{"line":156,"column":4},"end":{"line":156,"column":null}},"type":"if","locations":[{"start":{"line":156,"column":4},"end":{"line":156,"column":null}},{"start":{},"end":{}}]},"53":{"loc":{"start":{"line":157,"column":4},"end":{"line":157,"column":null}},"type":"if","locations":[{"start":{"line":157,"column":4},"end":{"line":157,"column":null}},{"start":{},"end":{}}]},"54":{"loc":{"start":{"line":158,"column":4},"end":{"line":158,"column":null}},"type":"if","locations":[{"start":{"line":158,"column":4},"end":{"line":158,"column":null}},{"start":{},"end":{}}]},"55":{"loc":{"start":{"line":161,"column":2},"end":{"line":161,"column":null}},"type":"if","locations":[{"start":{"line":161,"column":2},"end":{"line":161,"column":null}},{"start":{},"end":{}}]},"56":{"loc":{"start":{"line":162,"column":2},"end":{"line":165,"column":3}},"type":"if","locations":[{"start":{"line":162,"column":2},"end":{"line":165,"column":3}},{"start":{},"end":{}}]},"57":{"loc":{"start":{"line":164,"column":6},"end":{"line":164,"column":71}},"type":"cond-expr","locations":[{"start":{"line":164,"column":35},"end":{"line":164,"column":39}},{"start":{"line":164,"column":43},"end":{"line":164,"column":71}}]},"58":{"loc":{"start":{"line":166,"column":2},"end":{"line":166,"column":null}},"type":"if","locations":[{"start":{"line":166,"column":2},"end":{"line":166,"column":null}},{"start":{},"end":{}}]},"59":{"loc":{"start":{"line":167,"column":2},"end":{"line":167,"column":null}},"type":"if","locations":[{"start":{"line":167,"column":2},"end":{"line":167,"column":null}},{"start":{},"end":{}}]},"60":{"loc":{"start":{"line":168,"column":2},"end":{"line":168,"column":null}},"type":"if","locations":[{"start":{"line":168,"column":2},"end":{"line":168,"column":null}},{"start":{},"end":{}}]},"61":{"loc":{"start":{"line":169,"column":2},"end":{"line":169,"column":null}},"type":"if","locations":[{"start":{"line":169,"column":2},"end":{"line":169,"column":null}},{"start":{},"end":{}}]},"62":{"loc":{"start":{"line":170,"column":2},"end":{"line":170,"column":null}},"type":"if","locations":[{"start":{"line":170,"column":2},"end":{"line":170,"column":null}},{"start":{},"end":{}}]},"63":{"loc":{"start":{"line":171,"column":2},"end":{"line":171,"column":null}},"type":"if","locations":[{"start":{"line":171,"column":2},"end":{"line":171,"column":null}},{"start":{},"end":{}}]}},"s":{"0":1,"1":1,"2":1,"3":4,"4":1,"5":244,"6":160,"7":84,"8":1,"9":61,"10":1,"11":82,"12":76,"13":6,"14":0,"15":6,"16":14,"17":9,"18":6,"19":2,"20":4,"21":1,"22":41,"23":35,"24":6,"25":1,"26":5,"27":1,"28":4,"29":2,"30":2,"31":1,"32":41,"33":41,"34":41,"35":41,"36":41,"37":41,"38":41,"39":41,"40":41,"41":41,"42":41,"43":41,"44":41,"45":41,"46":41,"47":38,"48":2,"49":41,"50":38,"51":2,"52":41,"53":39,"54":4,"55":41,"56":38,"57":4,"58":41,"59":1,"60":41,"61":4,"62":2,"63":41,"64":1,"65":41,"66":1,"67":41,"68":2,"69":41,"70":5,"71":1,"72":41,"73":17,"74":24,"75":24,"76":22,"77":22,"78":22,"79":22,"80":2,"81":0,"82":2,"83":0,"84":2,"85":0,"86":2,"87":0,"88":24,"89":4,"90":24,"91":3,"92":24,"93":3,"94":24,"95":1,"96":24,"97":4,"98":24,"99":3,"100":24,"101":4,"102":24,"103":1,"104":24,"105":1},"f":{"0":4,"1":244,"2":61,"3":82,"4":14,"5":9,"6":41,"7":41},"b":{"0":[4,2],"1":[160,84],"2":[61,59,57,6],"3":[76,6],"4":[82,80],"5":[0,6],"6":[2,4],"7":[35,6],"8":[1,5],"9":[1,4],"10":[2,2],"11":[4,3],"12":[38],"13":[41,0],"14":[41,41],"15":[1,40],"16":[0,41],"17":[1,40],"18":[0,41],"19":[38,3],"20":[41,3],"21":[2,36],"22":[38,3],"23":[41,3],"24":[2,36],"25":[39,2],"26":[41,3],"27":[4,35],"28":[38,3],"29":[41,3],"30":[4,34],"31":[38,36,35],"32":[1,40],"33":[41,5,4],"34":[4,37],"35":[41,5],"36":[2,2],"37":[4,4,3],"38":[1,40],"39":[41,4,2],"40":[1,40],"41":[41,4,2],"42":[2,39],"43":[41,6],"44":[5,36],"45":[1,4],"46":[5,4],"47":[17,24],"48":[22,2],"49":[22,0],"50":[22,0],"51":[0,2],"52":[0,2],"53":[0,2],"54":[0,2],"55":[4,20],"56":[3,21],"57":[1,2],"58":[3,21],"59":[1,23],"60":[4,20],"61":[3,21],"62":[4,20],"63":[1,23]}}
,"/home/lucas-antunes/Desktop/educado/educado-api/src/application/common/app-error.ts": {"path":"/home/lucas-antunes/Desktop/educado/educado-api/src/application/common/app-error.ts","statementMap":{"0":{"start":{"line":6,"column":4},"end":{"line":6,"column":null}},"1":{"start":{"line":7,"column":4},"end":{"line":7,"column":null}},"2":{"start":{"line":8,"column":4},"end":{"line":8,"column":null}},"3":{"start":{"line":1,"column":0},"end":{"line":1,"column":13}}},"fnMap":{"0":{"name":"(anonymous_0)","decl":{"start":{"line":5,"column":2},"end":{"line":5,"column":14}},"loc":{"start":{"line":5,"column":66},"end":{"line":9,"column":3}}}},"branchMap":{"0":{"loc":{"start":{"line":6,"column":17},"end":{"line":6,"column":44}},"type":"cond-expr","locations":[{"start":{"line":6,"column":29},"end":{"line":6,"column":33}},{"start":{"line":6,"column":33},"end":{"line":6,"column":44}}]},"1":{"loc":{"start":{"line":6,"column":17},"end":{"line":6,"column":33}},"type":"binary-expr","locations":[{"start":{"line":6,"column":17},"end":{"line":6,"column":33}},{"start":{"line":6,"column":29},"end":{"line":6,"column":33}}]}},"s":{"0":78,"1":78,"2":78,"3":6},"f":{"0":78},"b":{"0":[77,1],"1":[78,78]}}
,"/home/lucas-antunes/Desktop/educado/educado-api/src/application/courses/course-access-service.ts": {"path":"/home/lucas-antunes/Desktop/educado/educado-api/src/application/courses/course-access-service.ts","statementMap":{"0":{"start":{"line":1,"column":0},"end":{"line":1,"column":57}},"1":{"start":{"line":2,"column":0},"end":{"line":2,"column":46}},"2":{"start":{"line":3,"column":0},"end":{"line":3,"column":50}},"3":{"start":{"line":21,"column":22},"end":{"line":25,"column":1}},"4":{"start":{"line":22,"column":2},"end":{"line":22,"column":null}},"5":{"start":{"line":22,"column":33},"end":{"line":22,"column":null}},"6":{"start":{"line":23,"column":21},"end":{"line":23,"column":33}},"7":{"start":{"line":24,"column":2},"end":{"line":24,"column":null}},"8":{"start":{"line":27,"column":33},"end":{"line":31,"column":1}},"9":{"start":{"line":28,"column":2},"end":{"line":28,"column":null}},"10":{"start":{"line":28,"column":32},"end":{"line":28,"column":null}},"11":{"start":{"line":29,"column":2},"end":{"line":29,"column":null}},"12":{"start":{"line":29,"column":34},"end":{"line":29,"column":null}},"13":{"start":{"line":30,"column":2},"end":{"line":30,"column":null}},"14":{"start":{"line":27,"column":13},"end":{"line":27,"column":33}},"15":{"start":{"line":33,"column":31},"end":{"line":45,"column":1}},"16":{"start":{"line":36,"column":2},"end":{"line":42,"column":3}},"17":{"start":{"line":41,"column":4},"end":{"line":41,"column":null}},"18":{"start":{"line":44,"column":2},"end":{"line":44,"column":null}},"19":{"start":{"line":33,"column":13},"end":{"line":33,"column":31}},"20":{"start":{"line":47,"column":38},"end":{"line":87,"column":1}},"21":{"start":{"line":51,"column":38},"end":{"line":51,"column":40}},"22":{"start":{"line":53,"column":2},"end":{"line":55,"column":3}},"23":{"start":{"line":54,"column":4},"end":{"line":54,"column":null}},"24":{"start":{"line":57,"column":2},"end":{"line":61,"column":3}},"25":{"start":{"line":58,"column":4},"end":{"line":58,"column":null}},"26":{"start":{"line":59,"column":9},"end":{"line":61,"column":3}},"27":{"start":{"line":60,"column":4},"end":{"line":60,"column":null}},"28":{"start":{"line":63,"column":19},"end":{"line":63,"column":50}},"29":{"start":{"line":64,"column":2},"end":{"line":66,"column":3}},"30":{"start":{"line":65,"column":4},"end":{"line":65,"column":null}},"31":{"start":{"line":68,"column":21},"end":{"line":68,"column":56}},"32":{"start":{"line":69,"column":2},"end":{"line":71,"column":3}},"33":{"start":{"line":70,"column":4},"end":{"line":70,"column":null}},"34":{"start":{"line":73,"column":16},"end":{"line":73,"column":40}},"35":{"start":{"line":74,"column":2},"end":{"line":84,"column":3}},"36":{"start":{"line":75,"column":25},"end":{"line":81,"column":null}},"37":{"start":{"line":83,"column":4},"end":{"line":83,"column":null}},"38":{"start":{"line":86,"column":2},"end":{"line":86,"column":null}},"39":{"start":{"line":47,"column":13},"end":{"line":47,"column":38}},"40":{"start":{"line":89,"column":38},"end":{"line":105,"column":null}},"41":{"start":{"line":93,"column":21},"end":{"line":105,"column":null}},"42":{"start":{"line":94,"column":17},"end":{"line":94,"column":51}},"43":{"start":{"line":96,"column":2},"end":{"line":98,"column":3}},"44":{"start":{"line":97,"column":4},"end":{"line":97,"column":null}},"45":{"start":{"line":100,"column":2},"end":{"line":102,"column":3}},"46":{"start":{"line":101,"column":4},"end":{"line":101,"column":null}},"47":{"start":{"line":104,"column":2},"end":{"line":104,"column":null}},"48":{"start":{"line":89,"column":13},"end":{"line":89,"column":38}},"49":{"start":{"line":107,"column":27},"end":{"line":111,"column":1}},"50":{"start":{"line":108,"column":2},"end":{"line":110,"column":3}},"51":{"start":{"line":109,"column":4},"end":{"line":109,"column":null}},"52":{"start":{"line":107,"column":13},"end":{"line":107,"column":27}}},"fnMap":{"0":{"name":"(anonymous_7)","decl":{"start":{"line":21,"column":22},"end":{"line":21,"column":23}},"loc":{"start":{"line":21,"column":61},"end":{"line":25,"column":1}}},"1":{"name":"(anonymous_8)","decl":{"start":{"line":27,"column":33},"end":{"line":27,"column":34}},"loc":{"start":{"line":27,"column":72},"end":{"line":31,"column":1}}},"2":{"name":"(anonymous_9)","decl":{"start":{"line":33,"column":31},"end":{"line":33,"column":null}},"loc":{"start":{"line":35,"column":58},"end":{"line":45,"column":1}}},"3":{"name":"(anonymous_10)","decl":{"start":{"line":47,"column":38},"end":{"line":47,"column":null}},"loc":{"start":{"line":50,"column":26},"end":{"line":87,"column":1}}},"4":{"name":"(anonymous_11)","decl":{"start":{"line":89,"column":38},"end":{"line":89,"column":null}},"loc":{"start":{"line":93,"column":21},"end":{"line":105,"column":null}}},"5":{"name":"(anonymous_12)","decl":{"start":{"line":93,"column":21},"end":{"line":93,"column":null}},"loc":{"start":{"line":93,"column":21},"end":{"line":105,"column":1}}},"6":{"name":"(anonymous_13)","decl":{"start":{"line":107,"column":27},"end":{"line":107,"column":28}},"loc":{"start":{"line":107,"column":55},"end":{"line":111,"column":1}}}},"branchMap":{"0":{"loc":{"start":{"line":22,"column":2},"end":{"line":22,"column":null}},"type":"if","locations":[{"start":{"line":22,"column":2},"end":{"line":22,"column":null}},{"start":{},"end":{}}]},"1":{"loc":{"start":{"line":24,"column":9},"end":{"line":24,"column":44}},"type":"cond-expr","locations":[{"start":{"line":24,"column":22},"end":{"line":24,"column":32}},{"start":{"line":24,"column":35},"end":{"line":24,"column":44}}]},"2":{"loc":{"start":{"line":28,"column":2},"end":{"line":28,"column":null}},"type":"if","locations":[{"start":{"line":28,"column":2},"end":{"line":28,"column":null}},{"start":{},"end":{}}]},"3":{"loc":{"start":{"line":29,"column":2},"end":{"line":29,"column":null}},"type":"if","locations":[{"start":{"line":29,"column":2},"end":{"line":29,"column":null}},{"start":{},"end":{}}]},"4":{"loc":{"start":{"line":36,"column":2},"end":{"line":42,"column":3}},"type":"if","locations":[{"start":{"line":36,"column":2},"end":{"line":42,"column":3}},{"start":{},"end":{}}]},"5":{"loc":{"start":{"line":37,"column":4},"end":{"line":39,"column":34}},"type":"binary-expr","locations":[{"start":{"line":37,"column":4},"end":{"line":37,"column":34}},{"start":{"line":38,"column":4},"end":{"line":38,"column":38}},{"start":{"line":39,"column":4},"end":{"line":39,"column":34}}]},"6":{"loc":{"start":{"line":53,"column":2},"end":{"line":55,"column":3}},"type":"if","locations":[{"start":{"line":53,"column":2},"end":{"line":55,"column":3}},{"start":{},"end":{}}]},"7":{"loc":{"start":{"line":57,"column":2},"end":{"line":61,"column":3}},"type":"if","locations":[{"start":{"line":57,"column":2},"end":{"line":61,"column":3}},{"start":{"line":59,"column":9},"end":{"line":61,"column":3}}]},"8":{"loc":{"start":{"line":59,"column":9},"end":{"line":61,"column":3}},"type":"if","locations":[{"start":{"line":59,"column":9},"end":{"line":61,"column":3}},{"start":{},"end":{}}]},"9":{"loc":{"start":{"line":64,"column":2},"end":{"line":66,"column":3}},"type":"if","locations":[{"start":{"line":64,"column":2},"end":{"line":66,"column":3}},{"start":{},"end":{}}]},"10":{"loc":{"start":{"line":69,"column":2},"end":{"line":71,"column":3}},"type":"if","locations":[{"start":{"line":69,"column":2},"end":{"line":71,"column":3}},{"start":{},"end":{}}]},"11":{"loc":{"start":{"line":74,"column":2},"end":{"line":84,"column":3}},"type":"if","locations":[{"start":{"line":74,"column":2},"end":{"line":84,"column":3}},{"start":{},"end":{}}]},"12":{"loc":{"start":{"line":96,"column":2},"end":{"line":98,"column":3}},"type":"if","locations":[{"start":{"line":96,"column":2},"end":{"line":98,"column":3}},{"start":{},"end":{}}]},"13":{"loc":{"start":{"line":100,"column":2},"end":{"line":102,"column":3}},"type":"if","locations":[{"start":{"line":100,"column":2},"end":{"line":102,"column":3}},{"start":{},"end":{}}]},"14":{"loc":{"start":{"line":100,"column":6},"end":{"line":100,"column":61}},"type":"binary-expr","locations":[{"start":{"line":100,"column":6},"end":{"line":100,"column":27}},{"start":{"line":100,"column":31},"end":{"line":100,"column":61}}]},"15":{"loc":{"start":{"line":108,"column":2},"end":{"line":110,"column":3}},"type":"if","locations":[{"start":{"line":108,"column":2},"end":{"line":110,"column":3}},{"start":{},"end":{}}]}},"s":{"0":1,"1":1,"2":1,"3":1,"4":16,"5":15,"6":1,"7":1,"8":1,"9":4,"10":1,"11":3,"12":1,"13":2,"14":1,"15":1,"16":13,"17":4,"18":9,"19":1,"20":1,"21":8,"22":8,"23":1,"24":8,"25":1,"26":7,"27":1,"28":8,"29":8,"30":1,"31":8,"32":8,"33":1,"34":8,"35":8,"36":0,"37":0,"38":8,"39":1,"40":1,"41":4,"42":4,"43":4,"44":1,"45":3,"46":1,"47":2,"48":1,"49":1,"50":3,"51":2,"52":1},"f":{"0":16,"1":4,"2":13,"3":8,"4":4,"5":4,"6":3},"b":{"0":[15,1],"1":[1,0],"2":[1,3],"3":[1,2],"4":[4,9],"5":[13,11,10],"6":[1,7],"7":[1,7],"8":[1,6],"9":[1,7],"10":[1,7],"11":[0,8],"12":[1,3],"13":[1,2],"14":[3,2],"15":[2,1]}}
,"/home/lucas-antunes/Desktop/educado/educado-api/src/application/courses/course-validation.ts": {"path":"/home/lucas-antunes/Desktop/educado/educado-api/src/application/courses/course-validation.ts","statementMap":{"0":{"start":{"line":4,"column":23},"end":{"line":4,"column":39}},"1":{"start":{"line":5,"column":19},"end":{"line":5,"column":84}},"2":{"start":{"line":6,"column":23},"end":{"line":6,"column":85}},"3":{"start":{"line":6,"column":39},"end":{"line":6,"column":85}},"4":{"start":{"line":21,"column":22},"end":{"line":24,"column":1}},"5":{"start":{"line":22,"column":2},"end":{"line":22,"column":null}},"6":{"start":{"line":22,"column":33},"end":{"line":22,"column":null}},"7":{"start":{"line":23,"column":2},"end":{"line":23,"column":null}},"8":{"start":{"line":26,"column":18},"end":{"line":35,"column":1}},"9":{"start":{"line":27,"column":2},"end":{"line":27,"column":null}},"10":{"start":{"line":27,"column":29},"end":{"line":27,"column":null}},"11":{"start":{"line":29,"column":15},"end":{"line":32,"column":36}},"12":{"start":{"line":30,"column":36},"end":{"line":30,"column":59}},"13":{"start":{"line":31,"column":18},"end":{"line":31,"column":28}},"14":{"start":{"line":32,"column":21},"end":{"line":32,"column":35}},"15":{"start":{"line":34,"column":2},"end":{"line":34,"column":null}},"16":{"start":{"line":37,"column":28},"end":{"line":42,"column":1}},"17":{"start":{"line":38,"column":2},"end":{"line":38,"column":null}},"18":{"start":{"line":38,"column":27},"end":{"line":38,"column":null}},"19":{"start":{"line":39,"column":2},"end":{"line":39,"column":null}},"20":{"start":{"line":39,"column":22},"end":{"line":39,"column":null}},"21":{"start":{"line":40,"column":2},"end":{"line":40,"column":null}},"22":{"start":{"line":40,"column":56},"end":{"line":40,"column":null}},"23":{"start":{"line":41,"column":2},"end":{"line":41,"column":null}},"24":{"start":{"line":44,"column":26},"end":{"line":48,"column":1}},"25":{"start":{"line":45,"column":2},"end":{"line":47,"column":null}},"26":{"start":{"line":50,"column":37},"end":{"line":154,"column":1}},"27":{"start":{"line":54,"column":16},"end":{"line":54,"column":29}},"28":{"start":{"line":55,"column":35},"end":{"line":55,"column":37}},"29":{"start":{"line":57,"column":16},"end":{"line":57,"column":41}},"30":{"start":{"line":58,"column":22},"end":{"line":58,"column":53}},"31":{"start":{"line":59,"column":27},"end":{"line":59,"column":63}},"32":{"start":{"line":60,"column":23},"end":{"line":60,"column":55}},"33":{"start":{"line":61,"column":24},"end":{"line":61,"column":54}},"34":{"start":{"line":62,"column":24},"end":{"line":62,"column":57}},"35":{"start":{"line":63,"column":19},"end":{"line":63,"column":47}},"36":{"start":{"line":65,"column":30},"end":{"line":65,"column":51}},"37":{"start":{"line":67,"column":4},"end":{"line":70,"column":11}},"38":{"start":{"line":72,"column":15},"end":{"line":72,"column":35}},"39":{"start":{"line":73,"column":17},"end":{"line":73,"column":49}},"40":{"start":{"line":75,"column":2},"end":{"line":77,"column":3}},"41":{"start":{"line":76,"column":4},"end":{"line":76,"column":null}},"42":{"start":{"line":76,"column":26},"end":{"line":76,"column":null}},"43":{"start":{"line":79,"column":2},"end":{"line":81,"column":3}},"44":{"start":{"line":80,"column":4},"end":{"line":80,"column":null}},"45":{"start":{"line":80,"column":33},"end":{"line":80,"column":null}},"46":{"start":{"line":83,"column":2},"end":{"line":87,"column":3}},"47":{"start":{"line":84,"column":4},"end":{"line":86,"column":5}},"48":{"start":{"line":85,"column":6},"end":{"line":85,"column":null}},"49":{"start":{"line":89,"column":2},"end":{"line":95,"column":3}},"50":{"start":{"line":90,"column":4},"end":{"line":94,"column":5}},"51":{"start":{"line":91,"column":6},"end":{"line":91,"column":null}},"52":{"start":{"line":92,"column":11},"end":{"line":94,"column":5}},"53":{"start":{"line":93,"column":6},"end":{"line":93,"column":null}},"54":{"start":{"line":97,"column":2},"end":{"line":99,"column":3}},"55":{"start":{"line":98,"column":4},"end":{"line":98,"column":null}},"56":{"start":{"line":98,"column":43},"end":{"line":98,"column":null}},"57":{"start":{"line":101,"column":2},"end":{"line":103,"column":3}},"58":{"start":{"line":102,"column":4},"end":{"line":102,"column":null}},"59":{"start":{"line":102,"column":24},"end":{"line":102,"column":null}},"60":{"start":{"line":105,"column":2},"end":{"line":113,"column":3}},"61":{"start":{"line":106,"column":4},"end":{"line":112,"column":5}},"62":{"start":{"line":111,"column":6},"end":{"line":111,"column":null}},"63":{"start":{"line":115,"column":2},"end":{"line":117,"column":3}},"64":{"start":{"line":116,"column":4},"end":{"line":116,"column":null}},"65":{"start":{"line":116,"column":19},"end":{"line":116,"column":null}},"66":{"start":{"line":119,"column":2},"end":{"line":125,"column":3}},"67":{"start":{"line":120,"column":4},"end":{"line":124,"column":5}},"68":{"start":{"line":121,"column":6},"end":{"line":121,"column":null}},"69":{"start":{"line":122,"column":11},"end":{"line":124,"column":5}},"70":{"start":{"line":123,"column":6},"end":{"line":123,"column":null}},"71":{"start":{"line":127,"column":2},"end":{"line":129,"column":3}},"72":{"start":{"line":128,"column":4},"end":{"line":128,"column":null}},"73":{"start":{"line":131,"column":2},"end":{"line":133,"column":3}},"74":{"start":{"line":132,"column":4},"end":{"line":132,"column":null}},"75":{"start":{"line":135,"column":37},"end":{"line":137,"column":16}},"76":{"start":{"line":139,"column":2},"end":{"line":153,"column":null}},"77":{"start":{"line":50,"column":13},"end":{"line":50,"column":37}}},"fnMap":{"0":{"name":"(anonymous_0)","decl":{"start":{"line":6,"column":23},"end":{"line":6,"column":24}},"loc":{"start":{"line":6,"column":39},"end":{"line":6,"column":85}}},"1":{"name":"(anonymous_1)","decl":{"start":{"line":21,"column":22},"end":{"line":21,"column":23}},"loc":{"start":{"line":21,"column":49},"end":{"line":24,"column":1}}},"2":{"name":"(anonymous_2)","decl":{"start":{"line":26,"column":18},"end":{"line":26,"column":19}},"loc":{"start":{"line":26,"column":54},"end":{"line":35,"column":1}}},"3":{"name":"(anonymous_3)","decl":{"start":{"line":30,"column":12},"end":{"line":30,"column":13}},"loc":{"start":{"line":30,"column":36},"end":{"line":30,"column":59}}},"4":{"name":"(anonymous_4)","decl":{"start":{"line":31,"column":9},"end":{"line":31,"column":10}},"loc":{"start":{"line":31,"column":18},"end":{"line":31,"column":28}}},"5":{"name":"(anonymous_5)","decl":{"start":{"line":32,"column":12},"end":{"line":32,"column":13}},"loc":{"start":{"line":32,"column":21},"end":{"line":32,"column":35}}},"6":{"name":"(anonymous_6)","decl":{"start":{"line":37,"column":28},"end":{"line":37,"column":29}},"loc":{"start":{"line":37,"column":74},"end":{"line":42,"column":1}}},"7":{"name":"(anonymous_7)","decl":{"start":{"line":44,"column":26},"end":{"line":44,"column":27}},"loc":{"start":{"line":44,"column":65},"end":{"line":48,"column":1}}},"8":{"name":"(anonymous_8)","decl":{"start":{"line":50,"column":37},"end":{"line":50,"column":null}},"loc":{"start":{"line":53,"column":62},"end":{"line":154,"column":1}}}},"branchMap":{"0":{"loc":{"start":{"line":6,"column":39},"end":{"line":6,"column":85}},"type":"binary-expr","locations":[{"start":{"line":6,"column":39},"end":{"line":6,"column":62}},{"start":{"line":6,"column":66},"end":{"line":6,"column":85}}]},"1":{"loc":{"start":{"line":22,"column":2},"end":{"line":22,"column":null}},"type":"if","locations":[{"start":{"line":22,"column":2},"end":{"line":22,"column":null}},{"start":{},"end":{}}]},"2":{"loc":{"start":{"line":27,"column":2},"end":{"line":27,"column":null}},"type":"if","locations":[{"start":{"line":27,"column":2},"end":{"line":27,"column":null}},{"start":{},"end":{}}]},"3":{"loc":{"start":{"line":38,"column":2},"end":{"line":38,"column":null}},"type":"if","locations":[{"start":{"line":38,"column":2},"end":{"line":38,"column":null}},{"start":{},"end":{}}]},"4":{"loc":{"start":{"line":39,"column":2},"end":{"line":39,"column":null}},"type":"if","locations":[{"start":{"line":39,"column":2},"end":{"line":39,"column":null}},{"start":{},"end":{}}]},"5":{"loc":{"start":{"line":40,"column":2},"end":{"line":40,"column":null}},"type":"if","locations":[{"start":{"line":40,"column":2},"end":{"line":40,"column":null}},{"start":{},"end":{}}]},"6":{"loc":{"start":{"line":40,"column":6},"end":{"line":40,"column":54}},"type":"binary-expr","locations":[{"start":{"line":40,"column":6},"end":{"line":40,"column":31}},{"start":{"line":40,"column":35},"end":{"line":40,"column":54}}]},"7":{"loc":{"start":{"line":46,"column":4},"end":{"line":46,"column":76}},"type":"binary-expr","locations":[{"start":{"line":46,"column":4},"end":{"line":46,"column":24}},{"start":{"line":46,"column":28},"end":{"line":46,"column":52}},{"start":{"line":46,"column":56},"end":{"line":46,"column":76}}]},"8":{"loc":{"start":{"line":52,"column":2},"end":{"line":52,"column":17}},"type":"default-arg","locations":[{"start":{"line":52,"column":12},"end":{"line":52,"column":17}}]},"9":{"loc":{"start":{"line":54,"column":16},"end":{"line":54,"column":29}},"type":"cond-expr","locations":[{"start":{"line":54,"column":16},"end":{"line":54,"column":23}},{"start":{"line":54,"column":27},"end":{"line":54,"column":29}}]},"10":{"loc":{"start":{"line":54,"column":16},"end":{"line":54,"column":27}},"type":"binary-expr","locations":[{"start":{"line":54,"column":16},"end":{"line":54,"column":27}},{"start":{"line":54,"column":16},"end":{"line":54,"column":27}}]},"11":{"loc":{"start":{"line":67,"column":4},"end":{"line":70,"column":11}},"type":"cond-expr","locations":[{"start":{"line":69,"column":8},"end":{"line":69,"column":27}},{"start":{"line":70,"column":8},"end":{"line":70,"column":11}}]},"12":{"loc":{"start":{"line":67,"column":4},"end":{"line":68,"column":41}},"type":"binary-expr","locations":[{"start":{"line":67,"column":4},"end":{"line":67,"column":43}},{"start":{"line":68,"column":4},"end":{"line":68,"column":41}}]},"13":{"loc":{"start":{"line":75,"column":2},"end":{"line":77,"column":3}},"type":"if","locations":[{"start":{"line":75,"column":2},"end":{"line":77,"column":3}},{"start":{},"end":{}}]},"14":{"loc":{"start":{"line":75,"column":6},"end":{"line":75,"column":42}},"type":"binary-expr","locations":[{"start":{"line":75,"column":6},"end":{"line":75,"column":14}},{"start":{"line":75,"column":18},"end":{"line":75,"column":42}}]},"15":{"loc":{"start":{"line":76,"column":4},"end":{"line":76,"column":null}},"type":"if","locations":[{"start":{"line":76,"column":4},"end":{"line":76,"column":null}},{"start":{},"end":{}}]},"16":{"loc":{"start":{"line":79,"column":2},"end":{"line":81,"column":3}},"type":"if","locations":[{"start":{"line":79,"column":2},"end":{"line":81,"column":3}},{"start":{},"end":{}}]},"17":{"loc":{"start":{"line":79,"column":6},"end":{"line":79,"column":48}},"type":"binary-expr","locations":[{"start":{"line":79,"column":6},"end":{"line":79,"column":14}},{"start":{"line":79,"column":18},"end":{"line":79,"column":48}}]},"18":{"loc":{"start":{"line":80,"column":4},"end":{"line":80,"column":null}},"type":"if","locations":[{"start":{"line":80,"column":4},"end":{"line":80,"column":null}},{"start":{},"end":{}}]},"19":{"loc":{"start":{"line":83,"column":2},"end":{"line":87,"column":3}},"type":"if","locations":[{"start":{"line":83,"column":2},"end":{"line":87,"column":3}},{"start":{},"end":{}}]},"20":{"loc":{"start":{"line":83,"column":6},"end":{"line":83,"column":53}},"type":"binary-expr","locations":[{"start":{"line":83,"column":6},"end":{"line":83,"column":14}},{"start":{"line":83,"column":18},"end":{"line":83,"column":53}}]},"21":{"loc":{"start":{"line":84,"column":4},"end":{"line":86,"column":5}},"type":"if","locations":[{"start":{"line":84,"column":4},"end":{"line":86,"column":5}},{"start":{},"end":{}}]},"22":{"loc":{"start":{"line":89,"column":2},"end":{"line":95,"column":3}},"type":"if","locations":[{"start":{"line":89,"column":2},"end":{"line":95,"column":3}},{"start":{},"end":{}}]},"23":{"loc":{"start":{"line":89,"column":6},"end":{"line":89,"column":49}},"type":"binary-expr","locations":[{"start":{"line":89,"column":6},"end":{"line":89,"column":14}},{"start":{"line":89,"column":18},"end":{"line":89,"column":49}}]},"24":{"loc":{"start":{"line":90,"column":4},"end":{"line":94,"column":5}},"type":"if","locations":[{"start":{"line":90,"column":4},"end":{"line":94,"column":5}},{"start":{"line":92,"column":11},"end":{"line":94,"column":5}}]},"25":{"loc":{"start":{"line":92,"column":11},"end":{"line":94,"column":5}},"type":"if","locations":[{"start":{"line":92,"column":11},"end":{"line":94,"column":5}},{"start":{},"end":{}}]},"26":{"loc":{"start":{"line":97,"column":2},"end":{"line":99,"column":3}},"type":"if","locations":[{"start":{"line":97,"column":2},"end":{"line":99,"column":3}},{"start":{},"end":{}}]},"27":{"loc":{"start":{"line":97,"column":6},"end":{"line":97,"column":47}},"type":"binary-expr","locations":[{"start":{"line":97,"column":6},"end":{"line":97,"column":14}},{"start":{"line":97,"column":18},"end":{"line":97,"column":47}}]},"28":{"loc":{"start":{"line":98,"column":4},"end":{"line":98,"column":null}},"type":"if","locations":[{"start":{"line":98,"column":4},"end":{"line":98,"column":null}},{"start":{},"end":{}}]},"29":{"loc":{"start":{"line":101,"column":2},"end":{"line":103,"column":3}},"type":"if","locations":[{"start":{"line":101,"column":2},"end":{"line":103,"column":3}},{"start":{},"end":{}}]},"30":{"loc":{"start":{"line":101,"column":6},"end":{"line":101,"column":50}},"type":"binary-expr","locations":[{"start":{"line":101,"column":6},"end":{"line":101,"column":14}},{"start":{"line":101,"column":18},"end":{"line":101,"column":50}}]},"31":{"loc":{"start":{"line":102,"column":4},"end":{"line":102,"column":null}},"type":"if","locations":[{"start":{"line":102,"column":4},"end":{"line":102,"column":null}},{"start":{},"end":{}}]},"32":{"loc":{"start":{"line":105,"column":2},"end":{"line":113,"column":3}},"type":"if","locations":[{"start":{"line":105,"column":2},"end":{"line":113,"column":3}},{"start":{},"end":{}}]},"33":{"loc":{"start":{"line":105,"column":6},"end":{"line":105,"column":53}},"type":"binary-expr","locations":[{"start":{"line":105,"column":6},"end":{"line":105,"column":14}},{"start":{"line":105,"column":18},"end":{"line":105,"column":53}}]},"34":{"loc":{"start":{"line":106,"column":4},"end":{"line":112,"column":5}},"type":"if","locations":[{"start":{"line":106,"column":4},"end":{"line":112,"column":5}},{"start":{},"end":{}}]},"35":{"loc":{"start":{"line":107,"column":6},"end":{"line":109,"column":28}},"type":"binary-expr","locations":[{"start":{"line":107,"column":6},"end":{"line":107,"column":36}},{"start":{"line":108,"column":6},"end":{"line":108,"column":26}},{"start":{"line":109,"column":6},"end":{"line":109,"column":28}}]},"36":{"loc":{"start":{"line":115,"column":2},"end":{"line":117,"column":3}},"type":"if","locations":[{"start":{"line":115,"column":2},"end":{"line":117,"column":3}},{"start":{},"end":{}}]},"37":{"loc":{"start":{"line":115,"column":6},"end":{"line":115,"column":45}},"type":"binary-expr","locations":[{"start":{"line":115,"column":6},"end":{"line":115,"column":14}},{"start":{"line":115,"column":18},"end":{"line":115,"column":45}}]},"38":{"loc":{"start":{"line":116,"column":4},"end":{"line":116,"column":null}},"type":"if","locations":[{"start":{"line":116,"column":4},"end":{"line":116,"column":null}},{"start":{},"end":{}}]},"39":{"loc":{"start":{"line":119,"column":2},"end":{"line":125,"column":3}},"type":"if","locations":[{"start":{"line":119,"column":2},"end":{"line":125,"column":3}},{"start":{},"end":{}}]},"40":{"loc":{"start":{"line":119,"column":6},"end":{"line":119,"column":41}},"type":"binary-expr","locations":[{"start":{"line":119,"column":6},"end":{"line":119,"column":14}},{"start":{"line":119,"column":18},"end":{"line":119,"column":41}}]},"41":{"loc":{"start":{"line":120,"column":4},"end":{"line":124,"column":5}},"type":"if","locations":[{"start":{"line":120,"column":4},"end":{"line":124,"column":5}},{"start":{"line":122,"column":11},"end":{"line":124,"column":5}}]},"42":{"loc":{"start":{"line":122,"column":11},"end":{"line":124,"column":5}},"type":"if","locations":[{"start":{"line":122,"column":11},"end":{"line":124,"column":5}},{"start":{},"end":{}}]},"43":{"loc":{"start":{"line":127,"column":2},"end":{"line":129,"column":3}},"type":"if","locations":[{"start":{"line":127,"column":2},"end":{"line":129,"column":3}},{"start":{},"end":{}}]},"44":{"loc":{"start":{"line":127,"column":6},"end":{"line":127,"column":55}},"type":"binary-expr","locations":[{"start":{"line":127,"column":6},"end":{"line":127,"column":31}},{"start":{"line":127,"column":35},"end":{"line":127,"column":55}}]},"45":{"loc":{"start":{"line":131,"column":2},"end":{"line":133,"column":3}},"type":"if","locations":[{"start":{"line":131,"column":2},"end":{"line":133,"column":3}},{"start":{},"end":{}}]},"46":{"loc":{"start":{"line":135,"column":37},"end":{"line":137,"column":16}},"type":"cond-expr","locations":[{"start":{"line":136,"column":6},"end":{"line":136,"column":19}},{"start":{"line":137,"column":6},"end":{"line":137,"column":16}}]},"47":{"loc":{"start":{"line":147,"column":24},"end":{"line":147,"column":78}},"type":"cond-expr","locations":[{"start":{"line":147,"column":57},"end":{"line":147,"column":59}},{"start":{"line":147,"column":62},"end":{"line":147,"column":78}}]},"48":{"loc":{"start":{"line":150,"column":12},"end":{"line":150,"column":22}},"type":"cond-expr","locations":[{"start":{"line":150,"column":12},"end":{"line":150,"column":16}},{"start":{"line":150,"column":20},"end":{"line":150,"column":22}}]},"49":{"loc":{"start":{"line":150,"column":12},"end":{"line":150,"column":20}},"type":"binary-expr","locations":[{"start":{"line":150,"column":12},"end":{"line":150,"column":20}},{"start":{"line":150,"column":12},"end":{"line":150,"column":20}}]}},"s":{"0":1,"1":1,"2":1,"3":33,"4":1,"5":259,"6":19,"7":240,"8":1,"9":37,"10":4,"11":33,"12":101,"13":101,"14":101,"15":33,"16":1,"17":37,"18":34,"19":3,"20":1,"21":2,"22":1,"23":1,"24":1,"25":54,"26":1,"27":37,"28":37,"29":37,"30":37,"31":37,"32":37,"33":37,"34":37,"35":37,"36":37,"37":37,"38":37,"39":37,"40":37,"41":36,"42":3,"43":37,"44":34,"45":1,"46":37,"47":34,"48":1,"49":37,"50":34,"51":1,"52":33,"53":1,"54":37,"55":34,"56":1,"57":37,"58":34,"59":1,"60":37,"61":34,"62":4,"63":37,"64":34,"65":1,"66":37,"67":34,"68":1,"69":33,"70":1,"71":37,"72":1,"73":37,"74":17,"75":20,"76":20,"77":1},"f":{"0":33,"1":259,"2":37,"3":101,"4":101,"5":101,"6":37,"7":54,"8":37},"b":{"0":[33,3],"1":[19,240],"2":[4,33],"3":[34,3],"4":[1,2],"5":[1,1],"6":[2,1],"7":[54,7,5],"8":[34],"9":[37,0],"10":[37,37],"11":[32,5],"12":[37,33],"13":[36,1],"14":[37,3],"15":[3,33],"16":[34,3],"17":[37,3],"18":[1,33],"19":[34,3],"20":[37,3],"21":[1,33],"22":[34,3],"23":[37,3],"24":[1,33],"25":[1,32],"26":[34,3],"27":[37,3],"28":[1,33],"29":[34,3],"30":[37,3],"31":[1,33],"32":[34,3],"33":[37,3],"34":[4,30],"35":[34,32,31],"36":[34,3],"37":[37,3],"38":[1,33],"39":[34,3],"40":[37,3],"41":[1,33],"42":[1,32],"43":[1,36],"44":[37,3],"45":[17,20],"46":[18,2],"47":[2,18],"48":[18,2],"49":[20,18]}}
,"/home/lucas-antunes/Desktop/educado/educado-api/src/application/email/email-service.ts": {"path":"/home/lucas-antunes/Desktop/educado/educado-api/src/application/email/email-service.ts","statementMap":{"0":{"start":{"line":1,"column":0},"end":{"line":1,"column":null}},"1":{"start":{"line":9,"column":4},"end":{"line":17,"column":null}},"2":{"start":{"line":7,"column":0},"end":{"line":7,"column":13}}},"fnMap":{"0":{"name":"(anonymous_7)","decl":{"start":{"line":8,"column":8},"end":{"line":8,"column":17}},"loc":{"start":{"line":8,"column":38},"end":{"line":18,"column":null}}}},"branchMap":{},"s":{"0":1,"1":2,"2":1},"f":{"0":2},"b":{}}
,"/home/lucas-antunes/Desktop/educado/educado-api/src/application/email/templates/email-verification-code.ts": {"path":"/home/lucas-antunes/Desktop/educado/educado-api/src/application/email/templates/email-verification-code.ts","statementMap":{"0":{"start":{"line":6,"column":45},"end":{"line":22,"column":1}},"1":{"start":{"line":10,"column":24},"end":{"line":10,"column":41}},"2":{"start":{"line":11,"column":19},"end":{"line":11,"column":68}},"3":{"start":{"line":13,"column":2},"end":{"line":21,"column":null}},"4":{"start":{"line":6,"column":13},"end":{"line":6,"column":45}}},"fnMap":{"0":{"name":"(anonymous_0)","decl":{"start":{"line":6,"column":45},"end":{"line":6,"column":46}},"loc":{"start":{"line":9,"column":41},"end":{"line":22,"column":1}}}},"branchMap":{"0":{"loc":{"start":{"line":10,"column":24},"end":{"line":10,"column":41}},"type":"cond-expr","locations":[{"start":{"line":10,"column":33},"end":{"line":10,"column":35}},{"start":{"line":10,"column":24},"end":{"line":10,"column":41}}]},"1":{"loc":{"start":{"line":10,"column":24},"end":{"line":10,"column":35}},"type":"binary-expr","locations":[{"start":{"line":10,"column":24},"end":{"line":10,"column":35}},{"start":{"line":10,"column":24},"end":{"line":10,"column":35}}]},"2":{"loc":{"start":{"line":11,"column":19},"end":{"line":11,"column":68}},"type":"cond-expr","locations":[{"start":{"line":11,"column":35},"end":{"line":11,"column":59}},{"start":{"line":11,"column":62},"end":{"line":11,"column":68}}]}},"s":{"0":2,"1":8,"2":8,"3":8,"4":2},"f":{"0":8},"b":{"0":[4,4],"1":[8,8],"2":[2,6]}}
,"/home/lucas-antunes/Desktop/educado/educado-api/src/application/email/templates/password-reset-code.ts": {"path":"/home/lucas-antunes/Desktop/educado/educado-api/src/application/email/templates/password-reset-code.ts","statementMap":{"0":{"start":{"line":6,"column":41},"end":{"line":23,"column":1}},"1":{"start":{"line":10,"column":24},"end":{"line":10,"column":41}},"2":{"start":{"line":11,"column":19},"end":{"line":11,"column":68}},"3":{"start":{"line":13,"column":2},"end":{"line":22,"column":null}},"4":{"start":{"line":6,"column":13},"end":{"line":6,"column":41}}},"fnMap":{"0":{"name":"(anonymous_0)","decl":{"start":{"line":6,"column":41},"end":{"line":6,"column":42}},"loc":{"start":{"line":9,"column":37},"end":{"line":23,"column":1}}}},"branchMap":{"0":{"loc":{"start":{"line":10,"column":24},"end":{"line":10,"column":41}},"type":"cond-expr","locations":[{"start":{"line":10,"column":33},"end":{"line":10,"column":35}},{"start":{"line":10,"column":24},"end":{"line":10,"column":41}}]},"1":{"loc":{"start":{"line":10,"column":24},"end":{"line":10,"column":35}},"type":"binary-expr","locations":[{"start":{"line":10,"column":24},"end":{"line":10,"column":35}},{"start":{"line":10,"column":24},"end":{"line":10,"column":35}}]},"2":{"loc":{"start":{"line":11,"column":19},"end":{"line":11,"column":68}},"type":"cond-expr","locations":[{"start":{"line":11,"column":35},"end":{"line":11,"column":59}},{"start":{"line":11,"column":62},"end":{"line":11,"column":68}}]}},"s":{"0":1,"1":6,"2":6,"3":6,"4":1},"f":{"0":6},"b":{"0":[4,2],"1":[6,6],"2":[1,5]}}
[...]
end":{"line":36,"column":27}},"loc":{"start":{"line":36,"column":29},"end":{"line":41,"column":1}}},"4":{"name":"(anonymous_11)","decl":{"start":{"line":43,"column":29},"end":{"line":43,"column":32}},"loc":{"start":{"line":43,"column":34},"end":{"line":47,"column":1}}},"5":{"name":"(anonymous_12)","decl":{"start":{"line":49,"column":42},"end":{"line":49,"column":null}},"loc":{"start":{"line":52,"column":4},"end":{"line":65,"column":null}}},"6":{"name":"(anonymous_13)","decl":{"start":{"line":52,"column":4},"end":{"line":52,"column":null}},"loc":{"start":{"line":52,"column":4},"end":{"line":65,"column":1}}},"7":{"name":"(anonymous_14)","decl":{"start":{"line":67,"column":28},"end":{"line":67,"column":35}},"loc":{"start":{"line":67,"column":53},"end":{"line":85,"column":null}}},"8":{"name":"(anonymous_15)","decl":{"start":{"line":67,"column":53},"end":{"line":67,"column":null}},"loc":{"start":{"line":67,"column":53},"end":{"line":85,"column":1}}},"9":{"name":"(anonymous_16)","decl":{"start":{"line":87,"column":33},"end":{"line":87,"column":40}},"loc":{"start":{"line":87,"column":69},"end":{"line":113,"column":null}}},"10":{"name":"(anonymous_17)","decl":{"start":{"line":87,"column":69},"end":{"line":87,"column":null}},"loc":{"start":{"line":87,"column":69},"end":{"line":113,"column":1}}},"11":{"name":"(anonymous_18)","decl":{"start":{"line":115,"column":31},"end":{"line":115,"column":38}},"loc":{"start":{"line":115,"column":74},"end":{"line":129,"column":null}}},"12":{"name":"(anonymous_19)","decl":{"start":{"line":115,"column":74},"end":{"line":115,"column":null}},"loc":{"start":{"line":115,"column":74},"end":{"line":129,"column":1}}},"13":{"name":"(anonymous_20)","decl":{"start":{"line":131,"column":39},"end":{"line":131,"column":null}},"loc":{"start":{"line":134,"column":4},"end":{"line":157,"column":null}}},"14":{"name":"(anonymous_21)","decl":{"start":{"line":134,"column":4},"end":{"line":134,"column":null}},"loc":{"start":{"line":134,"column":4},"end":{"line":157,"column":1}}},"15":{"name":"(anonymous_22)","decl":{"start":{"line":159,"column":41},"end":{"line":159,"column":48}},"loc":{"start":{"line":159,"column":66},"end":{"line":178,"column":null}}},"16":{"name":"(anonymous_23)","decl":{"start":{"line":159,"column":66},"end":{"line":159,"column":null}},"loc":{"start":{"line":159,"column":66},"end":{"line":178,"column":1}}},"17":{"name":"(anonymous_24)","decl":{"start":{"line":180,"column":40},"end":{"line":180,"column":null}},"loc":{"start":{"line":183,"column":4},"end":{"line":291,"column":null}}},"18":{"name":"(anonymous_25)","decl":{"start":{"line":183,"column":4},"end":{"line":183,"column":null}},"loc":{"start":{"line":183,"column":4},"end":{"line":291,"column":1}}},"19":{"name":"(anonymous_26)","decl":{"start":{"line":184,"column":50},"end":{"line":184,"column":57}},"loc":{"start":{"line":184,"column":72},"end":{"line":290,"column":4}}},"20":{"name":"(anonymous_27)","decl":{"start":{"line":184,"column":72},"end":{"line":184,"column":null}},"loc":{"start":{"line":184,"column":72},"end":{"line":290,"column":3}}}},"branchMap":{"0":{"loc":{"start":{"line":23,"column":2},"end":{"line":23,"column":61}},"type":"cond-expr","locations":[{"start":{"line":23,"column":35},"end":{"line":23,"column":39}},{"start":{"line":23,"column":39},"end":{"line":23,"column":61}}]},"1":{"loc":{"start":{"line":23,"column":2},"end":{"line":23,"column":39}},"type":"binary-expr","locations":[{"start":{"line":23,"column":2},"end":{"line":23,"column":39}},{"start":{"line":23,"column":35},"end":{"line":23,"column":39}}]},"2":{"loc":{"start":{"line":32,"column":11},"end":{"line":32,"column":25}},"type":"default-arg","locations":[{"start":{"line":32,"column":23},"end":{"line":32,"column":25}}]},"3":{"loc":{"start":{"line":82,"column":2},"end":{"line":84,"column":3}},"type":"if","locations":[{"start":{"line":82,"column":2},"end":{"line":84,"column":3}},{"start":{},"end":{}}]},"4":{"loc":{"start":{"line":94,"column":2},"end":{"line":96,"column":3}},"type":"if","locations":[{"start":{"line":94,"column":2},"end":{"line":96,"column":3}},{"start":{},"end":{}}]},"5":{"loc":{"start":{"line":117,"column":2},"end":{"line":119,"column":3}},"type":"if","locations":[{"start":{"line":117,"column":2},"end":{"line":119,"column":3}},{"start":{},"end":{}}]},"6":{"loc":{"start":{"line":162,"column":2},"end":{"line":164,"column":3}},"type":"if","locations":[{"start":{"line":162,"column":2},"end":{"line":164,"column":3}},{"start":{},"end":{}}]},"7":{"loc":{"start":{"line":166,"column":2},"end":{"line":168,"column":3}},"type":"if","locations":[{"start":{"line":166,"column":2},"end":{"line":168,"column":3}},{"start":{},"end":{}}]},"8":{"loc":{"start":{"line":187,"column":4},"end":{"line":189,"column":5}},"type":"if","locations":[{"start":{"line":187,"column":4},"end":{"line":189,"column":5}},{"start":{},"end":{}}]},"9":{"loc":{"start":{"line":191,"column":4},"end":{"line":193,"column":5}},"type":"if","locations":[{"start":{"line":191,"column":4},"end":{"line":193,"column":5}},{"start":{},"end":{}}]},"10":{"loc":{"start":{"line":203,"column":4},"end":{"line":205,"column":5}},"type":"if","locations":[{"start":{"line":203,"column":4},"end":{"line":205,"column":5}},{"start":{},"end":{}}]},"11":{"loc":{"start":{"line":207,"column":4},"end":{"line":209,"column":5}},"type":"if","locations":[{"start":{"line":207,"column":4},"end":{"line":209,"column":5}},{"start":{},"end":{}}]},"12":{"loc":{"start":{"line":211,"column":4},"end":{"line":213,"column":5}},"type":"if","locations":[{"start":{"line":211,"column":4},"end":{"line":213,"column":5}},{"start":{},"end":{}}]},"13":{"loc":{"start":{"line":215,"column":4},"end":{"line":223,"column":5}},"type":"if","locations":[{"start":{"line":215,"column":4},"end":{"line":223,"column":5}},{"start":{},"end":{}}]},"14":{"loc":{"start":{"line":227,"column":4},"end":{"line":256,"column":5}},"type":"if","locations":[{"start":{"line":227,"column":4},"end":{"line":256,"column":5}},{"start":{},"end":{}}]},"15":{"loc":{"start":{"line":234,"column":18},"end":{"line":234,"column":61}},"type":"cond-expr","locations":[{"start":{"line":234,"column":31},"end":{"line":234,"column":39}},{"start":{"line":234,"column":42},"end":{"line":234,"column":61}}]},"16":{"loc":{"start":{"line":239,"column":6},"end":{"line":248,"column":7}},"type":"if","locations":[{"start":{"line":239,"column":6},"end":{"line":248,"column":7}},{"start":{},"end":{}}]}},"s":{"0":1,"1":1,"2":1,"3":1,"4":1,"5":1,"6":1,"7":1,"8":1,"9":1,"10":1,"11":1,"12":1,"13":15,"14":1,"15":10,"16":1,"17":6,"18":6,"19":1,"20":1,"21":2,"22":1,"23":2,"24":2,"25":2,"26":1,"27":2,"28":2,"29":1,"30":3,"31":3,"32":3,"33":3,"34":3,"35":2,"36":1,"37":2,"38":2,"39":2,"40":2,"41":1,"42":1,"43":1,"44":1,"45":1,"46":4,"47":4,"48":4,"49":1,"50":3,"51":3,"52":1,"53":1,"54":2,"55":2,"56":2,"57":2,"58":2,"59":2,"60":2,"61":1,"62":1,"63":7,"64":7,"65":7,"66":2,"67":5,"68":2,"69":3,"70":1,"71":1,"72":1,"73":1,"74":18,"75":18,"76":18,"77":18,"78":18,"79":2,"80":16,"81":2,"82":14,"83":14,"84":2,"85":12,"86":2,"87":10,"88":2,"89":8,"90":2,"91":2,"92":6,"93":6,"94":4,"95":4,"96":4,"97":4,"98":2,"99":2,"100":2,"101":2,"102":2,"103":2,"104":2,"105":2,"106":2,"107":1},"f":{"0":15,"1":10,"2":6,"3":2,"4":2,"5":2,"6":2,"7":3,"8":3,"9":2,"10":2,"11":4,"12":4,"13":2,"14":2,"15":7,"16":7,"17":18,"18":18,"19":18,"20":18},"b":{"0":[0,1],"1":[1,1],"2":[1],"3":[2,1],"4":[1,1],"5":[1,3],"6":[2,5],"7":[2,3],"8":[2,16],"9":[2,14],"10":[2,12],"11":[2,10],"12":[2,8],"13":[2,6],"14":[4,2],"15":[2,2],"16":[2,2]}}
,"/home/lucas-antunes/Desktop/educado/educado-api/src/application/verification/email-verification-validation.ts": {"path":"/home/lucas-antunes/Desktop/educado/educado-api/src/application/verification/email-verification-validation.ts","statementMap":{"0":{"start":{"line":7,"column":22},"end":{"line":10,"column":1}},"1":{"start":{"line":8,"column":2},"end":{"line":8,"column":null}},"2":{"start":{"line":8,"column":33},"end":{"line":8,"column":null}},"3":{"start":{"line":9,"column":2},"end":{"line":9,"column":null}},"4":{"start":{"line":12,"column":53},"end":{"line":35,"column":1}},"5":{"start":{"line":15,"column":16},"end":{"line":15,"column":29}},"6":{"start":{"line":16,"column":15},"end":{"line":16,"column":39}},"7":{"start":{"line":17,"column":35},"end":{"line":17,"column":37}},"8":{"start":{"line":19,"column":2},"end":{"line":23,"column":3}},"9":{"start":{"line":20,"column":4},"end":{"line":20,"column":null}},"10":{"start":{"line":21,"column":9},"end":{"line":23,"column":3}},"11":{"start":{"line":22,"column":4},"end":{"line":22,"column":null}},"12":{"start":{"line":25,"column":2},"end":{"line":27,"column":3}},"13":{"start":{"line":26,"column":4},"end":{"line":26,"column":null}},"14":{"start":{"line":29,"column":2},"end":{"line":34,"column":null}},"15":{"start":{"line":12,"column":13},"end":{"line":12,"column":53}}},"fnMap":{"0":{"name":"(anonymous_0)","decl":{"start":{"line":7,"column":22},"end":{"line":7,"column":23}},"loc":{"start":{"line":7,"column":49},"end":{"line":10,"column":1}}},"1":{"name":"(anonymous_1)","decl":{"start":{"line":12,"column":53},"end":{"line":12,"column":null}},"loc":{"start":{"line":14,"column":78},"end":{"line":35,"column":1}}}},"branchMap":{"0":{"loc":{"start":{"line":8,"column":2},"end":{"line":8,"column":null}},"type":"if","locations":[{"start":{"line":8,"column":2},"end":{"line":8,"column":null}},{"start":{},"end":{}}]},"1":{"loc":{"start":{"line":15,"column":16},"end":{"line":15,"column":29}},"type":"cond-expr","locations":[{"start":{"line":15,"column":16},"end":{"line":15,"column":23}},{"start":{"line":15,"column":27},"end":{"line":15,"column":29}}]},"2":{"loc":{"start":{"line":15,"column":16},"end":{"line":15,"column":27}},"type":"binary-expr","locations":[{"start":{"line":15,"column":16},"end":{"line":15,"column":27}},{"start":{"line":15,"column":16},"end":{"line":15,"column":27}}]},"3":{"loc":{"start":{"line":19,"column":2},"end":{"line":23,"column":3}},"type":"if","locations":[{"start":{"line":19,"column":2},"end":{"line":23,"column":3}},{"start":{"line":21,"column":9},"end":{"line":23,"column":3}}]},"4":{"loc":{"start":{"line":21,"column":9},"end":{"line":23,"column":3}},"type":"if","locations":[{"start":{"line":21,"column":9},"end":{"line":23,"column":3}},{"start":{},"end":{}}]},"5":{"loc":{"start":{"line":25,"column":2},"end":{"line":27,"column":3}},"type":"if","locations":[{"start":{"line":25,"column":2},"end":{"line":27,"column":3}},{"start":{},"end":{}}]}},"s":{"0":1,"1":12,"2":4,"3":8,"4":1,"5":12,"6":12,"7":12,"8":12,"9":6,"10":6,"11":3,"12":12,"13":9,"14":3,"15":1},"f":{"0":12,"1":12},"b":{"0":[4,8],"1":[10,2],"2":[12,11],"3":[6,6],"4":[3,3],"5":[9,3]}}
,"/home/lucas-antunes/Desktop/educado/educado-api/src/infrastructure/security/password-hasher.ts": {"path":"/home/lucas-antunes/Desktop/educado/educado-api/src/infrastructure/security/password-hasher.ts","statementMap":{"0":{"start":{"line":1,"column":0},"end":{"line":1,"column":29}},"1":{"start":{"line":3,"column":20},"end":{"line":3,"column":22}},"2":{"start":{"line":5,"column":28},"end":{"line":7,"column":null}},"3":{"start":{"line":5,"column":81},"end":{"line":7,"column":null}},"4":{"start":{"line":6,"column":2},"end":{"line":6,"column":null}},"5":{"start":{"line":5,"column":13},"end":{"line":5,"column":28}},"6":{"start":{"line":9,"column":30},"end":{"line":14,"column":null}},"7":{"start":{"line":12,"column":22},"end":{"line":14,"column":null}},"8":{"start":{"line":13,"column":2},"end":{"line":13,"column":null}},"9":{"start":{"line":9,"column":13},"end":{"line":9,"column":30}}},"fnMap":{"0":{"name":"(anonymous_8)","decl":{"start":{"line":5,"column":28},"end":{"line":5,"column":35}},"loc":{"start":{"line":5,"column":81},"end":{"line":7,"column":null}}},"1":{"name":"(anonymous_9)","decl":{"start":{"line":5,"column":81},"end":{"line":5,"column":null}},"loc":{"start":{"line":5,"column":81},"end":{"line":7,"column":1}}},"2":{"name":"(anonymous_10)","decl":{"start":{"line":9,"column":30},"end":{"line":9,"column":null}},"loc":{"start":{"line":12,"column":22},"end":{"line":14,"column":null}}},"3":{"name":"(anonymous_11)","decl":{"start":{"line":12,"column":22},"end":{"line":12,"column":null}},"loc":{"start":{"line":12,"column":22},"end":{"line":14,"column":1}}}},"branchMap":{},"s":{"0":1,"1":1,"2":1,"3":9,"4":9,"5":1,"6":1,"7":5,"8":5,"9":1},"f":{"0":9,"1":9,"2":5,"3":5},"b":{}}
,"/home/lucas-antunes/Desktop/educado/educado-api/src/interface/http/middlewares/auth-jwt.ts": {"path":"/home/lucas-antunes/Desktop/educado/educado-api/src/interface/http/middlewares/auth-jwt.ts","statementMap":{"0":{"start":{"line":2,"column":0},"end":{"line":2,"column":46}},"1":{"start":{"line":3,"column":0},"end":{"line":3,"column":58}},"2":{"start":{"line":10,"column":30},"end":{"line":12,"column":1}},"3":{"start":{"line":11,"column":2},"end":{"line":11,"column":null}},"4":{"start":{"line":10,"column":13},"end":{"line":10,"column":30}},"5":{"start":{"line":14,"column":27},"end":{"line":54,"column":1}},"6":{"start":{"line":19,"column":24},"end":{"line":19,"column":49}},"7":{"start":{"line":20,"column":16},"end":{"line":22,"column":10}},"8":{"start":{"line":24,"column":2},"end":{"line":26,"column":3}},"9":{"start":{"line":25,"column":4},"end":{"line":25,"column":null}},"10":{"start":{"line":28,"column":15},"end":{"line":28,"column":17}},"11":{"start":{"line":29,"column":2},"end":{"line":33,"column":3}},"12":{"start":{"line":30,"column":4},"end":{"line":30,"column":null}},"13":{"start":{"line":32,"column":4},"end":{"line":32,"column":null}},"14":{"start":{"line":35,"column":2},"end":{"line":53,"column":3}},"15":{"start":{"line":36,"column":20},"end":{"line":36,"column":59}},"16":{"start":{"line":38,"column":19},"end":{"line":38,"column":69}},"17":{"start":{"line":39,"column":17},"end":{"line":39,"column":60}},"18":{"start":{"line":41,"column":4},"end":{"line":43,"column":5}},"19":{"start":{"line":42,"column":6},"end":{"line":42,"column":null}},"20":{"start":{"line":45,"column":4},"end":{"line":48,"column":null}},"21":{"start":{"line":50,"column":4},"end":{"line":50,"column":null}},"22":{"start":{"line":52,"column":4},"end":{"line":52,"column":null}},"23":{"start":{"line":14,"column":13},"end":{"line":14,"column":27}}},"fnMap":{"0":{"name":"(anonymous_1)","decl":{"start":{"line":10,"column":30},"end":{"line":10,"column":31}},"loc":{"start":{"line":10,"column":61},"end":{"line":12,"column":1}}},"1":{"name":"(anonymous_2)","decl":{"start":{"line":14,"column":27},"end":{"line":14,"column":null}},"loc":{"start":{"line":18,"column":4},"end":{"line":54,"column":1}}}},"branchMap":{"0":{"loc":{"start":{"line":20,"column":16},"end":{"line":22,"column":10}},"type":"cond-expr","locations":[{"start":{"line":21,"column":6},"end":{"line":21,"column":28}},{"start":{"line":22,"column":6},"end":{"line":22,"column":10}}]},"1":{"loc":{"start":{"line":20,"column":16},"end":{"line":20,"column":52}},"type":"cond-expr","locations":[{"start":{"line":20,"column":29},"end":{"line":20,"column":31}},{"start":{"line":20,"column":16},"end":{"line":20,"column":52}}]},"2":{"loc":{"start":{"line":20,"column":16},"end":{"line":20,"column":31}},"type":"binary-expr","locations":[{"start":{"line":20,"column":16},"end":{"line":20,"column":31}},{"start":{"line":20,"column":16},"end":{"line":20,"column":31}}]},"3":{"loc":{"start":{"line":24,"column":2},"end":{"line":26,"column":3}},"type":"if","locations":[{"start":{"line":24,"column":2},"end":{"line":26,"column":3}},{"start":{},"end":{}}]},"4":{"loc":{"start":{"line":38,"column":19},"end":{"line":38,"column":69}},"type":"cond-expr","locations":[{"start":{"line":38,"column":53},"end":{"line":38,"column":64}},{"start":{"line":38,"column":67},"end":{"line":38,"column":69}}]},"5":{"loc":{"start":{"line":39,"column":17},"end":{"line":39,"column":60}},"type":"cond-expr","locations":[{"start":{"line":39,"column":44},"end":{"line":39,"column":51}},{"start":{"line":39,"column":54},"end":{"line":39,"column":60}}]},"6":{"loc":{"start":{"line":41,"column":4},"end":{"line":43,"column":5}},"type":"if","locations":[{"start":{"line":41,"column":4},"end":{"line":43,"column":5}},{"start":{},"end":{}}]}},"s":{"0":1,"1":1,"2":1,"3":2,"4":1,"5":1,"6":10,"7":10,"8":10,"9":3,"10":7,"11":7,"12":7,"13":1,"14":6,"15":6,"16":5,"17":5,"18":5,"19":2,"20":3,"21":3,"22":1,"23":1},"f":{"0":2,"1":10},"b":{"0":[8,2],"1":[1,9],"2":[10,10],"3":[3,7],"4":[3,2],"5":[1,4],"6":[2,3]}}
,"/home/lucas-antunes/Desktop/educado/educado-api/src/interface/http/middlewares/request-id.ts": {"path":"/home/lucas-antunes/Desktop/educado/educado-api/src/interface/http/middlewares/request-id.ts","statementMap":{"0":{"start":{"line":2,"column":0},"end":{"line":2,"column":40}},"1":{"start":{"line":4,"column":35},"end":{"line":32,"column":1}},"2":{"start":{"line":9,"column":28},"end":{"line":9,"column":54}},"3":{"start":{"line":10,"column":20},"end":{"line":12,"column":18}},"4":{"start":{"line":14,"column":2},"end":{"line":14,"column":null}},"5":{"start":{"line":15,"column":2},"end":{"line":15,"column":null}},"6":{"start":{"line":17,"column":16},"end":{"line":17,"column":26}},"7":{"start":{"line":18,"column":2},"end":{"line":29,"column":null}},"8":{"start":{"line":19,"column":23},"end":{"line":19,"column":41}},"9":{"start":{"line":20,"column":4},"end":{"line":28,"column":null}},"10":{"start":{"line":31,"column":2},"end":{"line":31,"column":null}},"11":{"start":{"line":4,"column":13},"end":{"line":4,"column":35}}},"fnMap":{"0":{"name":"(anonymous_0)","decl":{"start":{"line":4,"column":35},"end":{"line":4,"column":null}},"loc":{"start":{"line":8,"column":4},"end":{"line":32,"column":1}}},"1":{"name":"(anonymous_1)","decl":{"start":{"line":18,"column":19},"end":{"line":18,"column":22}},"loc":{"start":{"line":18,"column":24},"end":{"line":29,"column":3}}}},"branchMap":{"0":{"loc":{"start":{"line":10,"column":20},"end":{"line":12,"column":18}},"type":"cond-expr","locations":[{"start":{"line":11,"column":6},"end":{"line":11,"column":23}},{"start":{"line":12,"column":6},"end":{"line":12,"column":18}}]},"1":{"loc":{"start":{"line":10,"column":20},"end":{"line":10,"column":72}},"type":"binary-expr","locations":[{"start":{"line":10,"column":20},"end":{"line":10,"column":37}},{"start":{"line":10,"column":41},"end":{"line":10,"column":72}}]}},"s":{"0":1,"1":1,"2":9,"3":9,"4":9,"5":9,"6":9,"7":9,"8":1,"9":1,"10":9,"11":1},"f":{"0":9,"1":1},"b":{"0":[1,8],"1":[9,2]}}
,"/home/lucas-antunes/Desktop/educado/educado-api/src/interface/http/middlewares/require-https.ts": {"path":"/home/lucas-antunes/Desktop/educado/educado-api/src/interface/http/middlewares/require-https.ts","statementMap":{"0":{"start":{"line":3,"column":40},"end":{"line":17,"column":1}},"1":{"start":{"line":8,"column":2},"end":{"line":10,"column":3}},"2":{"start":{"line":9,"column":4},"end":{"line":9,"column":null}},"3":{"start":{"line":12,"column":2},"end":{"line":14,"column":3}},"4":{"start":{"line":13,"column":4},"end":{"line":13,"column":null}},"5":{"start":{"line":16,"column":2},"end":{"line":16,"column":null}},"6":{"start":{"line":3,"column":13},"end":{"line":3,"column":40}}},"fnMap":{"0":{"name":"(anonymous_0)","decl":{"start":{"line":3,"column":40},"end":{"line":3,"column":null}},"loc":{"start":{"line":7,"column":4},"end":{"line":17,"column":1}}}},"branchMap":{"0":{"loc":{"start":{"line":8,"column":2},"end":{"line":10,"column":3}},"type":"if","locations":[{"start":{"line":8,"column":2},"end":{"line":10,"column":3}},{"start":{},"end":{}}]},"1":{"loc":{"start":{"line":12,"column":2},"end":{"line":14,"column":3}},"type":"if","locations":[{"start":{"line":12,"column":2},"end":{"line":14,"column":3}},{"start":{},"end":{}}]},"2":{"loc":{"start":{"line":12,"column":6},"end":{"line":12,"column":63}},"type":"binary-expr","locations":[{"start":{"line":12,"column":6},"end":{"line":12,"column":16}},{"start":{"line":12,"column":20},"end":{"line":12,"column":63}}]}},"s":{"0":1,"1":6,"2":2,"3":4,"4":2,"5":2,"6":1},"f":{"0":6},"b":{"0":[2,4],"1":[2,2],"2":[4,3]}}
}
