TN:
SF:src/application/activities/activity-payload.ts
FN:81,(anonymous_0)
FN:84,(anonymous_1)
FN:89,(anonymous_2)
FN:92,(anonymous_3)
FN:98,(anonymous_4)
FN:119,(anonymous_5)
FN:130,(anonymous_6)
FN:131,(anonymous_7)
FN:132,(anonymous_8)
FN:141,(anonymous_9)
FN:155,(anonymous_10)
FN:220,(anonymous_11)
FN:243,(anonymous_12)
FN:280,(anonymous_13)
FN:309,(anonymous_14)
FNF:15
FNH:15
FNDA:44,(anonymous_0)
FNDA:78,(anonymous_1)
FNDA:53,(anonymous_2)
FNDA:23,(anonymous_3)
FNDA:19,(anonymous_4)
FNDA:5,(anonymous_5)
FNDA:10,(anonymous_6)
FNDA:10,(anonymous_7)
FNDA:10,(anonymous_8)
FNDA:5,(anonymous_9)
FNDA:5,(anonymous_10)
FNDA:6,(anonymous_11)
FNDA:4,(anonymous_12)
FNDA:4,(anonymous_13)
FNDA:23,(anonymous_14)
DA:1,1
DA:81,1
DA:82,44
DA:84,1
DA:85,78
DA:86,54
DA:89,1
DA:90,53
DA:92,1
DA:93,23
DA:98,1
DA:102,19
DA:103,19
DA:104,19
DA:105,19
DA:107,19
DA:108,19
DA:109,19
DA:111,19
DA:119,1
DA:124,5
DA:125,0
DA:126,0
DA:129,5
DA:130,10
DA:131,10
DA:132,10
DA:134,5
DA:135,1
DA:138,5
DA:141,1
DA:147,5
DA:148,0
DA:149,0
DA:152,5
DA:155,1
DA:160,5
DA:161,5
DA:162,5
DA:164,5
DA:165,5
DA:170,1
DA:173,5
DA:175,5
DA:176,5
DA:177,5
DA:179,5
DA:180,2
DA:184,2
DA:185,1
DA:187,1
DA:188,1
DA:189,1
DA:194,1
DA:201,1
DA:202,1
DA:203,1
DA:207,5
DA:220,1
DA:225,6
DA:226,6
DA:228,6
DA:230,6
DA:243,1
DA:248,4
DA:249,4
DA:251,4
DA:257,4
DA:264,4
DA:265,4
DA:267,4
DA:280,1
DA:285,4
DA:286,4
DA:288,4
DA:289,4
DA:290,1
DA:293,4
DA:294,4
DA:296,4
DA:309,1
DA:312,23
DA:313,23
DA:315,23
DA:317,23
DA:318,4
DA:319,4
DA:322,19
DA:325,19
DA:333,19
DA:334,10
DA:337,9
LF:92
LH:88
BRDA:82,0,0,44
BRDA:82,0,1,35
BRDA:85,1,0,24
BRDA:85,1,1,54
BRDA:90,2,0,53
BRDA:90,2,1,53
BRDA:93,3,0,23
BRDA:93,3,1,18
BRDA:93,3,2,12
BRDA:93,3,3,8
BRDA:102,4,0,19
BRDA:102,4,1,18
BRDA:107,5,0,1
BRDA:107,5,1,18
BRDA:108,6,0,1
BRDA:108,6,1,18
BRDA:109,7,0,1
BRDA:109,7,1,18
BRDA:109,8,0,19
BRDA:109,8,1,19
BRDA:114,9,0,19
BRDA:114,9,1,0
BRDA:124,10,0,0
BRDA:124,10,1,5
BRDA:134,11,0,1
BRDA:134,11,1,4
BRDA:134,12,0,5
BRDA:134,12,1,4
BRDA:147,13,0,0
BRDA:147,13,1,5
BRDA:147,14,0,5
BRDA:147,14,1,5
BRDA:147,14,2,5
BRDA:160,15,0,5
BRDA:160,15,1,0
BRDA:164,16,0,1
BRDA:164,16,1,4
BRDA:165,17,0,1
BRDA:165,17,1,4
BRDA:166,18,0,5
BRDA:166,18,1,5
BRDA:166,18,2,5
BRDA:179,19,0,2
BRDA:179,19,1,3
BRDA:180,20,0,1
BRDA:180,20,1,1
BRDA:184,21,0,1
BRDA:184,21,1,1
BRDA:188,22,0,0
BRDA:188,22,1,1
BRDA:210,23,0,5
BRDA:210,23,1,0
BRDA:213,24,0,5
BRDA:213,24,1,1
BRDA:225,25,0,6
BRDA:225,25,1,0
BRDA:228,26,0,1
BRDA:228,26,1,5
BRDA:234,27,0,5
BRDA:234,27,1,1
BRDA:249,28,0,1
BRDA:249,28,1,3
BRDA:264,29,0,1
BRDA:264,29,1,3
BRDA:265,30,0,1
BRDA:265,30,1,3
BRDA:273,31,0,4
BRDA:273,31,1,3
BRDA:286,32,0,1
BRDA:286,32,1,3
BRDA:289,33,0,1
BRDA:289,33,1,3
BRDA:289,34,0,4
BRDA:289,34,1,2
BRDA:293,35,0,0
BRDA:293,35,1,4
BRDA:294,36,0,0
BRDA:294,36,1,4
BRDA:302,37,0,4
BRDA:302,37,1,4
BRDA:312,38,0,21
BRDA:312,38,1,2
BRDA:317,39,0,4
BRDA:317,39,1,19
BRDA:325,40,0,5
BRDA:325,40,1,14
BRDA:327,41,0,6
BRDA:327,41,1,8
BRDA:329,42,0,4
BRDA:329,42,1,4
BRDA:333,43,0,10
BRDA:333,43,1,9
BRF:92
BRH:83
end_of_record
TN:
SF:src/application/activities/activity-validation-db.ts
FN:11,(anonymous_0)
FN:28,(anonymous_1)
FN:33,(anonymous_2)
FN:42,(anonymous_3)
FN:47,(anonymous_4)
FN:48,(anonymous_5)
FN:57,(anonymous_6)
FN:67,(anonymous_7)
FNF:8
FNH:8
FNDA:4,(anonymous_0)
FNDA:244,(anonymous_1)
FNDA:61,(anonymous_2)
FNDA:82,(anonymous_3)
FNDA:14,(anonymous_4)
FNDA:9,(anonymous_5)
FNDA:41,(anonymous_6)
FNDA:41,(anonymous_7)
DA:9,1
DA:10,1
DA:11,4
DA:28,1
DA:29,244
DA:30,84
DA:33,1
DA:34,61
DA:42,1
DA:43,82
DA:44,6
DA:46,6
DA:47,14
DA:48,9
DA:50,6
DA:51,2
DA:54,4
DA:57,1
DA:60,41
DA:61,6
DA:62,5
DA:63,4
DA:64,2
DA:67,1
DA:71,41
DA:72,41
DA:74,41
DA:75,41
DA:76,41
DA:77,41
DA:78,41
DA:79,41
DA:80,41
DA:82,41
DA:83,41
DA:85,41
DA:86,41
DA:87,41
DA:89,41
DA:90,38
DA:93,41
DA:94,38
DA:97,41
DA:98,39
DA:101,41
DA:102,38
DA:103,4
DA:107,41
DA:108,1
DA:111,41
DA:112,4
DA:117,2
DA:121,41
DA:126,1
DA:129,41
DA:130,1
DA:133,41
DA:134,2
DA:137,41
DA:138,5
DA:139,1
DA:143,41
DA:144,17
DA:147,24
DA:149,24
DA:150,22
DA:151,22
DA:152,22
DA:153,22
DA:155,2
DA:156,2
DA:157,2
DA:158,2
DA:161,24
DA:162,24
DA:163,3
DA:166,24
DA:167,24
DA:168,24
DA:169,24
DA:170,24
DA:171,24
DA:173,24
LF:83
LH:83
BRDA:11,0,0,4
BRDA:11,0,1,2
BRDA:29,1,0,160
BRDA:29,1,1,84
BRDA:35,2,0,61
BRDA:35,2,1,59
BRDA:35,2,2,57
BRDA:35,2,3,6
BRDA:43,3,0,76
BRDA:43,3,1,6
BRDA:43,4,0,82
BRDA:43,4,1,80
BRDA:44,5,0,0
BRDA:44,5,1,6
BRDA:50,6,0,2
BRDA:50,6,1,4
BRDA:60,7,0,35
BRDA:60,7,1,6
BRDA:61,8,0,1
BRDA:61,8,1,5
BRDA:62,9,0,1
BRDA:62,9,1,4
BRDA:63,10,0,2
BRDA:63,10,1,2
BRDA:63,11,0,4
BRDA:63,11,1,3
BRDA:69,12,0,38
BRDA:71,13,0,41
BRDA:71,13,1,0
BRDA:71,14,0,41
BRDA:71,14,1,41
BRDA:76,15,0,1
BRDA:76,15,1,40
BRDA:80,16,0,0
BRDA:80,16,1,41
BRDA:82,17,0,1
BRDA:82,17,1,40
BRDA:83,18,0,0
BRDA:83,18,1,41
BRDA:89,19,0,38
BRDA:89,19,1,3
BRDA:89,20,0,41
BRDA:89,20,1,3
BRDA:90,21,0,2
BRDA:90,21,1,36
BRDA:93,22,0,38
BRDA:93,22,1,3
BRDA:93,23,0,41
BRDA:93,23,1,3
BRDA:94,24,0,2
BRDA:94,24,1,36
BRDA:97,25,0,39
BRDA:97,25,1,2
BRDA:97,26,0,41
BRDA:97,26,1,3
BRDA:98,27,0,4
BRDA:98,27,1,35
BRDA:101,28,0,38
BRDA:101,28,1,3
BRDA:101,29,0,41
BRDA:101,29,1,3
BRDA:102,30,0,4
BRDA:102,30,1,34
BRDA:102,31,0,38
BRDA:102,31,1,36
BRDA:102,31,2,35
BRDA:107,32,0,1
BRDA:107,32,1,40
BRDA:107,33,0,41
BRDA:107,33,1,5
BRDA:107,33,2,4
BRDA:111,34,0,4
BRDA:111,34,1,37
BRDA:111,35,0,41
BRDA:111,35,1,5
BRDA:112,36,0,2
BRDA:112,36,1,2
BRDA:113,37,0,4
BRDA:113,37,1,4
BRDA:113,37,2,3
BRDA:121,38,0,1
BRDA:121,38,1,40
BRDA:122,39,0,41
BRDA:122,39,1,4
BRDA:122,39,2,2
BRDA:129,40,0,1
BRDA:129,40,1,40
BRDA:129,41,0,41
BRDA:129,41,1,4
BRDA:129,41,2,2
BRDA:133,42,0,2
BRDA:133,42,1,39
BRDA:133,43,0,41
BRDA:133,43,1,6
BRDA:137,44,0,5
BRDA:137,44,1,36
BRDA:138,45,0,1
BRDA:138,45,1,4
BRDA:138,46,0,5
BRDA:138,46,1,4
BRDA:143,47,0,17
BRDA:143,47,1,24
BRDA:149,48,0,22
BRDA:149,48,1,2
BRDA:151,49,0,22
BRDA:151,49,1,0
BRDA:152,50,0,22
BRDA:152,50,1,0
BRDA:155,51,0,0
BRDA:155,51,1,2
BRDA:156,52,0,0
BRDA:156,52,1,2
BRDA:157,53,0,0
BRDA:157,53,1,2
BRDA:158,54,0,0
BRDA:158,54,1,2
BRDA:161,55,0,4
BRDA:161,55,1,20
BRDA:162,56,0,3
BRDA:162,56,1,21
BRDA:164,57,0,1
BRDA:164,57,1,2
BRDA:166,58,0,3
BRDA:166,58,1,21
BRDA:167,59,0,1
BRDA:167,59,1,23
BRDA:168,60,0,4
BRDA:168,60,1,20
BRDA:169,61,0,3
BRDA:169,61,1,21
BRDA:170,62,0,4
BRDA:170,62,1,20
BRDA:171,63,0,1
BRDA:171,63,1,23
BRF:134
BRH:124
end_of_record
TN:
SF:src/application/common/app-error.ts
FN:5,(anonymous_0)
FNF:1
FNH:1
FNDA:78,(anonymous_0)
DA:1,6
DA:6,78
DA:7,78
DA:8,78
LF:4
LH:4
BRDA:6,0,0,77
BRDA:6,0,1,1
BRDA:6,1,0,78
BRDA:6,1,1,78
BRF:4
BRH:4
end_of_record
TN:
SF:src/application/courses/course-access-service.ts
FN:21,(anonymous_7)
FN:27,(anonymous_8)
FN:33,(anonymous_9)
FN:47,(anonymous_10)
FN:89,(anonymous_11)
FN:93,(anonymous_12)
FN:107,(anonymous_13)
FNF:7
FNH:7
FNDA:16,(anonymous_7)
FNDA:4,(anonymous_8)
FNDA:13,(anonymous_9)
FNDA:8,(anonymous_10)
FNDA:4,(anonymous_11)
FNDA:4,(anonymous_12)
FNDA:3,(anonymous_13)
DA:1,1
DA:2,1
DA:3,1
DA:21,1
DA:22,16
DA:23,1
DA:24,1
DA:27,1
DA:28,4
DA:29,3
DA:30,2
DA:33,1
DA:36,13
DA:41,4
DA:44,9
DA:47,1
DA:51,8
DA:53,8
DA:54,1
DA:57,8
DA:58,1
DA:59,7
DA:60,1
DA:63,8
DA:64,8
DA:65,1
DA:68,8
DA:69,8
DA:70,1
DA:73,8
DA:74,8
DA:75,0
DA:83,0
DA:86,8
DA:89,1
DA:93,4
DA:94,4
DA:96,4
DA:97,1
DA:100,3
DA:101,1
DA:104,2
DA:107,1
DA:108,3
DA:109,2
LF:45
LH:43
BRDA:22,0,0,15
BRDA:22,0,1,1
BRDA:24,1,0,1
BRDA:24,1,1,0
BRDA:28,2,0,1
BRDA:28,2,1,3
BRDA:29,3,0,1
BRDA:29,3,1,2
BRDA:36,4,0,4
BRDA:36,4,1,9
BRDA:37,5,0,13
BRDA:37,5,1,11
BRDA:37,5,2,10
BRDA:53,6,0,1
BRDA:53,6,1,7
BRDA:57,7,0,1
BRDA:57,7,1,7
BRDA:59,8,0,1
BRDA:59,8,1,6
BRDA:64,9,0,1
BRDA:64,9,1,7
BRDA:69,10,0,1
BRDA:69,10,1,7
BRDA:74,11,0,0
BRDA:74,11,1,8
BRDA:96,12,0,1
BRDA:96,12,1,3
BRDA:100,13,0,1
BRDA:100,13,1,2
BRDA:100,14,0,3
BRDA:100,14,1,2
BRDA:108,15,0,2
BRDA:108,15,1,1
BRF:33
BRH:31
end_of_record
TN:
SF:src/application/courses/course-validation.ts
FN:6,(anonymous_0)
FN:21,(anonymous_1)
FN:26,(anonymous_2)
FN:30,(anonymous_3)
FN:31,(anonymous_4)
FN:32,(anonymous_5)
FN:37,(anonymous_6)
FN:44,(anonymous_7)
FN:50,(anonymous_8)
FNF:9
FNH:9
FNDA:33,(anonymous_0)
FNDA:259,(anonymous_1)
FNDA:37,(anonymous_2)
FNDA:101,(anonymous_3)
FNDA:101,(anonymous_4)
FNDA:101,(anonymous_5)
FNDA:37,(anonymous_6)
FNDA:54,(anonymous_7)
FNDA:37,(anonymous_8)
DA:4,1
DA:5,1
DA:6,33
DA:21,1
DA:22,259
DA:23,240
DA:26,1
DA:27,37
DA:29,33
DA:30,101
DA:31,101
DA:32,101
DA:34,33
DA:37,1
DA:38,37
DA:39,3
DA:40,2
DA:41,1
DA:44,1
DA:45,54
DA:50,1
DA:54,37
DA:55,37
DA:57,37
DA:58,37
DA:59,37
DA:60,37
DA:61,37
DA:62,37
DA:63,37
DA:65,37
DA:67,37
DA:72,37
DA:73,37
DA:75,37
DA:76,36
DA:79,37
DA:80,34
DA:83,37
DA:84,34
DA:85,1
DA:89,37
DA:90,34
DA:91,1
DA:92,33
DA:93,1
DA:97,37
DA:98,34
DA:101,37
DA:102,34
DA:105,37
DA:106,34
DA:111,4
DA:115,37
DA:116,34
DA:119,37
DA:120,34
DA:121,1
DA:122,33
DA:123,1
DA:127,37
DA:128,1
DA:131,37
DA:132,17
DA:135,20
DA:139,20
LF:66
LH:66
BRDA:6,0,0,33
BRDA:6,0,1,3
BRDA:22,1,0,19
BRDA:22,1,1,240
BRDA:27,2,0,4
BRDA:27,2,1,33
BRDA:38,3,0,34
BRDA:38,3,1,3
BRDA:39,4,0,1
BRDA:39,4,1,2
BRDA:40,5,0,1
BRDA:40,5,1,1
BRDA:40,6,0,2
BRDA:40,6,1,1
BRDA:46,7,0,54
BRDA:46,7,1,7
BRDA:46,7,2,5
BRDA:52,8,0,34
BRDA:54,9,0,37
BRDA:54,9,1,0
BRDA:54,10,0,37
BRDA:54,10,1,37
BRDA:67,11,0,32
BRDA:67,11,1,5
BRDA:67,12,0,37
BRDA:67,12,1,33
BRDA:75,13,0,36
BRDA:75,13,1,1
BRDA:75,14,0,37
BRDA:75,14,1,3
BRDA:76,15,0,3
BRDA:76,15,1,33
BRDA:79,16,0,34
BRDA:79,16,1,3
BRDA:79,17,0,37
BRDA:79,17,1,3
BRDA:80,18,0,1
BRDA:80,18,1,33
BRDA:83,19,0,34
BRDA:83,19,1,3
BRDA:83,20,0,37
BRDA:83,20,1,3
BRDA:84,21,0,1
BRDA:84,21,1,33
BRDA:89,22,0,34
BRDA:89,22,1,3
BRDA:89,23,0,37
BRDA:89,23,1,3
BRDA:90,24,0,1
BRDA:90,24,1,33
BRDA:92,25,0,1
BRDA:92,25,1,32
BRDA:97,26,0,34
BRDA:97,26,1,3
BRDA:97,27,0,37
BRDA:97,27,1,3
BRDA:98,28,0,1
BRDA:98,28,1,33
BRDA:101,29,0,34
BRDA:101,29,1,3
BRDA:101,30,0,37
BRDA:101,30,1,3
BRDA:102,31,0,1
BRDA:102,31,1,33
BRDA:105,32,0,34
BRDA:105,32,1,3
BRDA:105,33,0,37
BRDA:105,33,1,3
BRDA:106,34,0,4
BRDA:106,34,1,30
BRDA:107,35,0,34
BRDA:107,35,1,32
BRDA:107,35,2,31
BRDA:115,36,0,34
BRDA:115,36,1,3
BRDA:115,37,0,37
BRDA:115,37,1,3
BRDA:116,38,0,1
BRDA:116,38,1,33
BRDA:119,39,0,34
BRDA:119,39,1,3
BRDA:119,40,0,37
BRDA:119,40,1,3
BRDA:120,41,0,1
BRDA:120,41,1,33
BRDA:122,42,0,1
BRDA:122,42,1,32
BRDA:127,43,0,1
BRDA:127,43,1,36
BRDA:127,44,0,37
BRDA:127,44,1,3
BRDA:131,45,0,17
BRDA:131,45,1,20
BRDA:135,46,0,18
BRDA:135,46,1,2
BRDA:147,47,0,2
BRDA:147,47,1,18
BRDA:150,48,0,18
BRDA:150,48,1,2
BRDA:150,49,0,20
BRDA:150,49,1,18
BRF:101
BRH:100
end_of_record
TN:
SF:src/application/email/email-service.ts
FN:8,(anonymous_7)
FNF:1
FNH:1
FNDA:2,(anonymous_7)
DA:1,1
DA:7,1
DA:9,2
LF:3
LH:3
BRF:0
BRH:0
end_of_record
TN:
SF:src/application/email/templates/email-verification-code.ts
FN:6,(anonymous_0)
FNF:1
FNH:1
FNDA:8,(anonymous_0)
DA:6,2
DA:10,8
DA:11,8
DA:13,8
LF:4
LH:4
BRDA:10,0,0,4
BRDA:10,0,1,4
BRDA:10,1,0,8
BRDA:10,1,1,8
BRDA:11,2,0,2
BRDA:11,2,1,6
BRF:6
BRH:6
end_of_record
TN:
SF:src/application/email/templates/password-reset-code.ts
FN:6,(anonymous_0)
FNF:1
FNH:1
FNDA:6,(anonymous_0)
DA:6,1
DA:10,6
DA:11,6
DA:13,6
LF:4
LH:4
BRDA:10,0,0,4
BRDA:10,0,1,2
BRDA:10,1,0,6
BRDA:10,1,1,6
BRDA:11,2,0,1
BRDA:11,2,1,5
BRF:6
BRH:6
end_of_record
TN:
SF:src/application/email/templates/registration-approved.ts
FN:5,(anonymous_0)
FNF:1
FNH:1
FNDA:7,(anonymous_0)
DA:5,2
DA:8,7
DA:9,7
DA:11,7
LF:4
LH:4
BRDA:8,0,0,3
BRDA:8,0,1,4
BRDA:8,1,0,7
BRDA:8,1,1,7
BRDA:9,2,0,2
BRDA:9,2,1,5
BRF:6
BRH:6
end_of_record
TN:
SF:src/application/institutions/institution-validation.ts
FN:19,(anonymous_0)
FN:24,(anonymous_1)
FN:28,(anonymous_2)
FNF:3
FNH:3
FNDA:60,(anonymous_0)
FNDA:40,(anonymous_1)
FNDA:20,(anonymous_2)
DA:17,1
DA:19,1
DA:20,60
DA:21,32
DA:24,1
DA:25,40
DA:28,1
DA:35,20
DA:37,20
DA:38,20
DA:39,20
DA:40,20
DA:42,20
DA:43,20
DA:44,20
DA:46,20
DA:47,20
DA:49,20
DA:51,20
DA:52,14
DA:53,3
DA:57,20
DA:58,14
DA:59,2
DA:60,12
DA:61,2
DA:65,20
DA:66,14
DA:70,1
DA:71,13
DA:72,1
DA:76,20
DA:81,1
DA:84,20
DA:85,20
DA:87,20
DA:92,1
DA:95,20
DA:96,10
DA:99,10
DA:104,10
DA:105,2
DA:108,10
DA:109,3
DA:112,10
DA:113,6
DA:115,6
DA:116,1
DA:119,6
DA:120,1
DA:123,6
DA:124,2
DA:125,1
DA:127,1
DA:131,6
DA:132,2
DA:135,6
DA:141,4
LF:58
LH:58
BRDA:20,0,0,28
BRDA:20,0,1,32
BRDA:30,1,0,12
BRDA:35,2,0,19
BRDA:35,2,1,1
BRDA:35,3,0,20
BRDA:35,3,1,19
BRDA:46,4,0,20
BRDA:46,4,1,6
BRDA:47,5,0,3
BRDA:47,5,1,17
BRDA:51,6,0,14
BRDA:51,6,1,6
BRDA:51,7,0,20
BRDA:51,7,1,8
BRDA:52,8,0,3
BRDA:52,8,1,11
BRDA:57,9,0,14
BRDA:57,9,1,6
BRDA:57,10,0,20
BRDA:57,10,1,8
BRDA:58,11,0,2
BRDA:58,11,1,12
BRDA:60,12,0,2
BRDA:60,12,1,10
BRDA:65,13,0,14
BRDA:65,13,1,6
BRDA:65,14,0,20
BRDA:65,14,1,8
BRDA:66,15,0,1
BRDA:66,15,1,13
BRDA:67,16,0,14
BRDA:67,16,1,5
BRDA:71,17,0,1
BRDA:71,17,1,12
BRDA:71,18,0,13
BRDA:71,18,1,4
BRDA:76,19,0,1
BRDA:76,19,1,19
BRDA:77,20,0,20
BRDA:77,20,1,8
BRDA:77,20,2,14
BRDA:77,20,3,4
BRDA:84,21,0,20
BRDA:84,21,1,8
BRDA:85,22,0,20
BRDA:85,22,1,16
BRDA:87,23,0,1
BRDA:87,23,1,19
BRDA:88,24,0,20
BRDA:88,24,1,12
BRDA:88,24,2,3
BRDA:95,25,0,10
BRDA:95,25,1,10
BRDA:104,26,0,2
BRDA:104,26,1,8
BRDA:108,27,0,3
BRDA:108,27,1,7
BRDA:112,28,0,6
BRDA:112,28,1,4
BRDA:115,29,0,1
BRDA:115,29,1,5
BRDA:119,30,0,1
BRDA:119,30,1,5
BRDA:123,31,0,2
BRDA:123,31,1,4
BRDA:124,32,0,1
BRDA:124,32,1,1
BRDA:131,33,0,2
BRDA:131,33,1,4
BRDA:131,34,0,6
BRDA:131,34,1,2
BRF:72
BRH:72
end_of_record
TN:
SF:src/application/media/media-access-service.ts
FN:10,(anonymous_0)
FNF:1
FNH:1
FNDA:7,(anonymous_0)
DA:10,1
DA:11,7
DA:12,2
DA:15,5
LF:4
LH:4
BRDA:11,0,0,2
BRDA:11,0,1,5
BRF:2
BRH:2
end_of_record
TN:
SF:src/application/media/media-metadata-service.ts
FN:11,(anonymous_7)
FN:11,(anonymous_8)
FN:27,(anonymous_9)
FN:27,(anonymous_10)
FNF:4
FNH:4
FNDA:2,(anonymous_7)
FNDA:2,(anonymous_8)
FNDA:2,(anonymous_9)
FNDA:2,(anonymous_10)
DA:1,1
DA:2,1
DA:11,2
DA:12,2
DA:14,2
DA:15,1
DA:18,1
DA:24,1
DA:27,2
DA:28,2
DA:30,2
DA:31,1
DA:34,1
LF:13
LH:13
BRDA:14,0,0,1
BRDA:14,0,1,1
BRDA:30,1,0,1
BRDA:30,1,1,1
BRF:4
BRH:4
end_of_record
TN:
SF:src/application/media/media-service.ts
FN:20,(anonymous_7)
FN:20,(anonymous_8)
FN:51,(anonymous_9)
FN:51,(anonymous_10)
FN:71,(anonymous_11)
FN:71,(anonymous_12)
FN:91,normalizeMediaAsset
FNF:7
FNH:7
FNDA:2,(anonymous_7)
FNDA:2,(anonymous_8)
FNDA:5,(anonymous_9)
FNDA:5,(anonymous_10)
FNDA:3,(anonymous_11)
FNDA:3,(anonymous_12)
FNDA:4,normalizeMediaAsset
DA:1,1
DA:2,1
DA:20,2
DA:21,2
DA:23,2
DA:36,2
DA:51,5
DA:52,5
DA:53,5
DA:54,5
DA:56,5
DA:63,5
DA:71,3
DA:72,3
DA:73,3
DA:74,3
DA:76,3
DA:83,3
DA:92,4
LF:19
LH:19
BRDA:53,0,0,1
BRDA:53,0,1,4
BRDA:54,1,0,1
BRDA:54,1,1,4
BRDA:73,2,0,1
BRDA:73,2,1,2
BRDA:74,3,0,1
BRDA:74,3,1,2
BRF:8
BRH:8
end_of_record
TN:
SF:src/application/media/media-validation.ts
FN:1,(anonymous_0)
FN:5,(anonymous_1)
FN:15,(anonymous_2)
FNF:3
FNH:3
FNDA:9,(anonymous_0)
FNDA:8,(anonymous_1)
FNDA:8,(anonymous_2)
DA:1,1
DA:2,9
DA:5,1
DA:6,8
DA:15,1
DA:21,8
DA:22,8
DA:24,8
DA:26,8
DA:28,8
DA:29,4
DA:32,8
DA:33,3
DA:36,8
DA:37,3
DA:40,8
DA:41,6
DA:44,2
LF:18
LH:18
BRDA:21,0,0,6
BRDA:21,0,1,2
BRDA:22,1,0,6
BRDA:22,1,1,2
BRDA:24,2,0,6
BRDA:24,2,1,2
BRDA:28,3,0,4
BRDA:28,3,1,4
BRDA:32,4,0,3
BRDA:32,4,1,5
BRDA:36,5,0,3
BRDA:36,5,1,5
BRDA:40,6,0,6
BRDA:40,6,1,2
BRF:14
BRH:14
end_of_record
TN:
SF:src/application/password-reset/password-reset-service.ts
FN:19,(anonymous_7)
FN:21,(anonymous_8)
FN:28,(anonymous_9)
FN:34,(anonymous_10)
FN:34,(anonymous_11)
FN:46,(anonymous_12)
FN:46,(anonymous_13)
FN:66,(anonymous_14)
FN:66,(anonymous_15)
FN:99,(anonymous_16)
FN:102,(anonymous_17)
FN:163,(anonymous_18)
FN:167,(anonymous_19)
FNF:13
FNH:13
FNDA:10,(anonymous_7)
FNDA:2,(anonymous_8)
FNDA:2,(anonymous_9)
FNDA:2,(anonymous_10)
FNDA:2,(anonymous_11)
FNDA:3,(anonymous_12)
FNDA:3,(anonymous_13)
FNDA:4,(anonymous_14)
FNDA:4,(anonymous_15)
FNDA:7,(anonymous_16)
FNDA:7,(anonymous_17)
FNDA:5,(anonymous_18)
FNDA:5,(anonymous_19)
DA:1,1
DA:2,1
DA:3,1
DA:4,1
DA:8,1
DA:9,1
DA:11,1
DA:12,1
DA:13,1
DA:14,1
DA:15,1
DA:17,1
DA:19,10
DA:21,1
DA:22,2
DA:28,1
DA:29,2
DA:30,2
DA:31,2
DA:34,2
DA:35,2
DA:46,3
DA:47,3
DA:48,3
DA:52,3
DA:61,3
DA:62,1
DA:66,4
DA:67,4
DA:68,4
DA:70,4
DA:71,1
DA:74,3
DA:75,2
DA:77,2
DA:78,2
DA:79,2
DA:81,2
DA:90,2
DA:99,1
DA:102,7
DA:103,7
DA:104,7
DA:106,7
DA:107,1
DA:110,6
DA:115,6
DA:116,1
DA:119,5
DA:120,1
DA:123,4
DA:124,0
DA:127,4
DA:128,1
DA:129,1
DA:132,3
DA:134,3
DA:135,2
DA:136,2
DA:138,2
DA:143,2
DA:144,1
DA:147,1
DA:155,1
DA:160,1
DA:163,1
DA:167,5
DA:168,5
DA:169,5
DA:171,5
DA:172,1
DA:175,4
DA:183,4
DA:184,1
DA:187,3
DA:189,3
DA:190,1
DA:198,2
DA:199,1
DA:207,1
DA:208,1
DA:209,1
DA:211,1
LF:83
LH:82
BRDA:61,0,0,1
BRDA:61,0,1,2
BRDA:70,1,0,1
BRDA:70,1,1,3
BRDA:106,2,0,1
BRDA:106,2,1,6
BRDA:115,3,0,1
BRDA:115,3,1,5
BRDA:119,4,0,1
BRDA:119,4,1,4
BRDA:123,5,0,0
BRDA:123,5,1,4
BRDA:127,6,0,1
BRDA:127,6,1,3
BRDA:134,7,0,2
BRDA:134,7,1,1
BRDA:140,8,0,1
BRDA:140,8,1,1
BRDA:143,9,0,1
BRDA:143,9,1,1
BRDA:171,10,0,1
BRDA:171,10,1,4
BRDA:183,11,0,1
BRDA:183,11,1,3
BRDA:189,12,0,1
BRDA:189,12,1,2
BRDA:198,13,0,1
BRDA:198,13,1,1
BRF:28
BRH:27
end_of_record
TN:
SF:src/application/registration/registration-service.ts
FN:41,(anonymous_8)
FN:50,(anonymous_9)
FN:55,(anonymous_10)
FN:88,(anonymous_11)
FN:91,(anonymous_12)
FN:92,(anonymous_13)
FN:92,(anonymous_14)
FN:188,(anonymous_15)
FN:188,(anonymous_16)
FN:206,(anonymous_17)
FN:206,(anonymous_18)
FN:264,(anonymous_19)
FN:266,(anonymous_20)
FN:280,(anonymous_21)
FN:305,(anonymous_22)
FN:305,(anonymous_23)
FN:327,(anonymous_24)
FN:342,(anonymous_25)
FN:348,(anonymous_26)
FN:366,(anonymous_27)
FN:369,(anonymous_28)
FN:389,(anonymous_29)
FN:392,(anonymous_30)
FN:393,(anonymous_31)
FN:393,(anonymous_32)
FN:429,(anonymous_33)
FN:429,(anonymous_34)
FN:465,(anonymous_35)
FN:471,(anonymous_36)
FN:472,(anonymous_37)
FN:472,(anonymous_38)
FN:509,(anonymous_39)
FN:512,(anonymous_40)
FN:533,(anonymous_41)
FN:537,(anonymous_42)
FN:551,(anonymous_43)
FN:551,(anonymous_44)
FN:552,(anonymous_45)
FN:552,(anonymous_46)
FN:582,(anonymous_47)
FNF:40
FNH:40
FNDA:9,(anonymous_8)
FNDA:3,(anonymous_9)
FNDA:3,(anonymous_10)
FNDA:4,(anonymous_11)
FNDA:4,(anonymous_12)
FNDA:4,(anonymous_13)
FNDA:4,(anonymous_14)
FNDA:3,(anonymous_15)
FNDA:3,(anonymous_16)
FNDA:7,(anonymous_17)
FNDA:7,(anonymous_18)
FNDA:3,(anonymous_19)
FNDA:3,(anonymous_20)
FNDA:2,(anonymous_21)
FNDA:3,(anonymous_22)
FNDA:3,(anonymous_23)
FNDA:2,(anonymous_24)
FNDA:1,(anonymous_25)
FNDA:2,(anonymous_26)
FNDA:6,(anonymous_27)
FNDA:6,(anonymous_28)
FNDA:5,(anonymous_29)
FNDA:5,(anonymous_30)
FNDA:5,(anonymous_31)
FNDA:5,(anonymous_32)
FNDA:4,(anonymous_33)
FNDA:4,(anonymous_34)
FNDA:8,(anonymous_35)
FNDA:8,(anonymous_36)
FNDA:8,(anonymous_37)
FNDA:8,(anonymous_38)
FNDA:4,(anonymous_39)
FNDA:4,(anonymous_40)
FNDA:4,(anonymous_41)
FNDA:4,(anonymous_42)
FNDA:2,(anonymous_43)
FNDA:2,(anonymous_44)
FNDA:2,(anonymous_45)
FNDA:2,(anonymous_46)
FNDA:3,(anonymous_47)
DA:1,1
DA:2,1
DA:3,1
DA:4,1
DA:8,1
DA:12,1
DA:18,1
DA:19,1
DA:20,1
DA:25,1
DA:31,1
DA:32,1
DA:39,1
DA:41,1
DA:45,9
DA:46,5
DA:50,1
DA:55,3
DA:56,3
DA:58,3
DA:66,3
DA:67,2
DA:70,1
DA:72,1
DA:82,1
DA:88,1
DA:91,4
DA:92,4
DA:93,4
DA:95,4
DA:96,1
DA:99,3
DA:104,2
DA:109,2
DA:110,1
DA:112,1
DA:121,2
DA:122,2
DA:124,2
DA:125,1
DA:127,1
DA:134,1
DA:145,1
DA:152,1
DA:158,2
DA:159,1
DA:164,1
DA:165,1
DA:171,0
DA:178,2
DA:188,3
DA:189,3
DA:191,3
DA:192,1
DA:195,2
DA:200,2
DA:206,7
DA:207,7
DA:208,7
DA:210,7
DA:211,2
DA:214,5
DA:215,5
DA:216,5
DA:218,1
DA:221,4
DA:222,1
DA:225,3
DA:226,1
DA:233,2
DA:234,1
DA:237,1
DA:239,1
DA:248,1
DA:250,1
DA:264,1
DA:266,3
DA:267,3
DA:269,3
DA:280,3
DA:281,2
DA:284,2
DA:305,3
DA:306,3
DA:327,3
DA:330,3
DA:341,3
DA:342,3
DA:343,1
DA:344,1
DA:348,3
DA:349,2
DA:353,2
DA:366,1
DA:369,6
DA:370,6
DA:371,2
DA:374,4
DA:376,4
DA:377,2
DA:380,2
DA:381,2
DA:383,2
DA:389,1
DA:392,5
DA:393,5
DA:394,5
DA:395,2
DA:398,3
DA:400,3
DA:401,2
DA:404,1
DA:411,1
DA:416,1
DA:421,1
DA:423,1
DA:429,4
DA:430,4
DA:446,4
DA:447,2
DA:450,2
DA:454,2
DA:465,1
DA:471,8
DA:472,8
DA:473,8
DA:475,8
DA:476,2
DA:479,6
DA:484,2
DA:486,2
DA:488,2
DA:499,2
DA:509,1
DA:512,4
DA:513,4
DA:514,1
DA:518,1
DA:519,1
DA:525,0
DA:528,1
DA:533,1
DA:537,4
DA:538,4
DA:546,1
DA:551,2
DA:552,2
DA:553,2
DA:555,2
DA:556,1
DA:559,1
DA:566,1
DA:571,1
DA:576,1
DA:578,1
DA:582,1
DA:583,3
DA:584,2
LF:158
LH:156
BRDA:45,0,0,5
BRDA:45,0,1,4
BRDA:66,1,0,2
BRDA:66,1,1,1
BRDA:95,2,0,1
BRDA:95,2,1,3
BRDA:109,3,0,1
BRDA:109,3,1,1
BRDA:124,4,0,1
BRDA:124,4,1,1
BRDA:158,5,0,1
BRDA:158,5,1,1
BRDA:180,6,0,1
BRDA:180,6,1,1
BRDA:191,7,0,1
BRDA:191,7,1,2
BRDA:202,8,0,1
BRDA:202,8,1,1
BRDA:202,9,0,2
BRDA:202,9,1,2
BRDA:202,10,0,1
BRDA:202,10,1,1
BRDA:202,11,0,2
BRDA:202,11,1,1
BRDA:210,12,0,2
BRDA:210,12,1,5
BRDA:221,13,0,1
BRDA:221,13,1,3
BRDA:225,14,0,1
BRDA:225,14,1,2
BRDA:233,15,0,1
BRDA:233,15,1,1
BRDA:267,16,0,1
BRDA:267,16,1,2
BRDA:291,17,0,1
BRDA:291,17,1,1
BRDA:330,18,0,2
BRDA:330,18,1,1
BRDA:343,19,0,1
BRDA:343,19,1,0
BRDA:360,20,0,1
BRDA:360,20,1,1
BRDA:360,21,0,2
BRDA:360,21,1,2
BRDA:360,22,0,1
BRDA:360,22,1,1
BRDA:360,23,0,2
BRDA:360,23,1,2
BRDA:361,24,0,1
BRDA:361,24,1,1
BRDA:361,25,0,2
BRDA:361,25,1,2
BRDA:370,26,0,2
BRDA:370,26,1,4
BRDA:376,27,0,2
BRDA:376,27,1,2
BRDA:380,28,0,1
BRDA:380,28,1,1
BRDA:394,29,0,2
BRDA:394,29,1,3
BRDA:400,30,0,2
BRDA:400,30,1,1
BRDA:446,31,0,2
BRDA:446,31,1,2
BRDA:459,32,0,1
BRDA:459,32,1,1
BRDA:459,33,0,2
BRDA:459,33,1,2
BRDA:459,34,0,1
BRDA:459,34,1,1
BRDA:459,35,0,2
BRDA:459,35,1,2
BRDA:460,36,0,1
BRDA:460,36,1,1
BRDA:460,37,0,2
BRDA:460,37,1,2
BRDA:460,38,0,1
BRDA:460,38,1,1
BRDA:460,39,0,2
BRDA:460,39,1,2
BRDA:461,40,0,1
BRDA:461,40,1,1
BRDA:461,41,0,2
BRDA:461,41,1,2
BRDA:461,42,0,1
BRDA:461,42,1,1
BRDA:461,43,0,2
BRDA:461,43,1,2
BRDA:475,44,0,2
BRDA:475,44,1,6
BRDA:484,45,0,1
BRDA:484,45,1,1
BRDA:493,46,0,1
BRDA:493,46,1,1
BRDA:493,47,0,2
BRDA:493,47,1,2
BRDA:494,48,0,1
BRDA:494,48,1,1
BRDA:494,49,0,2
BRDA:494,49,1,2
BRDA:555,50,0,1
BRDA:555,50,1,1
BRDA:583,51,0,2
BRDA:583,51,1,1
BRF:104
BRH:103
end_of_record
TN:
SF:src/application/registration/registration-validation.ts
FN:31,(anonymous_0)
FN:36,(anonymous_1)
FN:38,(anonymous_2)
FN:77,(anonymous_3)
FN:123,(anonymous_4)
FN:145,(anonymous_5)
FNF:6
FNH:6
FNDA:148,(anonymous_0)
FNDA:29,(anonymous_1)
FNDA:18,(anonymous_2)
FNDA:12,(anonymous_3)
FNDA:6,(anonymous_4)
FNDA:5,(anonymous_5)
DA:22,3
DA:23,3
DA:25,3
DA:31,3
DA:32,148
DA:33,114
DA:36,29
DA:38,3
DA:41,18
DA:43,18
DA:44,18
DA:45,18
DA:46,18
DA:47,18
DA:49,18
DA:51,18
DA:52,18
DA:53,18
DA:54,18
DA:55,6
DA:57,18
DA:58,6
DA:61,18
DA:62,13
DA:65,5
DA:77,3
DA:80,12
DA:82,12
DA:83,12
DA:84,12
DA:86,12
DA:88,12
DA:92,4
DA:95,12
DA:99,4
DA:102,12
DA:106,4
DA:109,12
DA:110,8
DA:113,4
DA:123,3
DA:126,6
DA:128,6
DA:129,6
DA:130,6
DA:132,6
DA:133,6
DA:135,6
DA:136,4
DA:139,2
DA:145,3
DA:148,5
DA:149,5
DA:150,5
DA:151,5
DA:153,5
DA:154,2
DA:157,5
DA:158,2
DA:161,3
LF:60
LH:60
BRDA:32,0,0,34
BRDA:32,0,1,114
BRDA:41,1,0,16
BRDA:41,1,1,2
BRDA:41,2,0,18
BRDA:41,2,1,17
BRDA:51,3,0,5
BRDA:51,3,1,13
BRDA:52,4,0,5
BRDA:52,4,1,13
BRDA:53,5,0,7
BRDA:53,5,1,11
BRDA:53,6,0,18
BRDA:53,6,1,14
BRDA:54,7,0,6
BRDA:54,7,1,12
BRDA:54,8,0,18
BRDA:54,8,1,14
BRDA:57,9,0,6
BRDA:57,9,1,12
BRDA:57,10,0,18
BRDA:57,10,1,13
BRDA:61,11,0,13
BRDA:61,11,1,5
BRDA:80,12,0,11
BRDA:80,12,1,1
BRDA:80,13,0,12
BRDA:80,13,1,11
BRDA:88,14,0,4
BRDA:88,14,1,8
BRDA:89,15,0,12
BRDA:89,15,1,9
BRDA:95,16,0,4
BRDA:95,16,1,8
BRDA:96,17,0,12
BRDA:96,17,1,9
BRDA:102,18,0,4
BRDA:102,18,1,8
BRDA:103,19,0,12
BRDA:103,19,1,9
BRDA:109,20,0,8
BRDA:109,20,1,4
BRDA:126,21,0,6
BRDA:126,21,1,0
BRDA:126,22,0,6
BRDA:126,22,1,6
BRDA:132,23,0,3
BRDA:132,23,1,3
BRDA:132,24,0,6
BRDA:132,24,1,4
BRDA:133,25,0,2
BRDA:133,25,1,4
BRDA:135,26,0,4
BRDA:135,26,1,2
BRDA:148,27,0,5
BRDA:148,27,1,0
BRDA:148,28,0,5
BRDA:148,28,1,5
BRDA:153,29,0,2
BRDA:153,29,1,3
BRDA:157,30,0,2
BRDA:157,30,1,3
BRDA:162,31,0,1
BRDA:162,31,1,2
BRF:64
BRH:62
end_of_record
TN:
SF:src/application/tags/tag-validation.ts
FN:9,(anonymous_0)
FN:14,(anonymous_1)
FN:25,(anonymous_2)
FN:69,(anonymous_3)
FN:80,(anonymous_4)
FNF:5
FNH:5
FNDA:26,(anonymous_0)
FNDA:4,(anonymous_1)
FNDA:13,(anonymous_2)
FNDA:5,(anonymous_3)
FNDA:6,(anonymous_4)
DA:9,1
DA:10,26
DA:11,12
DA:14,1
DA:15,4
DA:23,1
DA:25,1
DA:29,13
DA:30,13
DA:32,13
DA:33,13
DA:34,13
DA:36,13
DA:37,12
DA:38,6
DA:42,13
DA:43,1
DA:46,13
DA:47,1
DA:50,13
DA:51,8
DA:54,5
DA:58,5
DA:59,2
DA:62,5
DA:63,1
DA:66,5
DA:69,1
DA:72,5
DA:74,5
DA:75,1
DA:76,1
DA:79,4
DA:80,6
DA:83,4
DA:84,2
DA:85,2
DA:88,2
LF:38
LH:38
BRDA:10,0,0,14
BRDA:10,0,1,12
BRDA:27,1,0,11
BRDA:29,2,0,11
BRDA:29,2,1,2
BRDA:29,3,0,13
BRDA:29,3,1,12
BRDA:36,4,0,12
BRDA:36,4,1,1
BRDA:36,5,0,13
BRDA:36,5,1,2
BRDA:37,6,0,6
BRDA:37,6,1,6
BRDA:42,7,0,1
BRDA:42,7,1,12
BRDA:42,8,0,13
BRDA:42,8,1,3
BRDA:46,9,0,1
BRDA:46,9,1,12
BRDA:46,10,0,13
BRDA:46,10,1,2
BRDA:50,11,0,8
BRDA:50,11,1,5
BRDA:58,12,0,2
BRDA:58,12,1,3
BRDA:62,13,0,1
BRDA:62,13,1,4
BRDA:74,14,0,1
BRDA:74,14,1,4
BRDA:83,15,0,2
BRDA:83,15,1,2
BRF:31
BRH:31
end_of_record
TN:
SF:src/application/verification/email-verification-service.ts
FN:25,(anonymous_7)
FN:27,(anonymous_8)
FN:31,(anonymous_9)
FN:36,(anonymous_10)
FN:43,(anonymous_11)
FN:49,(anonymous_12)
FN:52,(anonymous_13)
FN:67,(anonymous_14)
FN:67,(anonymous_15)
FN:87,(anonymous_16)
FN:87,(anonymous_17)
FN:115,(anonymous_18)
FN:115,(anonymous_19)
FN:131,(anonymous_20)
FN:134,(anonymous_21)
FN:159,(anonymous_22)
FN:159,(anonymous_23)
FN:180,(anonymous_24)
FN:183,(anonymous_25)
FN:184,(anonymous_26)
FN:184,(anonymous_27)
FNF:21
FNH:21
FNDA:15,(anonymous_7)
FNDA:10,(anonymous_8)
FNDA:6,(anonymous_9)
FNDA:2,(anonymous_10)
FNDA:2,(anonymous_11)
FNDA:2,(anonymous_12)
FNDA:2,(anonymous_13)
FNDA:3,(anonymous_14)
FNDA:3,(anonymous_15)
FNDA:2,(anonymous_16)
FNDA:2,(anonymous_17)
FNDA:4,(anonymous_18)
FNDA:4,(anonymous_19)
FNDA:2,(anonymous_20)
FNDA:2,(anonymous_21)
FNDA:7,(anonymous_22)
FNDA:7,(anonymous_23)
FNDA:18,(anonymous_24)
FNDA:18,(anonymous_25)
FNDA:18,(anonymous_26)
FNDA:18,(anonymous_27)
DA:1,1
DA:2,1
DA:3,1
DA:4,1
DA:8,1
DA:15,1
DA:16,1
DA:17,1
DA:18,1
DA:19,1
DA:20,1
DA:23,1
DA:25,15
DA:27,1
DA:28,10
DA:31,1
DA:32,6
DA:33,6
DA:36,1
DA:37,2
DA:43,1
DA:44,2
DA:45,2
DA:46,2
DA:49,1
DA:52,2
DA:53,2
DA:67,3
DA:68,3
DA:69,3
DA:73,3
DA:82,3
DA:83,2
DA:87,2
DA:88,2
DA:89,2
DA:94,2
DA:95,1
DA:98,1
DA:99,1
DA:101,1
DA:115,4
DA:116,4
DA:117,4
DA:118,1
DA:121,3
DA:128,3
DA:131,1
DA:134,2
DA:135,2
DA:136,2
DA:137,2
DA:139,2
DA:141,2
DA:153,2
DA:159,7
DA:160,7
DA:162,7
DA:163,2
DA:166,5
DA:167,2
DA:170,3
DA:172,1
DA:173,1
DA:180,1
DA:183,18
DA:184,18
DA:185,18
DA:187,18
DA:188,2
DA:191,16
DA:192,2
DA:195,14
DA:203,14
DA:204,2
DA:207,12
DA:208,2
DA:211,10
DA:212,2
DA:215,8
DA:216,2
DA:222,2
DA:225,6
DA:227,6
DA:228,4
DA:229,4
DA:231,4
DA:239,4
DA:240,2
DA:247,2
DA:250,2
DA:258,2
DA:259,2
DA:261,2
DA:269,2
DA:276,2
DA:287,2
LF:97
LH:97
BRDA:23,0,0,0
BRDA:23,0,1,1
BRDA:23,1,0,1
BRDA:23,1,1,1
BRDA:32,2,0,1
BRDA:82,3,0,2
BRDA:82,3,1,1
BRDA:94,4,0,1
BRDA:94,4,1,1
BRDA:117,5,0,1
BRDA:117,5,1,3
BRDA:162,6,0,2
BRDA:162,6,1,5
BRDA:166,7,0,2
BRDA:166,7,1,3
BRDA:187,8,0,2
BRDA:187,8,1,16
BRDA:191,9,0,2
BRDA:191,9,1,14
BRDA:203,10,0,2
BRDA:203,10,1,12
BRDA:207,11,0,2
BRDA:207,11,1,10
BRDA:211,12,0,2
BRDA:211,12,1,8
BRDA:215,13,0,2
BRDA:215,13,1,6
BRDA:227,14,0,4
BRDA:227,14,1,2
BRDA:234,15,0,2
BRDA:234,15,1,2
BRDA:239,16,0,2
BRDA:239,16,1,2
BRF:33
BRH:32
end_of_record
TN:
SF:src/application/verification/email-verification-validation.ts
FN:7,(anonymous_0)
FN:12,(anonymous_1)
FNF:2
FNH:2
FNDA:12,(anonymous_0)
FNDA:12,(anonymous_1)
DA:7,1
DA:8,12
DA:9,8
DA:12,1
DA:15,12
DA:16,12
DA:17,12
DA:19,12
DA:20,6
DA:21,6
DA:22,3
DA:25,12
DA:26,9
DA:29,3
LF:14
LH:14
BRDA:8,0,0,4
BRDA:8,0,1,8
BRDA:15,1,0,10
BRDA:15,1,1,2
BRDA:15,2,0,12
BRDA:15,2,1,11
BRDA:19,3,0,6
BRDA:19,3,1,6
BRDA:21,4,0,3
BRDA:21,4,1,3
BRDA:25,5,0,9
BRDA:25,5,1,3
BRF:12
BRH:12
end_of_record
TN:
SF:src/infrastructure/security/password-hasher.ts
FN:5,(anonymous_8)
FN:5,(anonymous_9)
FN:9,(anonymous_10)
FN:12,(anonymous_11)
FNF:4
FNH:4
FNDA:9,(anonymous_8)
FNDA:9,(anonymous_9)
FNDA:5,(anonymous_10)
FNDA:5,(anonymous_11)
DA:1,1
DA:3,1
DA:5,9
DA:6,9
DA:9,1
DA:12,5
DA:13,5
LF:7
LH:7
BRF:0
BRH:0
end_of_record
TN:
SF:src/interface/http/middlewares/auth-jwt.ts
FN:10,(anonymous_1)
FN:14,(anonymous_2)
FNF:2
FNH:2
FNDA:2,(anonymous_1)
FNDA:10,(anonymous_2)
DA:2,1
DA:3,1
DA:10,1
DA:11,2
DA:14,1
DA:19,10
DA:20,10
DA:24,10
DA:25,3
DA:28,7
DA:29,7
DA:30,7
DA:32,1
DA:35,6
DA:36,6
DA:38,5
DA:39,5
DA:41,5
DA:42,2
DA:45,3
DA:50,3
DA:52,1
LF:22
LH:22
BRDA:20,0,0,8
BRDA:20,0,1,2
BRDA:20,1,0,1
BRDA:20,1,1,9
BRDA:20,2,0,10
BRDA:20,2,1,10
BRDA:24,3,0,3
BRDA:24,3,1,7
BRDA:38,4,0,3
BRDA:38,4,1,2
BRDA:39,5,0,1
BRDA:39,5,1,4
BRDA:41,6,0,2
BRDA:41,6,1,3
BRF:14
BRH:14
end_of_record
TN:
SF:src/interface/http/middlewares/request-id.ts
FN:4,(anonymous_0)
FN:18,(anonymous_1)
FNF:2
FNH:2
FNDA:9,(anonymous_0)
FNDA:1,(anonymous_1)
DA:2,1
DA:4,1
DA:9,9
DA:10,9
DA:14,9
DA:15,9
DA:17,9
DA:18,9
DA:19,1
DA:20,1
DA:31,9
LF:11
LH:11
BRDA:10,0,0,1
BRDA:10,0,1,8
BRDA:10,1,0,9
BRDA:10,1,1,2
BRF:4
BRH:4
end_of_record
TN:
SF:src/interface/http/middlewares/require-https.ts
FN:3,(anonymous_0)
FNF:1
FNH:1
FNDA:6,(anonymous_0)
DA:3,1
DA:8,6
DA:9,2
DA:12,4
DA:13,2
DA:16,2
LF:6
LH:6
BRDA:8,0,0,2
BRDA:8,0,1,4
BRDA:12,1,0,2
BRDA:12,1,1,2
BRDA:12,2,0,4
BRDA:12,2,1,3
BRF:6
BRH:6
end_of_record
